#
# There is insufficient memory for the Java Runtime Environment to continue.
# Native memory allocation (mmap) failed to map 448790528 bytes for G1 virtual space
# Possible reasons:
#   The system is out of physical RAM or swap space
#   The process is running with CompressedOops enabled, and the Java Heap may be blocking the growth of the native heap
# Possible solutions:
#   Reduce memory load on the system
#   Increase physical memory or swap space
#   Check if swap backing store is full
#   Decrease Java heap size (-Xmx/-Xms)
#   Decrease number of Java threads
#   Decrease Java thread stack sizes (-Xss)
#   Set larger code cache with -XX:ReservedCodeCacheSize=
#   JVM is running with Zero Based Compressed Oops mode in which the Java heap is
#     placed in the first 32GB address space. The Java Heap base address is the
#     maximum limit for the native heap growth. Please use -XX:HeapBaseMinAddress
#     to set the Java Heap base and to place the Java Heap above 32GB virtual address.
# This output file may be truncated or incomplete.
#
#  Out of Memory Error (os_windows.cpp:3769), pid=4612, tid=17168
#
# JRE version: OpenJDK Runtime Environment (17.0.6) (build 17.0.6+0-b2043.56-9586694)
# Java VM: OpenJDK 64-Bit Server VM (17.0.6+0-b2043.56-9586694, mixed mode, tiered, compressed oops, compressed class ptrs, g1 gc, windows-amd64)
# No core dump will be written. Minidumps are not enabled by default on client versions of Windows
#

---------------  S U M M A R Y ------------

Command Line: --add-opens=java.base/java.util=ALL-UNNAMED --add-opens=java.base/java.lang=ALL-UNNAMED --add-opens=java.base/java.lang.invoke=ALL-UNNAMED --add-opens=java.prefs/java.util.prefs=ALL-UNNAMED --add-opens=java.base/java.nio.charset=ALL-UNNAMED --add-opens=java.base/java.net=ALL-UNNAMED --add-opens=java.base/java.util.concurrent.atomic=ALL-UNNAMED -Xmx4G -Dfile.encoding=windows-1252 -Duser.country=ID -Duser.language=en -Duser.variant org.gradle.launcher.daemon.bootstrap.GradleDaemon 7.6.3

Host: 11th Gen Intel(R) Core(TM) i3-1115G4 @ 3.00GHz, 4 cores, 3G,  Windows 11 , 64 bit Build 22621 (10.0.22621.3374)
Time: Tue Jun 11 12:47:12 2024 SE Asia Standard Time elapsed time: 208.810031 seconds (0d 0h 3m 28s)

---------------  T H R E A D  ---------------

Current thread (0x000001d72364b700):  VMThread "VM Thread" [stack: 0x000000bb6fe00000,0x000000bb6ff00000] [id=17168]

Stack: [0x000000bb6fe00000,0x000000bb6ff00000]
Native frames: (J=compiled Java code, j=interpreted, Vv=VM code, C=native code)
V  [jvm.dll+0x683b4a]
V  [jvm.dll+0x842654]
V  [jvm.dll+0x843dfe]
V  [jvm.dll+0x844463]
V  [jvm.dll+0x249b75]
V  [jvm.dll+0x680a19]
V  [jvm.dll+0x674f0a]
V  [jvm.dll+0x309acb]
V  [jvm.dll+0x310f86]
V  [jvm.dll+0x3608ee]
V  [jvm.dll+0x360b1f]
V  [jvm.dll+0x2dfbf8]
V  [jvm.dll+0x2ddec4]
V  [jvm.dll+0x2dd4cc]
V  [jvm.dll+0x321f3b]
V  [jvm.dll+0x84893b]
V  [jvm.dll+0x849674]
V  [jvm.dll+0x849b8d]
V  [jvm.dll+0x849f64]
V  [jvm.dll+0x84a030]
V  [jvm.dll+0x7f25fa]
V  [jvm.dll+0x682985]
C  [ucrtbase.dll+0x29333]
C  [KERNEL32.DLL+0x1257d]
C  [ntdll.dll+0x5aa48]

VM_Operation (0x000000bb730fb7d0): G1CollectForAllocation, mode: safepoint, requested by thread 0x000001d72683e220


---------------  P R O C E S S  ---------------

Threads class SMR info:
_java_thread_list=0x000001d7242920c0, length=93, elements={
0x000001d70358f510, 0x000001d72368b2d0, 0x000001d72368be80, 0x000001d7236d9f20,
0x000001d7236deae0, 0x000001d72403b750, 0x000001d72403e110, 0x000001d72403eea0,
0x000001d7240400e0, 0x000001d724045f20, 0x000001d7241c5020, 0x000001d7241cb910,
0x000001d725831f50, 0x000001d724c17e60, 0x000001d725b47020, 0x000001d7258f7b30,
0x000001d725bc7130, 0x000001d7258dc700, 0x000001d7258dcbd0, 0x000001d725973d20,
0x000001d725972eb0, 0x000001d725975a00, 0x000001d725975ed0, 0x000001d725975060,
0x000001d7259763a0, 0x000001d7259729e0, 0x000001d725973850, 0x000001d725973380,
0x000001d7259741f0, 0x000001d725975530, 0x000001d7259746c0, 0x000001d72683ebc0,
0x000001d72683d880, 0x000001d726842580, 0x000001d7268420b0, 0x000001d726842f20,
0x000001d7268433f0, 0x000001d726841be0, 0x000001d7268403d0, 0x000001d72683cee0,
0x000001d72683d3b0, 0x000001d72683dd50, 0x000001d72683f090, 0x000001d726840d70,
0x000001d72683e220, 0x000001d7268438c0, 0x000001d72683c070, 0x000001d72683e6f0,
0x000001d726841240, 0x000001d726841710, 0x000001d7272f3ed0, 0x000001d7272f6080,
0x000001d7272f3a00, 0x000001d7272f43a0, 0x000001d7272f4870, 0x000001d7272f4d40,
0x000001d7272f6550, 0x000001d7272f5bb0, 0x000001d7272f6a20, 0x000001d7272f3060,
0x000001d7272f3530, 0x000001d72a6c3a00, 0x000001d72a6c4d40, 0x000001d72a6c5210,
0x000001d72a6c8230, 0x000001d72a6c73c0, 0x000001d72a6c3ed0, 0x000001d72a6c8700,
0x000001d72a6c43a0, 0x000001d72a6c90a0, 0x000001d72a6c8bd0, 0x000001d72a6c56e0,
0x000001d72a6c9570, 0x000001d72a6c3060, 0x000001d72a6c7890, 0x000001d72a6c9f10,
0x000001d72a6c7d60, 0x000001d72a6c6550, 0x000001d72a6ca3e0, 0x000001d72a6c3530,
0x000001d72a6c9a40, 0x000001d72a6c5bb0, 0x000001d72a6c4870, 0x000001d72a6c6a20,
0x000001d72a6c6080, 0x000001d72a6ca8b0, 0x000001d72a6c6ef0, 0x000001d72934f550,
0x000001d72934fa20, 0x000001d72934ebb0, 0x000001d729350d60, 0x000001d729350890,
0x000001d72934bb90
}

Java Threads: ( => current thread )
  0x000001d70358f510 JavaThread "main" [_thread_blocked, id=13432, stack(0x000000bb6f800000,0x000000bb6f900000)]
  0x000001d72368b2d0 JavaThread "Reference Handler" daemon [_thread_blocked, id=10408, stack(0x000000bb6ff00000,0x000000bb70000000)]
  0x000001d72368be80 JavaThread "Finalizer" daemon [_thread_blocked, id=9060, stack(0x000000bb70000000,0x000000bb70100000)]
  0x000001d7236d9f20 JavaThread "Signal Dispatcher" daemon [_thread_blocked, id=424, stack(0x000000bb70100000,0x000000bb70200000)]
  0x000001d7236deae0 JavaThread "Attach Listener" daemon [_thread_blocked, id=17556, stack(0x000000bb70200000,0x000000bb70300000)]
  0x000001d72403b750 JavaThread "Service Thread" daemon [_thread_blocked, id=2260, stack(0x000000bb70300000,0x000000bb70400000)]
  0x000001d72403e110 JavaThread "Monitor Deflation Thread" daemon [_thread_blocked, id=8756, stack(0x000000bb70400000,0x000000bb70500000)]
  0x000001d72403eea0 JavaThread "C2 CompilerThread0" daemon [_thread_blocked, id=17856, stack(0x000000bb70500000,0x000000bb70600000)]
  0x000001d7240400e0 JavaThread "C1 CompilerThread0" daemon [_thread_blocked, id=17568, stack(0x000000bb70600000,0x000000bb70700000)]
  0x000001d724045f20 JavaThread "Sweeper thread" daemon [_thread_blocked, id=18000, stack(0x000000bb70700000,0x000000bb70800000)]
  0x000001d7241c5020 JavaThread "Common-Cleaner" daemon [_thread_blocked, id=8932, stack(0x000000bb70800000,0x000000bb70900000)]
  0x000001d7241cb910 JavaThread "Notification Thread" daemon [_thread_blocked, id=10064, stack(0x000000bb70900000,0x000000bb70a00000)]
  0x000001d725831f50 JavaThread "Daemon health stats" [_thread_blocked, id=3252, stack(0x000000bb70e00000,0x000000bb70f00000)]
  0x000001d724c17e60 JavaThread "Incoming local TCP Connector on port 63221" [_thread_in_native, id=11296, stack(0x000000bb70f00000,0x000000bb71000000)]
  0x000001d725b47020 JavaThread "Daemon periodic checks" [_thread_blocked, id=18224, stack(0x000000bb71000000,0x000000bb71100000)]
  0x000001d7258f7b30 JavaThread "Daemon" [_thread_blocked, id=8420, stack(0x000000bb71100000,0x000000bb71200000)]
  0x000001d725bc7130 JavaThread "Handler for socket connection from /127.0.0.1:63221 to /127.0.0.1:63222" [_thread_in_native, id=9392, stack(0x000000bb71200000,0x000000bb71300000)]
  0x000001d7258dc700 JavaThread "Cancel handler" [_thread_blocked, id=16232, stack(0x000000bb71300000,0x000000bb71400000)]
  0x000001d7258dcbd0 JavaThread "Daemon worker" [_thread_blocked, id=5676, stack(0x000000bb71400000,0x000000bb71500000)]
  0x000001d725973d20 JavaThread "Asynchronous log dispatcher for DefaultDaemonConnection: socket connection from /127.0.0.1:63221 to /127.0.0.1:63222" [_thread_blocked, id=17624, stack(0x000000bb71500000,0x000000bb71600000)]
  0x000001d725972eb0 JavaThread "Stdin handler" [_thread_blocked, id=6380, stack(0x000000bb71600000,0x000000bb71700000)]
  0x000001d725975a00 JavaThread "Daemon client event forwarder" [_thread_blocked, id=16792, stack(0x000000bb71700000,0x000000bb71800000)]
  0x000001d725975ed0 JavaThread "Cache worker for journal cache (C:\Users\HP 14\.gradle\caches\journal-1)" [_thread_blocked, id=14580, stack(0x000000bb71800000,0x000000bb71900000)]
  0x000001d725975060 JavaThread "File lock request listener" [_thread_in_native, id=3528, stack(0x000000bb71900000,0x000000bb71a00000)]
  0x000001d7259763a0 JavaThread "File lock release action executor" [_thread_blocked, id=18164, stack(0x000000bb71a00000,0x000000bb71b00000)]
  0x000001d7259729e0 JavaThread "Cache worker for file hash cache (C:\Users\HP 14\.gradle\caches\7.6.3\fileHashes)" [_thread_blocked, id=9940, stack(0x000000bb71b00000,0x000000bb71c00000)]
  0x000001d725973850 JavaThread "File watcher server" daemon [_thread_blocked, id=3660, stack(0x000000bb71c00000,0x000000bb71d00000)]
  0x000001d725973380 JavaThread "File watcher consumer" daemon [_thread_blocked, id=16388, stack(0x000000bb71d00000,0x000000bb71e00000)]
  0x000001d7259741f0 JavaThread "Cache worker for checksums cache (D:\aplikasi_jasa\android\.gradle\7.6.3\checksums)" [_thread_blocked, id=10484, stack(0x000000bb71e00000,0x000000bb71f00000)]
  0x000001d725975530 JavaThread "Cache worker for cache directory md-rule (C:\Users\HP 14\.gradle\caches\7.6.3\md-rule)" [_thread_blocked, id=8636, stack(0x000000bb71f00000,0x000000bb72000000)]
  0x000001d7259746c0 JavaThread "Cache worker for file content cache (C:\Users\HP 14\.gradle\caches\7.6.3\fileContent)" [_thread_blocked, id=3740, stack(0x000000bb72000000,0x000000bb72100000)]
  0x000001d72683ebc0 JavaThread "Cache worker for file hash cache (D:\aplikasi_jasa\android\.gradle\7.6.3\fileHashes)" [_thread_blocked, id=6824, stack(0x000000bb72100000,0x000000bb72200000)]
  0x000001d72683d880 JavaThread "Cache worker for cache directory md-supplier (C:\Users\HP 14\.gradle\caches\7.6.3\md-supplier)" [_thread_blocked, id=3160, stack(0x000000bb72200000,0x000000bb72300000)]
  0x000001d726842580 JavaThread "Cache worker for execution history cache (C:\Users\HP 14\.gradle\caches\7.6.3\executionHistory)" [_thread_blocked, id=16376, stack(0x000000bb72300000,0x000000bb72400000)]
  0x000001d7268420b0 JavaThread "jar transforms" [_thread_blocked, id=13072, stack(0x000000bb72400000,0x000000bb72500000)]
  0x000001d726842f20 JavaThread "Cache worker for kotlin-dsl (C:\Users\HP 14\.gradle\caches\7.6.3\kotlin-dsl)" [_thread_blocked, id=16044, stack(0x000000bb72500000,0x000000bb72600000)]
  0x000001d7268433f0 JavaThread "jar transforms Thread 2" [_thread_blocked, id=17452, stack(0x000000bb72600000,0x000000bb72700000)]
  0x000001d726841be0 JavaThread "Cache worker for dependencies-accessors (D:\aplikasi_jasa\android\.gradle\7.6.3\dependencies-accessors)" [_thread_blocked, id=17888, stack(0x000000bb72700000,0x000000bb72800000)]
  0x000001d7268403d0 JavaThread "Cache worker for Build Output Cleanup Cache (D:\SDK\flutter\packages\flutter_tools\gradle\.gradle\buildOutputCleanup)" [_thread_blocked, id=16620, stack(0x000000bb72800000,0x000000bb72900000)]
  0x000001d72683cee0 JavaThread "jar transforms Thread 3" [_thread_blocked, id=13336, stack(0x000000bb72900000,0x000000bb72a00000)]
  0x000001d72683d3b0 JavaThread "Memory manager" [_thread_blocked, id=12924, stack(0x000000bb72a00000,0x000000bb72b00000)]
  0x000001d72683dd50 JavaThread "jar transforms Thread 4" [_thread_blocked, id=17840, stack(0x000000bb72b00000,0x000000bb72c00000)]
  0x000001d72683f090 JavaThread "included builds" [_thread_blocked, id=5412, stack(0x000000bb72e00000,0x000000bb72f00000)]
  0x000001d726840d70 JavaThread "Execution worker" [_thread_blocked, id=9084, stack(0x000000bb72f00000,0x000000bb73000000)]
  0x000001d72683e220 JavaThread "Execution worker Thread 2" [_thread_blocked, id=17400, stack(0x000000bb73000000,0x000000bb73100000)]
  0x000001d7268438c0 JavaThread "Execution worker Thread 3" [_thread_blocked, id=8748, stack(0x000000bb73100000,0x000000bb73200000)]
  0x000001d72683c070 JavaThread "Cache worker for execution history cache (D:\SDK\flutter\packages\flutter_tools\gradle\.gradle\7.6.3\executionHistory)" [_thread_blocked, id=15988, stack(0x000000bb73200000,0x000000bb73300000)]
  0x000001d72683e6f0 JavaThread "Unconstrained build operations" [_thread_blocked, id=13828, stack(0x000000bb73300000,0x000000bb73400000)]
  0x000001d726841240 JavaThread "Unconstrained build operations Thread 2" [_thread_blocked, id=8716, stack(0x000000bb73400000,0x000000bb73500000)]
  0x000001d726841710 JavaThread "Unconstrained build operations Thread 3" [_thread_blocked, id=13952, stack(0x000000bb73500000,0x000000bb73600000)]
  0x000001d7272f3ed0 JavaThread "Unconstrained build operations Thread 4" [_thread_blocked, id=11812, stack(0x000000bb73600000,0x000000bb73700000)]
  0x000001d7272f6080 JavaThread "Unconstrained build operations Thread 5" [_thread_blocked, id=13448, stack(0x000000bb73700000,0x000000bb73800000)]
  0x000001d7272f3a00 JavaThread "Unconstrained build operations Thread 6" [_thread_blocked, id=17860, stack(0x000000bb73800000,0x000000bb73900000)]
  0x000001d7272f43a0 JavaThread "Unconstrained build operations Thread 7" [_thread_blocked, id=13044, stack(0x000000bb73900000,0x000000bb73a00000)]
  0x000001d7272f4870 JavaThread "Unconstrained build operations Thread 8" [_thread_blocked, id=16196, stack(0x000000bb73a00000,0x000000bb73b00000)]
  0x000001d7272f4d40 JavaThread "Unconstrained build operations Thread 9" [_thread_blocked, id=17844, stack(0x000000bb73b00000,0x000000bb73c00000)]
  0x000001d7272f6550 JavaThread "Unconstrained build operations Thread 10" [_thread_blocked, id=9116, stack(0x000000bb73c00000,0x000000bb73d00000)]
  0x000001d7272f5bb0 JavaThread "Unconstrained build operations Thread 11" [_thread_blocked, id=14916, stack(0x000000bb73d00000,0x000000bb73e00000)]
  0x000001d7272f6a20 JavaThread "Unconstrained build operations Thread 12" [_thread_blocked, id=17692, stack(0x000000bb73e00000,0x000000bb73f00000)]
  0x000001d7272f3060 JavaThread "Unconstrained build operations Thread 13" [_thread_blocked, id=18248, stack(0x000000bb73f00000,0x000000bb74000000)]
  0x000001d7272f3530 JavaThread "Unconstrained build operations Thread 14" [_thread_blocked, id=1544, stack(0x000000bb74000000,0x000000bb74100000)]
  0x000001d72a6c3a00 JavaThread "Unconstrained build operations Thread 15" [_thread_blocked, id=14672, stack(0x000000bb74100000,0x000000bb74200000)]
  0x000001d72a6c4d40 JavaThread "Unconstrained build operations Thread 16" [_thread_blocked, id=6140, stack(0x000000bb74200000,0x000000bb74300000)]
  0x000001d72a6c5210 JavaThread "Unconstrained build operations Thread 17" [_thread_blocked, id=13980, stack(0x000000bb74300000,0x000000bb74400000)]
  0x000001d72a6c8230 JavaThread "Unconstrained build operations Thread 18" [_thread_blocked, id=14712, stack(0x000000bb74400000,0x000000bb74500000)]
  0x000001d72a6c73c0 JavaThread "Unconstrained build operations Thread 19" [_thread_blocked, id=2556, stack(0x000000bb74500000,0x000000bb74600000)]
  0x000001d72a6c3ed0 JavaThread "Unconstrained build operations Thread 20" [_thread_blocked, id=4456, stack(0x000000bb74600000,0x000000bb74700000)]
  0x000001d72a6c8700 JavaThread "Unconstrained build operations Thread 21" [_thread_blocked, id=14812, stack(0x000000bb74700000,0x000000bb74800000)]
  0x000001d72a6c43a0 JavaThread "Unconstrained build operations Thread 22" [_thread_blocked, id=15124, stack(0x000000bb74800000,0x000000bb74900000)]
  0x000001d72a6c90a0 JavaThread "Unconstrained build operations Thread 23" [_thread_blocked, id=13320, stack(0x000000bb74900000,0x000000bb74a00000)]
  0x000001d72a6c8bd0 JavaThread "Unconstrained build operations Thread 24" [_thread_blocked, id=18316, stack(0x000000bb74a00000,0x000000bb74b00000)]
  0x000001d72a6c56e0 JavaThread "Unconstrained build operations Thread 25" [_thread_blocked, id=8468, stack(0x000000bb74b00000,0x000000bb74c00000)]
  0x000001d72a6c9570 JavaThread "Unconstrained build operations Thread 26" [_thread_blocked, id=10864, stack(0x000000bb74c00000,0x000000bb74d00000)]
  0x000001d72a6c3060 JavaThread "Unconstrained build operations Thread 27" [_thread_blocked, id=10932, stack(0x000000bb74d00000,0x000000bb74e00000)]
  0x000001d72a6c7890 JavaThread "Unconstrained build operations Thread 28" [_thread_blocked, id=6936, stack(0x000000bb74e00000,0x000000bb74f00000)]
  0x000001d72a6c9f10 JavaThread "Unconstrained build operations Thread 29" [_thread_blocked, id=17928, stack(0x000000bb74f00000,0x000000bb75000000)]
  0x000001d72a6c7d60 JavaThread "Unconstrained build operations Thread 30" [_thread_blocked, id=9108, stack(0x000000bb75000000,0x000000bb75100000)]
  0x000001d72a6c6550 JavaThread "Unconstrained build operations Thread 31" [_thread_blocked, id=14584, stack(0x000000bb75100000,0x000000bb75200000)]
  0x000001d72a6ca3e0 JavaThread "Unconstrained build operations Thread 32" [_thread_blocked, id=9928, stack(0x000000bb75200000,0x000000bb75300000)]
  0x000001d72a6c3530 JavaThread "Unconstrained build operations Thread 33" [_thread_blocked, id=18044, stack(0x000000bb75300000,0x000000bb75400000)]
  0x000001d72a6c9a40 JavaThread "Unconstrained build operations Thread 34" [_thread_blocked, id=9580, stack(0x000000bb75400000,0x000000bb75500000)]
  0x000001d72a6c5bb0 JavaThread "Unconstrained build operations Thread 35" [_thread_blocked, id=15268, stack(0x000000bb75500000,0x000000bb75600000)]
  0x000001d72a6c4870 JavaThread "Unconstrained build operations Thread 36" [_thread_blocked, id=18276, stack(0x000000bb75600000,0x000000bb75700000)]
  0x000001d72a6c6a20 JavaThread "Unconstrained build operations Thread 37" [_thread_blocked, id=10536, stack(0x000000bb75700000,0x000000bb75800000)]
  0x000001d72a6c6080 JavaThread "Unconstrained build operations Thread 38" [_thread_blocked, id=18352, stack(0x000000bb75800000,0x000000bb75900000)]
  0x000001d72a6ca8b0 JavaThread "Unconstrained build operations Thread 39" [_thread_blocked, id=10000, stack(0x000000bb75900000,0x000000bb75a00000)]
  0x000001d72a6c6ef0 JavaThread "Unconstrained build operations Thread 40" [_thread_blocked, id=17620, stack(0x000000bb75a00000,0x000000bb75b00000)]
  0x000001d72934f550 JavaThread "Cache worker for Build Output Cleanup Cache (D:\aplikasi_jasa\android\.gradle\buildOutputCleanup)" [_thread_blocked, id=15536, stack(0x000000bb75b00000,0x000000bb75c00000)]
  0x000001d72934fa20 JavaThread "Cache worker for execution history cache (D:\aplikasi_jasa\android\.gradle\7.6.3\executionHistory)" [_thread_blocked, id=8088, stack(0x000000bb6f500000,0x000000bb6f600000)]
  0x000001d72934ebb0 JavaThread "WorkerExecutor Queue" [_thread_blocked, id=3036, stack(0x000000bb72c00000,0x000000bb72d00000)]
  0x000001d729350d60 JavaThread "WorkerExecutor Queue Thread 2" [_thread_blocked, id=12680, stack(0x000000bb75d00000,0x000000bb75e00000)]
  0x000001d729350890 JavaThread "WorkerExecutor Queue Thread 3" [_thread_blocked, id=9184, stack(0x000000bb6f700000,0x000000bb6f800000)]
  0x000001d72934bb90 JavaThread "WorkerExecutor Queue Thread 4" [_thread_blocked, id=9964, stack(0x000000bb75c00000,0x000000bb75d00000)]

Other Threads:
=>0x000001d72364b700 VMThread "VM Thread" [stack: 0x000000bb6fe00000,0x000000bb6ff00000] [id=17168]
  0x000001d72413a370 WatcherThread [stack: 0x000000bb70a00000,0x000000bb70b00000] [id=4772]
  0x000001d7035fc2a0 GCTaskThread "GC Thread#0" [stack: 0x000000bb6f900000,0x000000bb6fa00000] [id=17824]
  0x000001d7244f0890 GCTaskThread "GC Thread#1" [stack: 0x000000bb70b00000,0x000000bb70c00000] [id=10824]
  0x000001d724653820 GCTaskThread "GC Thread#2" [stack: 0x000000bb70c00000,0x000000bb70d00000] [id=6276]
  0x000001d724cfa050 GCTaskThread "GC Thread#3" [stack: 0x000000bb70d00000,0x000000bb70e00000] [id=11704]
  0x000001d70360e1f0 ConcurrentGCThread "G1 Main Marker" [stack: 0x000000bb6fa00000,0x000000bb6fb00000] [id=7800]
  0x000001d70360ec00 ConcurrentGCThread "G1 Conc#0" [stack: 0x000000bb6fb00000,0x000000bb6fc00000] [id=8120]
  0x000001d703643870 ConcurrentGCThread "G1 Refine#0" [stack: 0x000000bb6fc00000,0x000000bb6fd00000] [id=17744]
  0x000001d723500b80 ConcurrentGCThread "G1 Service" [stack: 0x000000bb6fd00000,0x000000bb6fe00000] [id=14272]

Threads with active compile tasks:
C2 CompilerThread0   209420 15348       4       org.gradle.internal.normalization.java.impl.ApiMemberWriter::writeMethodAnnotations (90 bytes)

VM state: at safepoint (normal execution)

VM Mutex/Monitor currently owned by a thread:  ([mutex/lock_event])
[0x000001d70358bf30] Threads_lock - owner thread: 0x000001d72364b700
[0x000001d70358c7a0] Heap_lock - owner thread: 0x000001d72683e220

Heap address: 0x0000000700000000, size: 4096 MB, Compressed Oops mode: Zero based, Oop shift amount: 3

CDS archive(s) not mapped
Compressed class space mapped at: 0x0000000800000000-0x0000000840000000, reserved size: 1073741824
Narrow klass base: 0x0000000800000000, Narrow klass shift: 0, Narrow klass range: 0x40000000

GC Precious Log:
 CPUs: 4 total, 4 available
 Memory: 3739M
 Large Page Support: Disabled
 NUMA Support: Disabled
 Compressed Oops: Enabled (Zero based)
 Heap Region Size: 2M
 Heap Min Capacity: 8M
 Heap Initial Capacity: 60M
 Heap Max Capacity: 4G
 Pre-touch: Disabled
 Parallel Workers: 4
 Concurrent Workers: 1
 Concurrent Refinement Workers: 4
 Periodic GC: Disabled

Heap:
 garbage-first heap   total 219136K, used 122166K [0x0000000700000000, 0x0000000800000000)
  region size 2048K, 1 young (2048K), 1 survivors (2048K)
 Metaspace       used 111853K, committed 112704K, reserved 1146880K
  class space    used 15245K, committed 15616K, reserved 1048576K

Heap Regions: E=young(eden), S=young(survivor), O=old, HS=humongous(starts), HC=humongous(continues), CS=collection set, F=free, OA=open archive, CA=closed archive, TAMS=top-at-mark-start (previous, next)
|   0|0x0000000700000000, 0x0000000700200000, 0x0000000700200000|100%| O|  |TAMS 0x0000000700200000, 0x0000000700000000| Untracked 
|   1|0x0000000700200000, 0x0000000700400000, 0x0000000700400000|100%|HS|  |TAMS 0x0000000700400000, 0x0000000700200000| Complete 
|   2|0x0000000700400000, 0x0000000700600000, 0x0000000700600000|100%|HC|  |TAMS 0x0000000700600000, 0x0000000700400000| Complete 
|   3|0x0000000700600000, 0x0000000700800000, 0x0000000700800000|100%| O|  |TAMS 0x0000000700800000, 0x0000000700600000| Untracked 
|   4|0x0000000700800000, 0x0000000700a00000, 0x0000000700a00000|100%| O|  |TAMS 0x0000000700a00000, 0x0000000700800000| Untracked 
|   5|0x0000000700a00000, 0x0000000700c00000, 0x0000000700c00000|100%| O|  |TAMS 0x0000000700c00000, 0x0000000700a00000| Untracked 
|   6|0x0000000700c00000, 0x0000000700e00000, 0x0000000700e00000|100%| O|  |TAMS 0x0000000700e00000, 0x0000000700c00000| Untracked 
|   7|0x0000000700e00000, 0x0000000701000000, 0x0000000701000000|100%| O|  |TAMS 0x0000000701000000, 0x0000000700e00000| Untracked 
|   8|0x0000000701000000, 0x0000000701200000, 0x0000000701200000|100%| O|  |TAMS 0x0000000701200000, 0x0000000701000000| Untracked 
|   9|0x0000000701200000, 0x0000000701400000, 0x0000000701400000|100%| O|  |TAMS 0x0000000701400000, 0x0000000701200000| Untracked 
|  10|0x0000000701400000, 0x0000000701600000, 0x0000000701600000|100%| O|  |TAMS 0x0000000701600000, 0x0000000701400000| Untracked 
|  11|0x0000000701600000, 0x0000000701800000, 0x0000000701800000|100%| O|  |TAMS 0x0000000701800000, 0x0000000701600000| Untracked 
|  12|0x0000000701800000, 0x0000000701a00000, 0x0000000701a00000|100%| O|  |TAMS 0x0000000701a00000, 0x0000000701800000| Untracked 
|  13|0x0000000701a00000, 0x0000000701c00000, 0x0000000701c00000|100%| O|  |TAMS 0x0000000701c00000, 0x0000000701a00000| Untracked 
|  14|0x0000000701c00000, 0x0000000701e00000, 0x0000000701e00000|100%| O|  |TAMS 0x0000000701e00000, 0x0000000701c00000| Untracked 
|  15|0x0000000701e00000, 0x0000000702000000, 0x0000000702000000|100%| O|  |TAMS 0x0000000702000000, 0x0000000701e00000| Untracked 
|  16|0x0000000702000000, 0x0000000702200000, 0x0000000702200000|100%| O|  |TAMS 0x0000000702200000, 0x0000000702000000| Untracked 
|  17|0x0000000702200000, 0x0000000702400000, 0x0000000702400000|100%| O|  |TAMS 0x0000000702400000, 0x0000000702200000| Untracked 
|  18|0x0000000702400000, 0x0000000702600000, 0x0000000702600000|100%| O|  |TAMS 0x0000000702600000, 0x0000000702400000| Untracked 
|  19|0x0000000702600000, 0x0000000702800000, 0x0000000702800000|100%| O|  |TAMS 0x0000000702800000, 0x0000000702600000| Untracked 
|  20|0x0000000702800000, 0x0000000702a00000, 0x0000000702a00000|100%| O|  |TAMS 0x0000000702a00000, 0x0000000702800000| Untracked 
|  21|0x0000000702a00000, 0x0000000702c00000, 0x0000000702c00000|100%|HS|  |TAMS 0x0000000702c00000, 0x0000000702a00000| Complete 
|  22|0x0000000702c00000, 0x0000000702e00000, 0x0000000702e00000|100%|HC|  |TAMS 0x0000000702e00000, 0x0000000702c00000| Complete 
|  23|0x0000000702e00000, 0x0000000703000000, 0x0000000703000000|100%| O|  |TAMS 0x0000000703000000, 0x0000000702e00000| Untracked 
|  24|0x0000000703000000, 0x0000000703000000, 0x0000000703200000|  0%| F|  |TAMS 0x0000000703000000, 0x0000000703000000| Untracked 
|  25|0x0000000703200000, 0x0000000703400000, 0x0000000703400000|100%| O|  |TAMS 0x0000000703400000, 0x0000000703200000| Untracked 
|  26|0x0000000703400000, 0x0000000703600000, 0x0000000703600000|100%|HS|  |TAMS 0x0000000703600000, 0x0000000703400000| Complete 
|  27|0x0000000703600000, 0x0000000703800000, 0x0000000703800000|100%| O|  |TAMS 0x0000000703800000, 0x0000000703600000| Untracked 
|  28|0x0000000703800000, 0x0000000703a00000, 0x0000000703a00000|100%| O|  |TAMS 0x0000000703a00000, 0x0000000703800000| Untracked 
|  29|0x0000000703a00000, 0x0000000703c00000, 0x0000000703c00000|100%| O|  |TAMS 0x0000000703c00000, 0x0000000703a00000| Untracked 
|  30|0x0000000703c00000, 0x0000000703e00000, 0x0000000703e00000|100%| O|  |TAMS 0x0000000703e00000, 0x0000000703c00000| Untracked 
|  31|0x0000000703e00000, 0x0000000704000000, 0x0000000704000000|100%| O|  |TAMS 0x0000000704000000, 0x0000000703e00000| Untracked 
|  32|0x0000000704000000, 0x0000000704200000, 0x0000000704200000|100%| O|  |TAMS 0x0000000704200000, 0x0000000704000000| Untracked 
|  33|0x0000000704200000, 0x0000000704400000, 0x0000000704400000|100%| O|  |TAMS 0x0000000704400000, 0x0000000704200000| Untracked 
|  34|0x0000000704400000, 0x0000000704600000, 0x0000000704600000|100%| O|  |TAMS 0x0000000704600000, 0x0000000704400000| Untracked 
|  35|0x0000000704600000, 0x0000000704800000, 0x0000000704800000|100%| O|  |TAMS 0x0000000704800000, 0x0000000704600000| Untracked 
|  36|0x0000000704800000, 0x0000000704a00000, 0x0000000704a00000|100%| O|  |TAMS 0x0000000704a00000, 0x0000000704800000| Untracked 
|  37|0x0000000704a00000, 0x0000000704c00000, 0x0000000704c00000|100%| O|  |TAMS 0x0000000704c00000, 0x0000000704a00000| Untracked 
|  38|0x0000000704c00000, 0x0000000704e00000, 0x0000000704e00000|100%| O|  |TAMS 0x0000000704e00000, 0x0000000704c00000| Untracked 
|  39|0x0000000704e00000, 0x0000000705000000, 0x0000000705000000|100%| O|  |TAMS 0x0000000705000000, 0x0000000704e00000| Untracked 
|  40|0x0000000705000000, 0x0000000705200000, 0x0000000705200000|100%| O|  |TAMS 0x0000000705200000, 0x0000000705000000| Untracked 
|  41|0x0000000705200000, 0x0000000705400000, 0x0000000705400000|100%| O|  |TAMS 0x0000000705400000, 0x0000000705200000| Untracked 
|  42|0x0000000705400000, 0x0000000705600000, 0x0000000705600000|100%| O|  |TAMS 0x0000000705600000, 0x0000000705400000| Untracked 
|  43|0x0000000705600000, 0x0000000705800000, 0x0000000705800000|100%|HS|  |TAMS 0x0000000705800000, 0x0000000705600000| Complete 
|  44|0x0000000705800000, 0x0000000705a00000, 0x0000000705a00000|100%|HS|  |TAMS 0x0000000705800000, 0x0000000705800000| Complete 
|  45|0x0000000705a00000, 0x0000000705c00000, 0x0000000705c00000|100%| O|  |TAMS 0x0000000705c00000, 0x0000000705a00000| Untracked 
|  46|0x0000000705c00000, 0x0000000705e00000, 0x0000000705e00000|100%| O|  |TAMS 0x0000000705e00000, 0x0000000705c00000| Untracked 
|  47|0x0000000705e00000, 0x0000000706000000, 0x0000000706000000|100%| O|  |TAMS 0x0000000706000000, 0x0000000705e00000| Untracked 
|  48|0x0000000706000000, 0x0000000706200000, 0x0000000706200000|100%| O|  |TAMS 0x0000000706200000, 0x0000000706000000| Untracked 
|  49|0x0000000706200000, 0x0000000706400000, 0x0000000706400000|100%| O|  |TAMS 0x0000000706400000, 0x0000000706200000| Untracked 
|  50|0x0000000706400000, 0x0000000706600000, 0x0000000706600000|100%| O|  |TAMS 0x0000000706600000, 0x0000000706400000| Untracked 
|  51|0x0000000706600000, 0x0000000706800000, 0x0000000706800000|100%| O|  |TAMS 0x0000000706800000, 0x0000000706600000| Untracked 
|  52|0x0000000706800000, 0x0000000706a00000, 0x0000000706a00000|100%| O|  |TAMS 0x0000000706a00000, 0x0000000706800000| Untracked 
|  53|0x0000000706a00000, 0x0000000706c00000, 0x0000000706c00000|100%| O|  |TAMS 0x0000000706c00000, 0x0000000706a00000| Untracked 
|  54|0x0000000706c00000, 0x0000000706e00000, 0x0000000706e00000|100%| O|  |TAMS 0x0000000706e00000, 0x0000000706c00000| Untracked 
|  55|0x0000000706e00000, 0x0000000707000000, 0x0000000707000000|100%| O|  |TAMS 0x0000000706feac00, 0x0000000706e00000| Untracked 
|  56|0x0000000707000000, 0x0000000707200000, 0x0000000707200000|100%| O|  |TAMS 0x0000000707000000, 0x0000000707000000| Untracked 
|  57|0x0000000707200000, 0x0000000707400000, 0x0000000707400000|100%| O|  |TAMS 0x0000000707200000, 0x0000000707200000| Untracked 
|  58|0x0000000707400000, 0x0000000707600000, 0x0000000707600000|100%| O|  |TAMS 0x0000000707400000, 0x0000000707400000| Untracked 
|  59|0x0000000707600000, 0x0000000707800000, 0x0000000707800000|100%| O|  |TAMS 0x0000000707600000, 0x0000000707600000| Untracked 
|  60|0x0000000707800000, 0x0000000707872000, 0x0000000707a00000| 22%| O|  |TAMS 0x0000000707800000, 0x0000000707800000| Untracked 
|  61|0x0000000707a00000, 0x0000000707a00000, 0x0000000707c00000|  0%| F|  |TAMS 0x0000000707a00000, 0x0000000707a00000| Untracked 
|  62|0x0000000707c00000, 0x0000000707c00000, 0x0000000707e00000|  0%| F|  |TAMS 0x0000000707c00000, 0x0000000707c00000| Untracked 
|  63|0x0000000707e00000, 0x0000000707e00000, 0x0000000708000000|  0%| F|  |TAMS 0x0000000707e00000, 0x0000000707e00000| Untracked 
|  64|0x0000000708000000, 0x0000000708000000, 0x0000000708200000|  0%| F|  |TAMS 0x0000000708000000, 0x0000000708000000| Untracked 
|  65|0x0000000708200000, 0x0000000708200000, 0x0000000708400000|  0%| F|  |TAMS 0x0000000708200000, 0x0000000708200000| Untracked 
|  66|0x0000000708400000, 0x0000000708400000, 0x0000000708600000|  0%| F|  |TAMS 0x0000000708400000, 0x0000000708400000| Untracked 
|  67|0x0000000708600000, 0x0000000708600000, 0x0000000708800000|  0%| F|  |TAMS 0x0000000708600000, 0x0000000708600000| Untracked 
|  68|0x0000000708800000, 0x0000000708800000, 0x0000000708a00000|  0%| F|  |TAMS 0x0000000708800000, 0x0000000708800000| Untracked 
|  69|0x0000000708a00000, 0x0000000708a00000, 0x0000000708c00000|  0%| F|  |TAMS 0x0000000708a00000, 0x0000000708a00000| Untracked 
|  70|0x0000000708c00000, 0x0000000708c00000, 0x0000000708e00000|  0%| F|  |TAMS 0x0000000708c00000, 0x0000000708c00000| Untracked 
|  71|0x0000000708e00000, 0x0000000708e00000, 0x0000000709000000|  0%| F|  |TAMS 0x0000000708e00000, 0x0000000708e00000| Untracked 
|  72|0x0000000709000000, 0x0000000709000000, 0x0000000709200000|  0%| F|  |TAMS 0x0000000709000000, 0x0000000709000000| Untracked 
|  73|0x0000000709200000, 0x0000000709200000, 0x0000000709400000|  0%| F|  |TAMS 0x0000000709200000, 0x0000000709200000| Untracked 
|  74|0x0000000709400000, 0x0000000709400000, 0x0000000709600000|  0%| F|  |TAMS 0x0000000709400000, 0x0000000709400000| Untracked 
|  75|0x0000000709600000, 0x0000000709600000, 0x0000000709800000|  0%| F|  |TAMS 0x0000000709600000, 0x0000000709600000| Untracked 
|  76|0x0000000709800000, 0x0000000709800000, 0x0000000709a00000|  0%| F|  |TAMS 0x0000000709800000, 0x0000000709800000| Untracked 
|  77|0x0000000709a00000, 0x0000000709a00000, 0x0000000709c00000|  0%| F|  |TAMS 0x0000000709a00000, 0x0000000709a00000| Untracked 
|  78|0x0000000709c00000, 0x0000000709c00000, 0x0000000709e00000|  0%| F|  |TAMS 0x0000000709c00000, 0x0000000709c00000| Untracked 
|  79|0x0000000709e00000, 0x0000000709e00000, 0x000000070a000000|  0%| F|  |TAMS 0x0000000709e00000, 0x0000000709e00000| Untracked 
|  80|0x000000070a000000, 0x000000070a000000, 0x000000070a200000|  0%| F|  |TAMS 0x000000070a000000, 0x000000070a000000| Untracked 
|  81|0x000000070a200000, 0x000000070a200000, 0x000000070a400000|  0%| F|  |TAMS 0x000000070a200000, 0x000000070a200000| Untracked 
|  82|0x000000070a400000, 0x000000070a400000, 0x000000070a600000|  0%| F|  |TAMS 0x000000070a400000, 0x000000070a400000| Untracked 
|  83|0x000000070a600000, 0x000000070a600000, 0x000000070a800000|  0%| F|  |TAMS 0x000000070a600000, 0x000000070a600000| Untracked 
|  84|0x000000070a800000, 0x000000070a800000, 0x000000070aa00000|  0%| F|  |TAMS 0x000000070a800000, 0x000000070a800000| Untracked 
|  85|0x000000070aa00000, 0x000000070aa00000, 0x000000070ac00000|  0%| F|  |TAMS 0x000000070aa00000, 0x000000070aa00000| Untracked 
|  86|0x000000070ac00000, 0x000000070ac00000, 0x000000070ae00000|  0%| F|  |TAMS 0x000000070ac00000, 0x000000070ac00000| Untracked 
|  87|0x000000070ae00000, 0x000000070ae00000, 0x000000070b000000|  0%| F|  |TAMS 0x000000070ae00000, 0x000000070ae00000| Untracked 
|  88|0x000000070b000000, 0x000000070b000000, 0x000000070b200000|  0%| F|  |TAMS 0x000000070b000000, 0x000000070b000000| Untracked 
|  89|0x000000070b200000, 0x000000070b200000, 0x000000070b400000|  0%| F|  |TAMS 0x000000070b200000, 0x000000070b200000| Untracked 
|  90|0x000000070b400000, 0x000000070b400000, 0x000000070b600000|  0%| F|  |TAMS 0x000000070b400000, 0x000000070b400000| Untracked 
|  91|0x000000070b600000, 0x000000070b600000, 0x000000070b800000|  0%| F|  |TAMS 0x000000070b600000, 0x000000070b600000| Untracked 
|  92|0x000000070b800000, 0x000000070b800000, 0x000000070ba00000|  0%| F|  |TAMS 0x000000070b800000, 0x000000070b800000| Untracked 
|  93|0x000000070ba00000, 0x000000070ba00000, 0x000000070bc00000|  0%| F|  |TAMS 0x000000070ba00000, 0x000000070ba00000| Untracked 
|  94|0x000000070bc00000, 0x000000070bc00000, 0x000000070be00000|  0%| F|  |TAMS 0x000000070bc00000, 0x000000070bc00000| Untracked 
|  95|0x000000070be00000, 0x000000070be00000, 0x000000070c000000|  0%| F|  |TAMS 0x000000070be00000, 0x000000070be00000| Untracked 
|  96|0x000000070c000000, 0x000000070c000000, 0x000000070c200000|  0%| F|  |TAMS 0x000000070c000000, 0x000000070c000000| Untracked 
|  97|0x000000070c200000, 0x000000070c200000, 0x000000070c400000|  0%| F|  |TAMS 0x000000070c200000, 0x000000070c200000| Untracked 
|  98|0x000000070c400000, 0x000000070c400000, 0x000000070c600000|  0%| F|  |TAMS 0x000000070c400000, 0x000000070c400000| Untracked 
|  99|0x000000070c600000, 0x000000070c600000, 0x000000070c800000|  0%| F|  |TAMS 0x000000070c600000, 0x000000070c600000| Untracked 
| 100|0x000000070c800000, 0x000000070c800000, 0x000000070ca00000|  0%| F|  |TAMS 0x000000070c800000, 0x000000070c800000| Untracked 
| 101|0x000000070ca00000, 0x000000070ca00000, 0x000000070cc00000|  0%| F|  |TAMS 0x000000070ca00000, 0x000000070ca00000| Untracked 
| 102|0x000000070cc00000, 0x000000070cc00000, 0x000000070ce00000|  0%| F|  |TAMS 0x000000070cc00000, 0x000000070cc00000| Untracked 
| 103|0x000000070ce00000, 0x000000070ce00000, 0x000000070d000000|  0%| F|  |TAMS 0x000000070ce00000, 0x000000070ce00000| Untracked 
| 104|0x000000070d000000, 0x000000070d000000, 0x000000070d200000|  0%| F|  |TAMS 0x000000070d000000, 0x000000070d000000| Untracked 
| 105|0x000000070d200000, 0x000000070d2db918, 0x000000070d400000| 42%| S|CS|TAMS 0x000000070d200000, 0x000000070d200000| Complete 
| 106|0x000000070d400000, 0x000000070d400000, 0x000000070d600000|  0%| F|  |TAMS 0x000000070d400000, 0x000000070d400000| Untracked 

Card table byte_map: [0x000001d718050000,0x000001d718850000] _byte_map_base: 0x000001d714850000

Marking Bits (Prev, Next): (CMBitMap*) 0x000001d7035fd8c0, (CMBitMap*) 0x000001d7035fd900
 Prev Bits: [0x000001d719050000, 0x000001d71d050000)
 Next Bits: [0x000001d71d050000, 0x000001d721050000)

Polling page: 0x000001d708200000

Metaspace:

Usage:
  Non-class:     94.34 MB used.
      Class:     14.89 MB used.
       Both:    109.23 MB used.

Virtual space:
  Non-class space:       96.00 MB reserved,      94.81 MB ( 99%) committed,  12 nodes.
      Class space:        1.00 GB reserved,      15.25 MB (  1%) committed,  1 nodes.
             Both:        1.09 GB reserved,     110.06 MB ( 10%) committed. 

Chunk freelists:
   Non-Class:  1.02 MB
       Class:  768.00 KB
        Both:  1.77 MB

MaxMetaspaceSize: unlimited
CompressedClassSpaceSize: 1.00 GB
Initial GC threshold: 21.00 MB
Current GC threshold: 181.69 MB
CDS: off
MetaspaceReclaimPolicy: balanced
 - commit_granule_bytes: 65536.
 - commit_granule_words: 8192.
 - virtual_space_node_default_size: 1048576.
 - enlarge_chunks_in_place: 1.
 - new_chunks_are_fully_committed: 0.
 - uncommit_free_chunks: 1.
 - use_allocation_guard: 0.
 - handle_deallocations: 1.


Internal statistics:

num_allocs_failed_limit: 9.
num_arena_births: 1140.
num_arena_deaths: 0.
num_vsnodes_births: 13.
num_vsnodes_deaths: 0.
num_space_committed: 1761.
num_space_uncommitted: 0.
num_chunks_returned_to_freelist: 9.
num_chunks_taken_from_freelist: 5334.
num_chunk_merges: 6.
num_chunk_splits: 3420.
num_chunks_enlarged: 2242.
num_purges: 0.
num_inconsistent_stats: 0.

CodeHeap 'non-profiled nmethods': size=120000Kb used=8391Kb max_used=8391Kb free=111608Kb
 bounds [0x000001d70fcf0000, 0x000001d710530000, 0x000001d717220000]
CodeHeap 'profiled nmethods': size=120000Kb used=26036Kb max_used=26036Kb free=93964Kb
 bounds [0x000001d708220000, 0x000001d709b90000, 0x000001d70f750000]
CodeHeap 'non-nmethods': size=5760Kb used=2460Kb max_used=2499Kb free=3299Kb
 bounds [0x000001d70f750000, 0x000001d70f9d0000, 0x000001d70fcf0000]
 total_blobs=14000 nmethods=13009 adapters=902
 compilation: enabled
              stopped_count=0, restarted_count=0
 full_count=0

Compilation events (20 events):
Event: 207.032 Thread 0x000001d72403eea0 nmethod 15347 0x000001d710520e10 code [0x000001d710520fe0, 0x000001d7105219d8]
Event: 207.042 Thread 0x000001d72403eea0 15348       4       org.gradle.internal.normalization.java.impl.ApiMemberWriter::writeMethodAnnotations (90 bytes)
Event: 207.301 Thread 0x000001d7240400e0 15349       3       com.google.common.io.ByteStreams::readFully (61 bytes)
Event: 207.302 Thread 0x000001d7240400e0 nmethod 15349 0x000001d709b82d10 code [0x000001d709b82f80, 0x000001d709b837d8]
Event: 207.302 Thread 0x000001d7240400e0 15350       3       com.google.common.io.ByteStreams::read (93 bytes)
Event: 207.305 Thread 0x000001d7240400e0 nmethod 15350 0x000001d709b83b90 code [0x000001d709b83ea0, 0x000001d709b851b8]
Event: 207.305 Thread 0x000001d7240400e0 15351       3       org.gradle.api.internal.changedetection.state.AbiExtractingClasspathResourceHasher$$Lambda$1537/0x0000000800f38938::apply (16 bytes)
Event: 207.305 Thread 0x000001d7240400e0 nmethod 15351 0x000001d709b85890 code [0x000001d709b85a40, 0x000001d709b85ce8]
Event: 207.305 Thread 0x000001d7240400e0 15352       3       org.gradle.api.internal.changedetection.state.AbiExtractingClasspathResourceHasher::lambda$hash$1 (6 bytes)
Event: 207.306 Thread 0x000001d7240400e0 nmethod 15352 0x000001d709b85e10 code [0x000001d709b86100, 0x000001d709b87468]
Event: 207.306 Thread 0x000001d7240400e0 15355       3       org.gradle.internal.hash.Hashing::hashBytes (10 bytes)
Event: 207.307 Thread 0x000001d7240400e0 nmethod 15355 0x000001d709b87b10 code [0x000001d709b87de0, 0x000001d709b88fe8]
Event: 207.307 Thread 0x000001d7240400e0 15353       3       org.gradle.api.internal.changedetection.state.AbiExtractingClasspathResourceHasher::hashClassBytes (33 bytes)
Event: 207.308 Thread 0x000001d7240400e0 nmethod 15353 0x000001d709b89690 code [0x000001d709b899c0, 0x000001d709b8b008]
Event: 207.308 Thread 0x000001d7240400e0 15354       3       org.gradle.internal.normalization.java.ApiClassExtractor::extractApiClassFrom (73 bytes)
Event: 207.309 Thread 0x000001d7240400e0 nmethod 15354 0x000001d709b8b790 code [0x000001d709b8ba60, 0x000001d709b8c918]
Event: 207.315 Thread 0x000001d7240400e0 15356       3       org.gradle.internal.normalization.java.impl.ApiMemberSelector$2::visitAnnotation (33 bytes)
Event: 207.317 Thread 0x000001d7240400e0 nmethod 15356 0x000001d709b8ce90 code [0x000001d709b8d140, 0x000001d709b8e278]
Event: 207.317 Thread 0x000001d7240400e0 15357       3       org.objectweb.asm.FieldWriter::visitAnnotation (40 bytes)
Event: 207.317 Thread 0x000001d7240400e0 nmethod 15357 0x000001d709b8e890 code [0x000001d709b8ea40, 0x000001d709b8ed18]

GC Heap History (20 events):
Event: 79.192 GC heap after
{Heap after GC invocations=64 (full 0):
 garbage-first heap   total 182272K, used 104725K [0x0000000700000000, 0x0000000800000000)
  region size 2048K, 3 young (6144K), 3 survivors (6144K)
 Metaspace       used 98322K, committed 99200K, reserved 1138688K
  class space    used 13593K, committed 13952K, reserved 1048576K
}
Event: 79.232 GC heap before
{Heap before GC invocations=64 (full 0):
 garbage-first heap   total 182272K, used 106773K [0x0000000700000000, 0x0000000800000000)
  region size 2048K, 4 young (8192K), 3 survivors (6144K)
 Metaspace       used 98348K, committed 99200K, reserved 1138688K
  class space    used 13594K, committed 13952K, reserved 1048576K
}
Event: 79.495 GC heap after
{Heap after GC invocations=65 (full 0):
 garbage-first heap   total 182272K, used 104881K [0x0000000700000000, 0x0000000800000000)
  region size 2048K, 1 young (2048K), 1 survivors (2048K)
 Metaspace       used 98348K, committed 99200K, reserved 1138688K
  class space    used 13594K, committed 13952K, reserved 1048576K
}
Event: 82.444 GC heap before
{Heap before GC invocations=65 (full 0):
 garbage-first heap   total 182272K, used 139697K [0x0000000700000000, 0x0000000800000000)
  region size 2048K, 19 young (38912K), 1 survivors (2048K)
 Metaspace       used 99878K, committed 100736K, reserved 1138688K
  class space    used 13805K, committed 14144K, reserved 1048576K
}
Event: 82.475 GC heap after
{Heap after GC invocations=66 (full 0):
 garbage-first heap   total 182272K, used 107856K [0x0000000700000000, 0x0000000800000000)
  region size 2048K, 2 young (4096K), 2 survivors (4096K)
 Metaspace       used 99878K, committed 100736K, reserved 1138688K
  class space    used 13805K, committed 14144K, reserved 1048576K
}
Event: 125.314 GC heap before
{Heap before GC invocations=67 (full 0):
 garbage-first heap   total 184320K, used 142672K [0x0000000700000000, 0x0000000800000000)
  region size 2048K, 20 young (40960K), 2 survivors (4096K)
 Metaspace       used 100929K, committed 101760K, reserved 1138688K
  class space    used 13981K, committed 14336K, reserved 1048576K
}
Event: 125.740 GC heap after
{Heap after GC invocations=68 (full 0):
 garbage-first heap   total 184320K, used 109731K [0x0000000700000000, 0x0000000800000000)
  region size 2048K, 2 young (4096K), 2 survivors (4096K)
 Metaspace       used 100929K, committed 101760K, reserved 1138688K
  class space    used 13981K, committed 14336K, reserved 1048576K
}
Event: 127.070 GC heap before
{Heap before GC invocations=68 (full 0):
 garbage-first heap   total 184320K, used 113827K [0x0000000700000000, 0x0000000800000000)
  region size 2048K, 4 young (8192K), 2 survivors (4096K)
 Metaspace       used 100980K, committed 101888K, reserved 1138688K
  class space    used 13983K, committed 14336K, reserved 1048576K
}
Event: 127.100 GC heap after
{Heap after GC invocations=69 (full 0):
 garbage-first heap   total 184320K, used 109672K [0x0000000700000000, 0x0000000800000000)
  region size 2048K, 1 young (2048K), 1 survivors (2048K)
 Metaspace       used 100980K, committed 101888K, reserved 1138688K
  class space    used 13983K, committed 14336K, reserved 1048576K
}
Event: 143.731 GC heap before
{Heap before GC invocations=69 (full 0):
 garbage-first heap   total 184320K, used 146536K [0x0000000700000000, 0x0000000800000000)
  region size 2048K, 20 young (40960K), 1 survivors (2048K)
 Metaspace       used 101325K, committed 102208K, reserved 1138688K
  class space    used 13998K, committed 14336K, reserved 1048576K
}
Event: 143.951 GC heap after
{Heap after GC invocations=70 (full 0):
 garbage-first heap   total 184320K, used 110886K [0x0000000700000000, 0x0000000800000000)
  region size 2048K, 1 young (2048K), 1 survivors (2048K)
 Metaspace       used 101325K, committed 102208K, reserved 1138688K
  class space    used 13998K, committed 14336K, reserved 1048576K
}
Event: 161.741 GC heap before
{Heap before GC invocations=71 (full 0):
 garbage-first heap   total 202752K, used 147750K [0x0000000700000000, 0x0000000800000000)
  region size 2048K, 20 young (40960K), 1 survivors (2048K)
 Metaspace       used 104424K, committed 105344K, reserved 1146880K
  class space    used 14309K, committed 14720K, reserved 1048576K
}
Event: 161.754 GC heap after
{Heap after GC invocations=72 (full 0):
 garbage-first heap   total 202752K, used 113449K [0x0000000700000000, 0x0000000800000000)
  region size 2048K, 3 young (6144K), 3 survivors (6144K)
 Metaspace       used 104424K, committed 105344K, reserved 1146880K
  class space    used 14309K, committed 14720K, reserved 1048576K
}
Event: 161.768 GC heap before
{Heap before GC invocations=72 (full 0):
 garbage-first heap   total 202752K, used 115497K [0x0000000700000000, 0x0000000800000000)
  region size 2048K, 4 young (8192K), 3 survivors (6144K)
 Metaspace       used 104462K, committed 105408K, reserved 1146880K
  class space    used 14310K, committed 14720K, reserved 1048576K
}
Event: 161.806 GC heap after
{Heap after GC invocations=73 (full 0):
 garbage-first heap   total 202752K, used 113404K [0x0000000700000000, 0x0000000800000000)
  region size 2048K, 1 young (2048K), 1 survivors (2048K)
 Metaspace       used 104462K, committed 105408K, reserved 1146880K
  class space    used 14310K, committed 14720K, reserved 1048576K
}
Event: 199.526 GC heap before
{Heap before GC invocations=73 (full 0):
 garbage-first heap   total 202752K, used 162556K [0x0000000700000000, 0x0000000800000000)
  region size 2048K, 26 young (53248K), 1 survivors (2048K)
 Metaspace       used 110135K, committed 111040K, reserved 1146880K
  class space    used 15043K, committed 15424K, reserved 1048576K
}
Event: 199.945 GC heap after
{Heap after GC invocations=74 (full 0):
 garbage-first heap   total 202752K, used 116592K [0x0000000700000000, 0x0000000800000000)
  region size 2048K, 2 young (4096K), 2 survivors (4096K)
 Metaspace       used 110135K, committed 111040K, reserved 1146880K
  class space    used 15043K, committed 15424K, reserved 1048576K
}
Event: 207.046 GC heap before
{Heap before GC invocations=75 (full 0):
 garbage-first heap   total 219136K, used 165744K [0x0000000700000000, 0x0000000800000000)
  region size 2048K, 26 young (53248K), 2 survivors (4096K)
 Metaspace       used 111847K, committed 112704K, reserved 1146880K
  class space    used 15245K, committed 15616K, reserved 1048576K
}
Event: 207.272 GC heap after
{Heap after GC invocations=76 (full 0):
 garbage-first heap   total 219136K, used 122178K [0x0000000700000000, 0x0000000800000000)
  region size 2048K, 4 young (8192K), 4 survivors (8192K)
 Metaspace       used 111847K, committed 112704K, reserved 1146880K
  class space    used 15245K, committed 15616K, reserved 1048576K
}
Event: 207.400 GC heap before
{Heap before GC invocations=76 (full 0):
 garbage-first heap   total 219136K, used 124226K [0x0000000700000000, 0x0000000800000000)
  region size 2048K, 5 young (10240K), 4 survivors (8192K)
 Metaspace       used 111853K, committed 112704K, reserved 1146880K
  class space    used 15245K, committed 15616K, reserved 1048576K
}

Dll operation events (2 events):
Event: 0.984 Loaded shared library C:\Program Files\Android\Android Studio\jbr\bin\java.dll
Event: 6.090 Loaded shared library C:\Program Files\Android\Android Studio\jbr\bin\verify.dll

Deoptimization events (20 events):
Event: 206.448 Thread 0x000001d72683e220 Uncommon trap: trap_request=0xffffff45 fr.pc=0x000001d7100d41c4 relative=0x0000000000001864
Event: 206.448 Thread 0x000001d72683e220 Uncommon trap: reason=unstable_if action=reinterpret pc=0x000001d7100d41c4 method=org.objectweb.asm.SymbolTable.addConstantIntegerOrFloat(II)Lorg/objectweb/asm/Symbol; @ 33 c2
Event: 206.448 Thread 0x000001d72683e220 DEOPT PACKING pc=0x000001d7100d41c4 sp=0x000000bb730fbe20
Event: 206.448 Thread 0x000001d72683e220 DEOPT UNPACKING pc=0x000001d70f7aa1a3 sp=0x000000bb730fbd10 mode 2
Event: 206.461 Thread 0x000001d72683e220 Uncommon trap: trap_request=0xffffff45 fr.pc=0x000001d70fdfed7c relative=0x000000000000045c
Event: 206.461 Thread 0x000001d72683e220 Uncommon trap: reason=unstable_if action=reinterpret pc=0x000001d70fdfed7c method=org.objectweb.asm.Type.getArgumentsAndReturnSizes(Ljava/lang/String;)I @ 25 c2
Event: 206.461 Thread 0x000001d72683e220 DEOPT PACKING pc=0x000001d70fdfed7c sp=0x000000bb730fbd70
Event: 206.461 Thread 0x000001d72683e220 DEOPT UNPACKING pc=0x000001d70f7aa1a3 sp=0x000000bb730fbcf0 mode 2
Event: 206.567 Thread 0x000001d72683e220 Uncommon trap: trap_request=0xffffff45 fr.pc=0x000001d70feb5790 relative=0x00000000000014f0
Event: 206.567 Thread 0x000001d72683e220 Uncommon trap: reason=unstable_if action=reinterpret pc=0x000001d70feb5790 method=org.objectweb.asm.Type.getArgumentsAndReturnSizes(Ljava/lang/String;)I @ 123 c2
Event: 206.567 Thread 0x000001d72683e220 DEOPT PACKING pc=0x000001d70feb5790 sp=0x000000bb730fbe30
Event: 206.567 Thread 0x000001d72683e220 DEOPT UNPACKING pc=0x000001d70f7aa1a3 sp=0x000000bb730fbcd8 mode 2
Event: 206.658 Thread 0x000001d72683e220 Uncommon trap: trap_request=0xffffff45 fr.pc=0x000001d7100ccdc4 relative=0x00000000000001a4
Event: 206.658 Thread 0x000001d72683e220 Uncommon trap: reason=unstable_if action=reinterpret pc=0x000001d7100ccdc4 method=org.objectweb.asm.Type.getTypeInternal(Ljava/lang/String;II)Lorg/objectweb/asm/Type; @ 5 c2
Event: 206.658 Thread 0x000001d72683e220 DEOPT PACKING pc=0x000001d7100ccdc4 sp=0x000000bb730fbaf0
Event: 206.658 Thread 0x000001d72683e220 DEOPT UNPACKING pc=0x000001d70f7aa1a3 sp=0x000000bb730fba88 mode 2
Event: 206.905 Thread 0x000001d72683e220 Uncommon trap: trap_request=0xffffff3d fr.pc=0x000001d710510d84 relative=0x00000000000048e4
Event: 206.905 Thread 0x000001d72683e220 Uncommon trap: reason=unstable_fused_if action=reinterpret pc=0x000001d710510d84 method=org.objectweb.asm.ClassReader.readCode(Lorg/objectweb/asm/MethodVisitor;Lorg/objectweb/asm/Context;I)V @ 119 c2
Event: 206.905 Thread 0x000001d72683e220 DEOPT PACKING pc=0x000001d710510d84 sp=0x000000bb730fbbc0
Event: 206.905 Thread 0x000001d72683e220 DEOPT UNPACKING pc=0x000001d70f7aa1a3 sp=0x000000bb730fbad8 mode 2

Classes unloaded (0 events):
No events

Classes redefined (0 events):
No events

Internal exceptions (20 events):
Event: 161.464 Thread 0x000001d72683f090 Implicit null exception at 0x000001d710140772 to 0x000001d710140f34
Event: 161.498 Thread 0x000001d72683f090 Implicit null exception at 0x000001d70fea324e to 0x000001d70fea3274
Event: 161.606 Thread 0x000001d72683f090 Exception <a 'sun/nio/fs/WindowsException'{0x000000070a00bb40}> (0x000000070a00bb40) 
thrown [s\src\hotspot\share\prims\jni.cpp, line 517]
Event: 163.283 Thread 0x000001d72683f090 Implicit null exception at 0x000001d70fdda768 to 0x000001d70fdda900
Event: 200.872 Thread 0x000001d72683f090 Exception <a 'sun/nio/fs/WindowsException'{0x000000070c4b1808}> (0x000000070c4b1808) 
thrown [s\src\hotspot\share\prims\jni.cpp, line 517]
Event: 200.875 Thread 0x000001d72683f090 Exception <a 'sun/nio/fs/WindowsException'{0x000000070c4b2910}> (0x000000070c4b2910) 
thrown [s\src\hotspot\share\prims\jni.cpp, line 517]
Event: 200.875 Thread 0x000001d72683f090 Exception <a 'sun/nio/fs/WindowsException'{0x000000070c4b2c10}> (0x000000070c4b2c10) 
thrown [s\src\hotspot\share\prims\jni.cpp, line 517]
Event: 200.875 Thread 0x000001d72683f090 Exception <a 'sun/nio/fs/WindowsException'{0x000000070c4b3d48}> (0x000000070c4b3d48) 
thrown [s\src\hotspot\share\prims\jni.cpp, line 517]
Event: 200.875 Thread 0x000001d72683f090 Exception <a 'sun/nio/fs/WindowsException'{0x000000070c4b3fe8}> (0x000000070c4b3fe8) 
thrown [s\src\hotspot\share\prims\jni.cpp, line 517]
Event: 200.876 Thread 0x000001d72683f090 Exception <a 'sun/nio/fs/WindowsException'{0x000000070c4b50f0}> (0x000000070c4b50f0) 
thrown [s\src\hotspot\share\prims\jni.cpp, line 517]
Event: 203.894 Thread 0x000001d7268438c0 Exception <a 'java/lang/NoSuchMethodError'{0x000000070b972f88}: static Lcom/android/build/api/variant/BuildConfigField;.<clinit>()V> (0x000000070b972f88) 
thrown [s\src\hotspot\share\prims\jni.cpp, line 1108]
Event: 205.274 Thread 0x000001d72934ebb0 Exception <a 'sun/nio/fs/WindowsException'{0x000000070c9c71b8}> (0x000000070c9c71b8) 
thrown [s\src\hotspot\share\prims\jni.cpp, line 517]
Event: 205.338 Thread 0x000001d72934ebb0 Exception <a 'sun/nio/fs/WindowsException'{0x000000070c76d3a0}> (0x000000070c76d3a0) 
thrown [s\src\hotspot\share\prims\jni.cpp, line 517]
Event: 205.364 Thread 0x000001d72934ebb0 Exception <a 'sun/nio/fs/WindowsException'{0x000000070b620b40}> (0x000000070b620b40) 
thrown [s\src\hotspot\share\prims\jni.cpp, line 517]
Event: 205.372 Thread 0x000001d72934ebb0 Exception <a 'sun/nio/fs/WindowsException'{0x000000070b6646c0}> (0x000000070b6646c0) 
thrown [s\src\hotspot\share\prims\jni.cpp, line 517]
Event: 205.372 Thread 0x000001d72934ebb0 Exception <a 'sun/nio/fs/WindowsException'{0x000000070b6649e0}> (0x000000070b6649e0) 
thrown [s\src\hotspot\share\prims\jni.cpp, line 517]
Event: 206.372 Thread 0x000001d72683e220 Implicit null exception at 0x000001d70fde9295 to 0x000001d70fde9ad0
Event: 206.372 Thread 0x000001d72683e220 Implicit null exception at 0x000001d70fd61ac5 to 0x000001d70fd628c8
Event: 206.373 Thread 0x000001d72683e220 Implicit null exception at 0x000001d7102d232d to 0x000001d7102d2740
Event: 206.417 Thread 0x000001d72683e220 Implicit null exception at 0x000001d70fe845fc to 0x000001d70fe8489c

VM Operations (20 events):
Event: 203.791 Executing VM operation: G1Concurrent done
Event: 203.882 Executing VM operation: G1Concurrent
Event: 203.889 Executing VM operation: G1Concurrent done
Event: 204.129 Executing VM operation: HandshakeAllThreads
Event: 204.130 Executing VM operation: HandshakeAllThreads done
Event: 204.272 Executing VM operation: HandshakeAllThreads
Event: 204.287 Executing VM operation: HandshakeAllThreads done
Event: 205.074 Executing VM operation: HandshakeAllThreads
Event: 205.083 Executing VM operation: HandshakeAllThreads done
Event: 205.083 Executing VM operation: Cleanup
Event: 205.105 Executing VM operation: Cleanup done
Event: 206.106 Executing VM operation: Cleanup
Event: 206.106 Executing VM operation: Cleanup done
Event: 206.281 Executing VM operation: HandshakeAllThreads
Event: 206.281 Executing VM operation: HandshakeAllThreads done
Event: 206.365 Executing VM operation: HandshakeAllThreads
Event: 206.366 Executing VM operation: HandshakeAllThreads done
Event: 207.043 Executing VM operation: G1CollectForAllocation
Event: 207.286 Executing VM operation: G1CollectForAllocation done
Event: 207.400 Executing VM operation: G1CollectForAllocation

Events (20 events):
Event: 164.926 loading class com/sun/org/apache/xerces/internal/dom/CharacterDataImpl$1 done
Event: 176.193 Thread 0x000001d72934ad20 Thread exited: 0x000001d72934ad20
Event: 176.194 Thread 0x000001d72934bb90 Thread exited: 0x000001d72934bb90
Event: 176.477 Thread 0x000001d729350890 Thread exited: 0x000001d729350890
Event: 196.484 loading class java/util/stream/SortedOps$RefSortingSink
Event: 196.514 loading class java/util/stream/SortedOps$RefSortingSink done
Event: 196.961 loading class java/util/zip/ZipInputStream
Event: 196.970 loading class java/util/zip/ZipInputStream done
Event: 196.991 loading class java/nio/file/FileChannelLinesSpliterator
Event: 197.000 loading class java/nio/file/FileChannelLinesSpliterator done
Event: 197.003 loading class java/io/BufferedReader$1
Event: 197.004 loading class java/io/BufferedReader$1 done
Event: 197.006 loading class java/util/stream/Streams$1
Event: 197.008 loading class java/util/stream/Streams$1 done
Event: 197.031 loading class java/nio/file/FileChannelLinesSpliterator$1
Event: 197.033 loading class java/nio/file/FileChannelLinesSpliterator$1 done
Event: 201.323 loading class jdk/internal/reflect/UnsafeQualifiedIntegerFieldAccessorImpl
Event: 201.418 loading class jdk/internal/reflect/UnsafeQualifiedIntegerFieldAccessorImpl done
Event: 203.058 Thread 0x000001d729350890 Thread added: 0x000001d729350890
Event: 205.386 Thread 0x000001d72934bb90 Thread added: 0x000001d72934bb90


Dynamic libraries:
0x00007ff717340000 - 0x00007ff71734a000 	C:\Program Files\Android\Android Studio\jbr\bin\java.exe
0x00007ffb879d0000 - 0x00007ffb87be6000 	C:\windows\SYSTEM32\ntdll.dll
0x00007ffb86bc0000 - 0x00007ffb86c84000 	C:\windows\System32\KERNEL32.DLL
0x00007ffb84f70000 - 0x00007ffb85317000 	C:\windows\System32\KERNELBASE.dll
0x00007ffb84e50000 - 0x00007ffb84f61000 	C:\windows\System32\ucrtbase.dll
0x00007ffb7c8a0000 - 0x00007ffb7c8b7000 	C:\Program Files\Android\Android Studio\jbr\bin\jli.dll
0x00007ffb79ba0000 - 0x00007ffb79bbb000 	C:\Program Files\Android\Android Studio\jbr\bin\VCRUNTIME140.dll
0x00007ffb87100000 - 0x00007ffb872ae000 	C:\windows\System32\USER32.dll
0x00007ffb85320000 - 0x00007ffb85346000 	C:\windows\System32\win32u.dll
0x00007ffb6a570000 - 0x00007ffb6a803000 	C:\windows\WinSxS\amd64_microsoft.windows.common-controls_6595b64144ccf1df_6.0.22621.3235_none_270f74e173860f98\COMCTL32.dll
0x00007ffb86b90000 - 0x00007ffb86bb9000 	C:\windows\System32\GDI32.dll
0x00007ffb85350000 - 0x00007ffb85469000 	C:\windows\System32\gdi32full.dll
0x00007ffb857e0000 - 0x00007ffb85887000 	C:\windows\System32\msvcrt.dll
0x00007ffb85660000 - 0x00007ffb856fa000 	C:\windows\System32\msvcp_win.dll
0x00007ffb87950000 - 0x00007ffb87981000 	C:\windows\System32\IMM32.DLL
0x00007ffb7f240000 - 0x00007ffb7f24c000 	C:\Program Files\Android\Android Studio\jbr\bin\vcruntime140_1.dll
0x00007ffb559b0000 - 0x00007ffb55a3d000 	C:\Program Files\Android\Android Studio\jbr\bin\msvcp140.dll
0x00007ffb37e70000 - 0x00007ffb38add000 	C:\Program Files\Android\Android Studio\jbr\bin\server\jvm.dll
0x00007ffb86e70000 - 0x00007ffb86f22000 	C:\windows\System32\ADVAPI32.dll
0x00007ffb873a0000 - 0x00007ffb87448000 	C:\windows\System32\sechost.dll
0x00007ffb84d60000 - 0x00007ffb84d88000 	C:\windows\System32\bcrypt.dll
0x00007ffb85a40000 - 0x00007ffb85b55000 	C:\windows\System32\RPCRT4.dll
0x00007ffb7d410000 - 0x00007ffb7d419000 	C:\windows\SYSTEM32\WSOCK32.dll
0x00007ffb86df0000 - 0x00007ffb86e61000 	C:\windows\System32\WS2_32.dll
0x00007ffb79b60000 - 0x00007ffb79b94000 	C:\windows\SYSTEM32\WINMM.dll
0x00007ffb796a0000 - 0x00007ffb796aa000 	C:\windows\SYSTEM32\VERSION.dll
0x00007ffb83da0000 - 0x00007ffb83db8000 	C:\windows\SYSTEM32\kernel.appcore.dll
0x00007ffb7d020000 - 0x00007ffb7d02a000 	C:\Program Files\Android\Android Studio\jbr\bin\jimage.dll
0x00007ffb83170000 - 0x00007ffb833a3000 	C:\windows\SYSTEM32\DBGHELP.DLL
0x00007ffb87450000 - 0x00007ffb877d8000 	C:\windows\System32\combase.dll
0x00007ffb872b0000 - 0x00007ffb87387000 	C:\windows\System32\OLEAUT32.dll
0x00007ffb5bf30000 - 0x00007ffb5bf62000 	C:\windows\SYSTEM32\dbgcore.DLL
0x00007ffb85470000 - 0x00007ffb854e9000 	C:\windows\System32\bcryptPrimitives.dll
0x00007ffb73a90000 - 0x00007ffb73ab5000 	C:\Program Files\Android\Android Studio\jbr\bin\java.dll
0x00007ffb6d7a0000 - 0x00007ffb6d7b8000 	C:\Program Files\Android\Android Studio\jbr\bin\zip.dll
0x00007ffb85bd0000 - 0x00007ffb8642c000 	C:\windows\System32\SHELL32.dll
0x00007ffb82870000 - 0x00007ffb83169000 	C:\windows\SYSTEM32\windows.storage.dll
0x00007ffb82680000 - 0x00007ffb827be000 	C:\windows\SYSTEM32\wintypes.dll
0x00007ffb87850000 - 0x00007ffb87943000 	C:\windows\System32\SHCORE.dll
0x00007ffb85700000 - 0x00007ffb8575e000 	C:\windows\System32\shlwapi.dll
0x00007ffb84c20000 - 0x00007ffb84c41000 	C:\windows\SYSTEM32\profapi.dll
0x00007ffb6ce60000 - 0x00007ffb6ce79000 	C:\Program Files\Android\Android Studio\jbr\bin\net.dll
0x00007ffb7c6b0000 - 0x00007ffb7c7e6000 	C:\windows\SYSTEM32\WINHTTP.dll
0x00007ffb84290000 - 0x00007ffb842f9000 	C:\windows\system32\mswsock.dll
0x00007ffb6ce40000 - 0x00007ffb6ce56000 	C:\Program Files\Android\Android Studio\jbr\bin\nio.dll
0x00007ffb77240000 - 0x00007ffb77250000 	C:\Program Files\Android\Android Studio\jbr\bin\verify.dll
0x00007ffb6e430000 - 0x00007ffb6e457000 	C:\Users\HP 14\.gradle\native\c067742578af261105cb4f569cf0c3c89f3d7b1fecec35dd04571415982c5e48\windows-amd64\native-platform.dll
0x00007ffb496a0000 - 0x00007ffb497e4000 	C:\Users\HP 14\.gradle\native\38dada09dfb8b06ba9b0570ebf7e218e3eb74d4ef43ca46872605cf95ebc2f47\windows-amd64\native-platform-file-events.dll
0x00007ffb73ad0000 - 0x00007ffb73ad9000 	C:\Program Files\Android\Android Studio\jbr\bin\management.dll
0x00007ffb6e200000 - 0x00007ffb6e20b000 	C:\Program Files\Android\Android Studio\jbr\bin\management_ext.dll
0x00007ffb86930000 - 0x00007ffb86938000 	C:\windows\System32\PSAPI.DLL
0x00007ffb844f0000 - 0x00007ffb8450b000 	C:\windows\SYSTEM32\CRYPTSP.dll
0x00007ffb83d00000 - 0x00007ffb83d35000 	C:\windows\system32\rsaenh.dll
0x00007ffb84390000 - 0x00007ffb843b8000 	C:\windows\SYSTEM32\USERENV.dll
0x00007ffb84510000 - 0x00007ffb8451c000 	C:\windows\SYSTEM32\CRYPTBASE.dll
0x00007ffb837a0000 - 0x00007ffb837cd000 	C:\windows\SYSTEM32\IPHLPAPI.DLL
0x00007ffb87390000 - 0x00007ffb87399000 	C:\windows\System32\NSI.dll
0x00007ffb7c970000 - 0x00007ffb7c989000 	C:\windows\SYSTEM32\dhcpcsvc6.DLL
0x00007ffb7c950000 - 0x00007ffb7c96f000 	C:\windows\SYSTEM32\dhcpcsvc.DLL
0x00007ffb837d0000 - 0x00007ffb838c9000 	C:\windows\SYSTEM32\DNSAPI.dll
0x00007ffb6dda0000 - 0x00007ffb6dda8000 	C:\windows\system32\wshunix.dll
0x00007ffb774e0000 - 0x00007ffb774ea000 	C:\Windows\System32\rasadhlp.dll
0x00007ffb77b70000 - 0x00007ffb77bf3000 	C:\windows\System32\fwpuclnt.dll

dbghelp: loaded successfully - version: 4.0.5 - missing functions: none
symbol engine: initialized successfully - sym options: 0x614 - pdb path: .;C:\Program Files\Android\Android Studio\jbr\bin;C:\windows\SYSTEM32;C:\windows\WinSxS\amd64_microsoft.windows.common-controls_6595b64144ccf1df_6.0.22621.3235_none_270f74e173860f98;C:\Program Files\Android\Android Studio\jbr\bin\server;C:\Users\HP 14\.gradle\native\c067742578af261105cb4f569cf0c3c89f3d7b1fecec35dd04571415982c5e48\windows-amd64;C:\Users\HP 14\.gradle\native\38dada09dfb8b06ba9b0570ebf7e218e3eb74d4ef43ca46872605cf95ebc2f47\windows-amd64

VM Arguments:
jvm_args: --add-opens=java.base/java.util=ALL-UNNAMED --add-opens=java.base/java.lang=ALL-UNNAMED --add-opens=java.base/java.lang.invoke=ALL-UNNAMED --add-opens=java.prefs/java.util.prefs=ALL-UNNAMED --add-opens=java.base/java.nio.charset=ALL-UNNAMED --add-opens=java.base/java.net=ALL-UNNAMED --add-opens=java.base/java.util.concurrent.atomic=ALL-UNNAMED -Xmx4G -Dfile.encoding=windows-1252 -Duser.country=ID -Duser.language=en -Duser.variant 
java_command: org.gradle.launcher.daemon.bootstrap.GradleDaemon 7.6.3
java_class_path (initial): C:\Users\HP 14\.gradle\wrapper\dists\gradle-7.6.3-all\aocdy2d2z8kodnny3rsumj8i8\gradle-7.6.3\lib\gradle-launcher-7.6.3.jar
Launcher Type: SUN_STANDARD

[Global flags]
     intx CICompilerCount                          = 3                                         {product} {ergonomic}
     uint ConcGCThreads                            = 1                                         {product} {ergonomic}
     uint G1ConcRefinementThreads                  = 4                                         {product} {ergonomic}
   size_t G1HeapRegionSize                         = 2097152                                   {product} {ergonomic}
    uintx GCDrainStackTargetSize                   = 64                                        {product} {ergonomic}
   size_t InitialHeapSize                          = 62914560                                  {product} {ergonomic}
   size_t MarkStackSize                            = 4194304                                   {product} {ergonomic}
   size_t MaxHeapSize                              = 4294967296                                {product} {command line}
   size_t MaxNewSize                               = 2575302656                                {product} {ergonomic}
   size_t MinHeapDeltaBytes                        = 2097152                                   {product} {ergonomic}
   size_t MinHeapSize                              = 8388608                                   {product} {ergonomic}
    uintx NonNMethodCodeHeapSize                   = 5832780                                {pd product} {ergonomic}
    uintx NonProfiledCodeHeapSize                  = 122912730                              {pd product} {ergonomic}
    uintx ProfiledCodeHeapSize                     = 122912730                              {pd product} {ergonomic}
    uintx ReservedCodeCacheSize                    = 251658240                              {pd product} {ergonomic}
     bool SegmentedCodeCache                       = true                                      {product} {ergonomic}
   size_t SoftMaxHeapSize                          = 4294967296                             {manageable} {ergonomic}
     bool UseCompressedClassPointers               = true                           {product lp64_product} {ergonomic}
     bool UseCompressedOops                        = true                           {product lp64_product} {ergonomic}
     bool UseG1GC                                  = true                                      {product} {ergonomic}
     bool UseLargePagesIndividualAllocation        = false                                  {pd product} {ergonomic}

Logging:
Log output configuration:
 #0: stdout all=warning uptime,level,tags
 #1: stderr all=off uptime,level,tags

Environment Variables:
JAVA_HOME=C:\Program Files\Android\Android Studio\jbr
CLASSPATH=D:\aplikasi_jasa\android\\gradle\wrapper\gradle-wrapper.jar
PATH=C:\Program Files\Android\Android Studio\jbr\bin;D:\SDK\flutter\bin\;C:\Program Files\Common Files\Oracle\Java\javapath;C:\Program Files (x86)\Common Files\Oracle\Java\javapath;C:\windows\system32;C:\windows;C:\windows\System32\Wbem;C:\windows\System32\WindowsPowerShell\v1.0\;C:\windows\System32\OpenSSH\;C:\xampp\php;C:\xampp2\mysql\bin;C:\xampp2\mysql\bin;D:\SDK\flutter\bin;D:\SDK\android\emulator;D:\SDK\android\cmdline-tools\latest\bin;D:\SDK\android\platform-tools;D:\SDK\android\build-tools;;C:\Program Files\HP\HP One Agent;C:\Program Files\nodejs\;C:\Users\HP 14\AppData\Local\Microsoft\WindowsApps;C:\Users\HP 14\AppData\Local\Programs\Microsoft VS Code\bin;C:\xamppy\mysql\bin;C:\xamppy\php;C:\Users\HP 14\AppData\Roaming\npm;D:\SDK\flutter\bin\mingit\cmd
USERNAME=HP 14
LANG=en_US.UTF-8
OS=Windows_NT
PROCESSOR_IDENTIFIER=Intel64 Family 6 Model 140 Stepping 2, GenuineIntel
TMP=C:\Users\HP14~1\AppData\Local\Temp
TEMP=C:\Users\HP14~1\AppData\Local\Temp



---------------  S Y S T E M  ---------------

OS:
 Windows 11 , 64 bit Build 22621 (10.0.22621.3374)
OS uptime: 6 days 1:42 hours

CPU: total 4 (initial active 4) (2 cores per cpu, 2 threads per core) family 6 model 140 stepping 2 microcode 0x34, cx8, cmov, fxsr, ht, mmx, 3dnowpref, sse, sse2, sse3, ssse3, sse4.1, sse4.2, popcnt, lzcnt, tsc, tscinvbit, avx, avx2, aes, erms, clmul, bmi1, bmi2, adx, avx512f, avx512dq, avx512cd, avx512bw, avx512vl, sha, fma, vzeroupper, avx512_vpopcntdq, avx512_vpclmulqdq, avx512_vaes, avx512_vnni, clflush, clflushopt, clwb, avx512_vbmi2, avx512_vbmi

Memory: 4k page, system-wide physical 3739M (160M free)
TotalPageFile size 14979M (AvailPageFile size 215M)
current process WorkingSet (physical memory assigned to process): 238M, peak: 295M
current process commit charge ("private bytes"): 531M, peak: 959M

vm_info: OpenJDK 64-Bit Server VM (17.0.6+0-b2043.56-9586694) for windows-amd64 JRE (17.0.6+0-b2043.56-9586694), built on Feb  9 2023 20:06:20 by "androidbuild" with MS VC++ 16.10 / 16.11 (VS2019)

END.
