#
# There is insufficient memory for the Java Runtime Environment to continue.
# Native memory allocation (mmap) failed to map 406847488 bytes for G1 virtual space
# Possible reasons:
#   The system is out of physical RAM or swap space
#   The process is running with CompressedOops enabled, and the Java Heap may be blocking the growth of the native heap
# Possible solutions:
#   Reduce memory load on the system
#   Increase physical memory or swap space
#   Check if swap backing store is full
#   Decrease Java heap size (-Xmx/-Xms)
#   Decrease number of Java threads
#   Decrease Java thread stack sizes (-Xss)
#   Set larger code cache with -XX:ReservedCodeCacheSize=
#   JVM is running with Zero Based Compressed Oops mode in which the Java heap is
#     placed in the first 32GB address space. The Java Heap base address is the
#     maximum limit for the native heap growth. Please use -XX:HeapBaseMinAddress
#     to set the Java Heap base and to place the Java Heap above 32GB virtual address.
# This output file may be truncated or incomplete.
#
#  Out of Memory Error (os_windows.cpp:3769), pid=14556, tid=18064
#
# JRE version: OpenJDK Runtime Environment (17.0.6) (build 17.0.6+0-b2043.56-9586694)
# Java VM: OpenJDK 64-Bit Server VM (17.0.6+0-b2043.56-9586694, mixed mode, tiered, compressed oops, compressed class ptrs, g1 gc, windows-amd64)
# No core dump will be written. Minidumps are not enabled by default on client versions of Windows
#

---------------  S U M M A R Y ------------

Command Line: --add-opens=java.base/java.util=ALL-UNNAMED --add-opens=java.base/java.lang=ALL-UNNAMED --add-opens=java.base/java.lang.invoke=ALL-UNNAMED --add-opens=java.prefs/java.util.prefs=ALL-UNNAMED --add-opens=java.base/java.nio.charset=ALL-UNNAMED --add-opens=java.base/java.net=ALL-UNNAMED --add-opens=java.base/java.util.concurrent.atomic=ALL-UNNAMED -Xmx4G -Dfile.encoding=windows-1252 -Duser.country=ID -Duser.language=en -Duser.variant org.gradle.launcher.daemon.bootstrap.GradleDaemon 7.6.3

Host: 11th Gen Intel(R) Core(TM) i3-1115G4 @ 3.00GHz, 4 cores, 3G,  Windows 11 , 64 bit Build 22621 (10.0.22621.3374)
Time: Tue Jun 11 12:39:35 2024 SE Asia Standard Time elapsed time: 230.115895 seconds (0d 0h 3m 50s)

---------------  T H R E A D  ---------------

Current thread (0x0000026650df0e60):  VMThread "VM Thread" [stack: 0x0000008585200000,0x0000008585300000] [id=18064]

Stack: [0x0000008585200000,0x0000008585300000]
Native frames: (J=compiled Java code, j=interpreted, Vv=VM code, C=native code)
V  [jvm.dll+0x683b4a]
V  [jvm.dll+0x842654]
V  [jvm.dll+0x843dfe]
V  [jvm.dll+0x844463]
V  [jvm.dll+0x249b75]
V  [jvm.dll+0x680a19]
V  [jvm.dll+0x674f0a]
V  [jvm.dll+0x309acb]
V  [jvm.dll+0x310f86]
V  [jvm.dll+0x3608ee]
V  [jvm.dll+0x360b1f]
V  [jvm.dll+0x2dfbf8]
V  [jvm.dll+0x2ddec4]
V  [jvm.dll+0x2dd4cc]
V  [jvm.dll+0x321f3b]
V  [jvm.dll+0x84893b]
V  [jvm.dll+0x849674]
V  [jvm.dll+0x849b8d]
V  [jvm.dll+0x849f64]
V  [jvm.dll+0x84a030]
V  [jvm.dll+0x7f25fa]
V  [jvm.dll+0x682985]
C  [ucrtbase.dll+0x29333]
C  [KERNEL32.DLL+0x1257d]
C  [ntdll.dll+0x5aa48]

VM_Operation (0x0000008588ffcce0): G1CollectForAllocation, mode: safepoint, requested by thread 0x000002665486e850


---------------  P R O C E S S  ---------------

Threads class SMR info:
_java_thread_list=0x0000026657f570a0, length=87, elements={
0x0000026632c400f0, 0x0000026650e14260, 0x0000026650e14d20, 0x0000026650e008c0,
0x0000026650e2c030, 0x0000026650e2ea00, 0x000002665181a3f0, 0x000002665181b7f0,
0x000002665187bac0, 0x0000026651820d10, 0x0000026651983a70, 0x0000026651989f60,
0x0000026652e14030, 0x0000026652fbb7c0, 0x0000026652fa6030, 0x0000026653015830,
0x0000026653c19960, 0x0000026653c8f3c0, 0x0000026653c9c0b0, 0x0000026653cb55d0,
0x0000026653cb4290, 0x0000026653cb4c30, 0x0000026653cb5aa0, 0x0000026653cb5f70,
0x0000026653cb3dc0, 0x0000026653cb6440, 0x0000026653cb5100, 0x0000026653cb6910,
0x0000026653cb3420, 0x0000026653cb4760, 0x0000026653cb38f0, 0x0000026653e30540,
0x0000026653e31880, 0x0000026653e32220, 0x0000026653e33a30, 0x0000026653e36580,
0x0000026653e36a50, 0x0000026653e30070, 0x0000026653e348a0, 0x0000026653e326f0,
0x0000026653e32bc0, 0x0000026653e36f20, 0x0000026653e35240, 0x0000026653e35710,
0x0000026653e35be0, 0x0000026653e373f0, 0x0000026654870ed0, 0x000002665486e380,
0x000002665486b360, 0x000002665486fb90, 0x000002665486b830, 0x000002665486a020,
0x0000026654870060, 0x0000026654869680, 0x000002665486a4f0, 0x000002665486d510,
0x000002665486e850, 0x0000026654870a00, 0x000002665486bd00, 0x000002665486a9c0,
0x0000026654869b50, 0x000002665486deb0, 0x000002665486ae90, 0x000002665486c1d0,
0x000002665486d040, 0x000002665486c6a0, 0x000002665486d9e0, 0x000002665486ed20,
0x000002665486f1f0, 0x000002665486f6c0, 0x000002665492ad60, 0x000002665492b230,
0x0000026654929a20, 0x000002665492fa60, 0x0000026654929550, 0x000002665492ebf0,
0x000002665492dd80, 0x0000026654929ef0, 0x000002665492b700, 0x000002665492a3c0,
0x000002665492ff30, 0x0000026654930400, 0x000002665492cf10, 0x000002665492e250,
0x000002665492d3e0, 0x000002665492bbd0, 0x000002665492f0c0
}

Java Threads: ( => current thread )
  0x0000026632c400f0 JavaThread "main" [_thread_blocked, id=17444, stack(0x0000008584c00000,0x0000008584d00000)]
  0x0000026650e14260 JavaThread "Reference Handler" daemon [_thread_blocked, id=7280, stack(0x0000008585300000,0x0000008585400000)]
  0x0000026650e14d20 JavaThread "Finalizer" daemon [_thread_blocked, id=4468, stack(0x0000008585400000,0x0000008585500000)]
  0x0000026650e008c0 JavaThread "Signal Dispatcher" daemon [_thread_blocked, id=8844, stack(0x0000008585500000,0x0000008585600000)]
  0x0000026650e2c030 JavaThread "Attach Listener" daemon [_thread_blocked, id=17756, stack(0x0000008585600000,0x0000008585700000)]
  0x0000026650e2ea00 JavaThread "Service Thread" daemon [_thread_blocked, id=10396, stack(0x0000008585700000,0x0000008585800000)]
  0x000002665181a3f0 JavaThread "Monitor Deflation Thread" daemon [_thread_blocked, id=1644, stack(0x0000008585800000,0x0000008585900000)]
  0x000002665181b7f0 JavaThread "C2 CompilerThread0" daemon [_thread_blocked, id=15812, stack(0x0000008585900000,0x0000008585a00000)]
  0x000002665187bac0 JavaThread "C1 CompilerThread0" daemon [_thread_blocked, id=12160, stack(0x0000008585a00000,0x0000008585b00000)]
  0x0000026651820d10 JavaThread "Sweeper thread" daemon [_thread_blocked, id=17600, stack(0x0000008585b00000,0x0000008585c00000)]
  0x0000026651983a70 JavaThread "Common-Cleaner" daemon [_thread_blocked, id=3528, stack(0x0000008585c00000,0x0000008585d00000)]
  0x0000026651989f60 JavaThread "Notification Thread" daemon [_thread_blocked, id=6120, stack(0x0000008585d00000,0x0000008585e00000)]
  0x0000026652e14030 JavaThread "Daemon health stats" [_thread_blocked, id=8948, stack(0x0000008586200000,0x0000008586300000)]
  0x0000026652fbb7c0 JavaThread "Incoming local TCP Connector on port 62808" [_thread_in_native, id=17824, stack(0x0000008586300000,0x0000008586400000)]
  0x0000026652fa6030 JavaThread "Daemon periodic checks" [_thread_blocked, id=17856, stack(0x0000008586400000,0x0000008586500000)]
  0x0000026653015830 JavaThread "Daemon" [_thread_blocked, id=18288, stack(0x0000008586500000,0x0000008586600000)]
  0x0000026653c19960 JavaThread "Handler for socket connection from /127.0.0.1:62808 to /127.0.0.1:62811" [_thread_in_native, id=9060, stack(0x0000008586600000,0x0000008586700000)]
  0x0000026653c8f3c0 JavaThread "Cancel handler" [_thread_blocked, id=4072, stack(0x0000008586700000,0x0000008586800000)]
  0x0000026653c9c0b0 JavaThread "Daemon worker" [_thread_blocked, id=17468, stack(0x0000008586800000,0x0000008586900000)]
  0x0000026653cb55d0 JavaThread "Asynchronous log dispatcher for DefaultDaemonConnection: socket connection from /127.0.0.1:62808 to /127.0.0.1:62811" [_thread_blocked, id=7672, stack(0x0000008586900000,0x0000008586a00000)]
  0x0000026653cb4290 JavaThread "Stdin handler" [_thread_blocked, id=4796, stack(0x0000008586a00000,0x0000008586b00000)]
  0x0000026653cb4c30 JavaThread "Daemon client event forwarder" [_thread_blocked, id=17844, stack(0x0000008586b00000,0x0000008586c00000)]
  0x0000026653cb5aa0 JavaThread "Cache worker for journal cache (C:\Users\HP 14\.gradle\caches\journal-1)" [_thread_blocked, id=16376, stack(0x0000008586c00000,0x0000008586d00000)]
  0x0000026653cb5f70 JavaThread "File lock request listener" [_thread_in_native, id=12420, stack(0x0000008586d00000,0x0000008586e00000)]
  0x0000026653cb3dc0 JavaThread "Cache worker for file hash cache (C:\Users\HP 14\.gradle\caches\7.6.3\fileHashes)" [_thread_blocked, id=5412, stack(0x0000008586e00000,0x0000008586f00000)]
  0x0000026653cb6440 JavaThread "File watcher server" daemon [_thread_in_native, id=10172, stack(0x0000008586f00000,0x0000008587000000)]
  0x0000026653cb5100 JavaThread "File watcher consumer" daemon [_thread_blocked, id=18332, stack(0x0000008587000000,0x0000008587100000)]
  0x0000026653cb6910 JavaThread "Cache worker for checksums cache (D:\aplikasi_jasa\android\.gradle\7.6.3\checksums)" [_thread_blocked, id=7416, stack(0x0000008587100000,0x0000008587200000)]
  0x0000026653cb3420 JavaThread "Cache worker for cache directory md-rule (C:\Users\HP 14\.gradle\caches\7.6.3\md-rule)" [_thread_blocked, id=1320, stack(0x0000008587200000,0x0000008587300000)]
  0x0000026653cb4760 JavaThread "Cache worker for file content cache (C:\Users\HP 14\.gradle\caches\7.6.3\fileContent)" [_thread_blocked, id=11756, stack(0x0000008587300000,0x0000008587400000)]
  0x0000026653cb38f0 JavaThread "Cache worker for file hash cache (D:\aplikasi_jasa\android\.gradle\7.6.3\fileHashes)" [_thread_blocked, id=8544, stack(0x0000008587400000,0x0000008587500000)]
  0x0000026653e30540 JavaThread "Cache worker for cache directory md-supplier (C:\Users\HP 14\.gradle\caches\7.6.3\md-supplier)" [_thread_blocked, id=7764, stack(0x0000008587500000,0x0000008587600000)]
  0x0000026653e31880 JavaThread "Cache worker for execution history cache (C:\Users\HP 14\.gradle\caches\7.6.3\executionHistory)" [_thread_blocked, id=18260, stack(0x0000008587600000,0x0000008587700000)]
  0x0000026653e32220 JavaThread "jar transforms" [_thread_blocked, id=17464, stack(0x0000008587700000,0x0000008587800000)]
  0x0000026653e33a30 JavaThread "Cache worker for kotlin-dsl (C:\Users\HP 14\.gradle\caches\7.6.3\kotlin-dsl)" [_thread_blocked, id=17220, stack(0x0000008587800000,0x0000008587900000)]
  0x0000026653e36580 JavaThread "jar transforms Thread 2" [_thread_blocked, id=14632, stack(0x0000008587900000,0x0000008587a00000)]
  0x0000026653e36a50 JavaThread "Cache worker for dependencies-accessors (D:\aplikasi_jasa\android\.gradle\7.6.3\dependencies-accessors)" [_thread_blocked, id=16100, stack(0x0000008587a00000,0x0000008587b00000)]
  0x0000026653e30070 JavaThread "Cache worker for Build Output Cleanup Cache (D:\SDK\flutter\packages\flutter_tools\gradle\.gradle\buildOutputCleanup)" [_thread_blocked, id=18232, stack(0x0000008587b00000,0x0000008587c00000)]
  0x0000026653e348a0 JavaThread "jar transforms Thread 3" [_thread_blocked, id=18304, stack(0x0000008587c00000,0x0000008587d00000)]
  0x0000026653e326f0 JavaThread "Memory manager" [_thread_blocked, id=4632, stack(0x0000008587d00000,0x0000008587e00000)]
  0x0000026653e32bc0 JavaThread "jar transforms Thread 4" [_thread_blocked, id=5284, stack(0x0000008587e00000,0x0000008587f00000)]
  0x0000026653e36f20 JavaThread "Execution worker" [_thread_blocked, id=18388, stack(0x0000008588000000,0x0000008588100000)]
  0x0000026653e35240 JavaThread "Execution worker Thread 2" [_thread_blocked, id=15524, stack(0x0000008588100000,0x0000008588200000)]
  0x0000026653e35710 JavaThread "Execution worker Thread 3" [_thread_blocked, id=17620, stack(0x0000008588200000,0x0000008588300000)]
  0x0000026653e35be0 JavaThread "Cache worker for execution history cache (D:\SDK\flutter\packages\flutter_tools\gradle\.gradle\7.6.3\executionHistory)" [_thread_blocked, id=6820, stack(0x0000008588300000,0x0000008588400000)]
  0x0000026653e373f0 JavaThread "Unconstrained build operations" [_thread_blocked, id=3556, stack(0x0000008588400000,0x0000008588500000)]
  0x0000026654870ed0 JavaThread "Unconstrained build operations Thread 2" [_thread_blocked, id=11576, stack(0x0000008588500000,0x0000008588600000)]
  0x000002665486e380 JavaThread "Unconstrained build operations Thread 3" [_thread_blocked, id=11316, stack(0x0000008588600000,0x0000008588700000)]
  0x000002665486b360 JavaThread "Unconstrained build operations Thread 4" [_thread_blocked, id=17432, stack(0x0000008588700000,0x0000008588800000)]
  0x000002665486fb90 JavaThread "Unconstrained build operations Thread 5" [_thread_blocked, id=18000, stack(0x0000008588800000,0x0000008588900000)]
  0x000002665486b830 JavaThread "Unconstrained build operations Thread 6" [_thread_blocked, id=14008, stack(0x0000008588900000,0x0000008588a00000)]
  0x000002665486a020 JavaThread "Unconstrained build operations Thread 7" [_thread_blocked, id=2384, stack(0x0000008588a00000,0x0000008588b00000)]
  0x0000026654870060 JavaThread "Unconstrained build operations Thread 8" [_thread_blocked, id=3120, stack(0x0000008588b00000,0x0000008588c00000)]
  0x0000026654869680 JavaThread "Unconstrained build operations Thread 9" [_thread_blocked, id=17420, stack(0x0000008588c00000,0x0000008588d00000)]
  0x000002665486a4f0 JavaThread "Unconstrained build operations Thread 10" [_thread_blocked, id=11148, stack(0x0000008588d00000,0x0000008588e00000)]
  0x000002665486d510 JavaThread "Unconstrained build operations Thread 11" [_thread_blocked, id=17912, stack(0x0000008588e00000,0x0000008588f00000)]
  0x000002665486e850 JavaThread "Unconstrained build operations Thread 12" [_thread_blocked, id=15936, stack(0x0000008588f00000,0x0000008589000000)]
  0x0000026654870a00 JavaThread "Unconstrained build operations Thread 13" [_thread_blocked, id=12476, stack(0x0000008589000000,0x0000008589100000)]
  0x000002665486bd00 JavaThread "Unconstrained build operations Thread 14" [_thread_blocked, id=17904, stack(0x0000008589100000,0x0000008589200000)]
  0x000002665486a9c0 JavaThread "Unconstrained build operations Thread 15" [_thread_blocked, id=1928, stack(0x0000008589200000,0x0000008589300000)]
  0x0000026654869b50 JavaThread "Unconstrained build operations Thread 16" [_thread_blocked, id=17900, stack(0x0000008589300000,0x0000008589400000)]
  0x000002665486deb0 JavaThread "Unconstrained build operations Thread 17" [_thread_blocked, id=8468, stack(0x0000008589400000,0x0000008589500000)]
  0x000002665486ae90 JavaThread "Unconstrained build operations Thread 18" [_thread_blocked, id=15268, stack(0x0000008589500000,0x0000008589600000)]
  0x000002665486c1d0 JavaThread "Unconstrained build operations Thread 19" [_thread_blocked, id=10736, stack(0x0000008589600000,0x0000008589700000)]
  0x000002665486d040 JavaThread "Unconstrained build operations Thread 20" [_thread_blocked, id=404, stack(0x0000008589700000,0x0000008589800000)]
  0x000002665486c6a0 JavaThread "Unconstrained build operations Thread 21" [_thread_blocked, id=17928, stack(0x0000008589800000,0x0000008589900000)]
  0x000002665486d9e0 JavaThread "Unconstrained build operations Thread 22" [_thread_blocked, id=620, stack(0x0000008589900000,0x0000008589a00000)]
  0x000002665486ed20 JavaThread "Unconstrained build operations Thread 23" [_thread_blocked, id=11728, stack(0x0000008589a00000,0x0000008589b00000)]
  0x000002665486f1f0 JavaThread "Unconstrained build operations Thread 24" [_thread_blocked, id=17596, stack(0x0000008589b00000,0x0000008589c00000)]
  0x000002665486f6c0 JavaThread "Unconstrained build operations Thread 25" [_thread_blocked, id=17260, stack(0x0000008589c00000,0x0000008589d00000)]
  0x000002665492ad60 JavaThread "Unconstrained build operations Thread 26" [_thread_blocked, id=8304, stack(0x0000008589d00000,0x0000008589e00000)]
  0x000002665492b230 JavaThread "Unconstrained build operations Thread 27" [_thread_blocked, id=16564, stack(0x0000008589e00000,0x0000008589f00000)]
  0x0000026654929a20 JavaThread "Unconstrained build operations Thread 28" [_thread_blocked, id=13340, stack(0x0000008589f00000,0x000000858a000000)]
  0x000002665492fa60 JavaThread "Unconstrained build operations Thread 29" [_thread_blocked, id=17908, stack(0x000000858a000000,0x000000858a100000)]
  0x0000026654929550 JavaThread "Unconstrained build operations Thread 30" [_thread_blocked, id=12532, stack(0x000000858a100000,0x000000858a200000)]
  0x000002665492ebf0 JavaThread "Unconstrained build operations Thread 31" [_thread_blocked, id=17168, stack(0x000000858a200000,0x000000858a300000)]
  0x000002665492dd80 JavaThread "Unconstrained build operations Thread 32" [_thread_blocked, id=10808, stack(0x000000858a300000,0x000000858a400000)]
  0x0000026654929ef0 JavaThread "Unconstrained build operations Thread 33" [_thread_blocked, id=3576, stack(0x000000858a400000,0x000000858a500000)]
  0x000002665492b700 JavaThread "Unconstrained build operations Thread 34" [_thread_blocked, id=15328, stack(0x000000858a500000,0x000000858a600000)]
  0x000002665492a3c0 JavaThread "Unconstrained build operations Thread 35" [_thread_blocked, id=11068, stack(0x000000858a600000,0x000000858a700000)]
  0x000002665492ff30 JavaThread "Unconstrained build operations Thread 36" [_thread_blocked, id=3540, stack(0x000000858a700000,0x000000858a800000)]
  0x0000026654930400 JavaThread "Unconstrained build operations Thread 37" [_thread_blocked, id=8548, stack(0x000000858a800000,0x000000858a900000)]
  0x000002665492cf10 JavaThread "Unconstrained build operations Thread 38" [_thread_blocked, id=18028, stack(0x000000858a900000,0x000000858aa00000)]
  0x000002665492e250 JavaThread "Unconstrained build operations Thread 39" [_thread_blocked, id=3700, stack(0x000000858aa00000,0x000000858ab00000)]
  0x000002665492d3e0 JavaThread "Unconstrained build operations Thread 40" [_thread_blocked, id=18024, stack(0x000000858ab00000,0x000000858ac00000)]
  0x000002665492bbd0 JavaThread "File lock release action executor" [_thread_blocked, id=13456, stack(0x0000008584a00000,0x0000008584b00000)]
  0x000002665492f0c0 JavaThread "Cache worker for Build Output Cleanup Cache (D:\aplikasi_jasa\android\.gradle\buildOutputCleanup)" [_thread_blocked, id=12332, stack(0x0000008584b00000,0x0000008584c00000)]

Other Threads:
=>0x0000026650df0e60 VMThread "VM Thread" [stack: 0x0000008585200000,0x0000008585300000] [id=18064]
  0x000002665198a830 WatcherThread [stack: 0x0000008585e00000,0x0000008585f00000] [id=8208]
  0x0000026632cacd90 GCTaskThread "GC Thread#0" [stack: 0x0000008584d00000,0x0000008584e00000] [id=9172]
  0x0000026651ddfc70 GCTaskThread "GC Thread#1" [stack: 0x0000008585f00000,0x0000008586000000] [id=7748]
  0x0000026651b8ab90 GCTaskThread "GC Thread#2" [stack: 0x0000008586000000,0x0000008586100000] [id=18244]
  0x00000266524244f0 GCTaskThread "GC Thread#3" [stack: 0x0000008586100000,0x0000008586200000] [id=18300]
  0x0000026632cbebf0 ConcurrentGCThread "G1 Main Marker" [stack: 0x0000008584e00000,0x0000008584f00000] [id=2872]
  0x0000026632cbf510 ConcurrentGCThread "G1 Conc#0" [stack: 0x0000008584f00000,0x0000008585000000] [id=17916]
  0x0000026632cf59b0 ConcurrentGCThread "G1 Refine#0" [stack: 0x0000008585000000,0x0000008585100000] [id=10248]
  0x00000266586e1570 ConcurrentGCThread "G1 Refine#1" [stack: 0x0000008587f00000,0x0000008588000000] [id=12084]
  0x0000026650c50480 ConcurrentGCThread "G1 Service" [stack: 0x0000008585100000,0x0000008585200000] [id=5868]

Threads with active compile tasks:
C2 CompilerThread0   230208 17707       4       com.sun.org.apache.xerces.internal.util.SymbolTable::hash (53 bytes)

VM state: at safepoint (normal execution)

VM Mutex/Monitor currently owned by a thread:  ([mutex/lock_event])
[0x0000026632c3b600] Threads_lock - owner thread: 0x0000026650df0e60
[0x0000026632c3c1d0] Heap_lock - owner thread: 0x000002665486e850

Heap address: 0x0000000700000000, size: 4096 MB, Compressed Oops mode: Zero based, Oop shift amount: 3

CDS archive(s) not mapped
Compressed class space mapped at: 0x0000000800000000-0x0000000840000000, reserved size: 1073741824
Narrow klass base: 0x0000000800000000, Narrow klass shift: 0, Narrow klass range: 0x40000000

GC Precious Log:
 CPUs: 4 total, 4 available
 Memory: 3739M
 Large Page Support: Disabled
 NUMA Support: Disabled
 Compressed Oops: Enabled (Zero based)
 Heap Region Size: 2M
 Heap Min Capacity: 8M
 Heap Initial Capacity: 60M
 Heap Max Capacity: 4G
 Pre-touch: Disabled
 Parallel Workers: 4
 Concurrent Workers: 1
 Concurrent Refinement Workers: 4
 Periodic GC: Disabled

Heap:
 garbage-first heap   total 356352K, used 155751K [0x0000000700000000, 0x0000000800000000)
  region size 2048K, 6 young (12288K), 6 survivors (12288K)
 Metaspace       used 150534K, committed 151424K, reserved 1187840K
  class space    used 19932K, committed 20352K, reserved 1048576K

Heap Regions: E=young(eden), S=young(survivor), O=old, HS=humongous(starts), HC=humongous(continues), CS=collection set, F=free, OA=open archive, CA=closed archive, TAMS=top-at-mark-start (previous, next)
|   0|0x0000000700000000, 0x0000000700200000, 0x0000000700200000|100%| O|  |TAMS 0x0000000700200000, 0x0000000700000000| Untracked 
|   1|0x0000000700200000, 0x0000000700400000, 0x0000000700400000|100%|HS|  |TAMS 0x0000000700400000, 0x0000000700200000| Complete 
|   2|0x0000000700400000, 0x0000000700600000, 0x0000000700600000|100%|HC|  |TAMS 0x0000000700600000, 0x0000000700400000| Complete 
|   3|0x0000000700600000, 0x0000000700800000, 0x0000000700800000|100%| O|  |TAMS 0x0000000700800000, 0x0000000700600000| Untracked 
|   4|0x0000000700800000, 0x0000000700a00000, 0x0000000700a00000|100%| O|  |TAMS 0x0000000700a00000, 0x0000000700800000| Untracked 
|   5|0x0000000700a00000, 0x0000000700c00000, 0x0000000700c00000|100%| O|  |TAMS 0x0000000700c00000, 0x0000000700a00000| Untracked 
|   6|0x0000000700c00000, 0x0000000700e00000, 0x0000000700e00000|100%| O|  |TAMS 0x0000000700e00000, 0x0000000700c00000| Untracked 
|   7|0x0000000700e00000, 0x0000000701000000, 0x0000000701000000|100%| O|  |TAMS 0x0000000701000000, 0x0000000700e00000| Untracked 
|   8|0x0000000701000000, 0x0000000701200000, 0x0000000701200000|100%| O|  |TAMS 0x0000000701200000, 0x0000000701000000| Untracked 
|   9|0x0000000701200000, 0x0000000701400000, 0x0000000701400000|100%| O|  |TAMS 0x0000000701400000, 0x0000000701200000| Untracked 
|  10|0x0000000701400000, 0x0000000701600000, 0x0000000701600000|100%| O|  |TAMS 0x0000000701600000, 0x0000000701400000| Untracked 
|  11|0x0000000701600000, 0x0000000701800000, 0x0000000701800000|100%| O|  |TAMS 0x0000000701800000, 0x0000000701600000| Untracked 
|  12|0x0000000701800000, 0x0000000701a00000, 0x0000000701a00000|100%| O|  |TAMS 0x0000000701a00000, 0x0000000701800000| Untracked 
|  13|0x0000000701a00000, 0x0000000701c00000, 0x0000000701c00000|100%| O|  |TAMS 0x0000000701c00000, 0x0000000701a00000| Untracked 
|  14|0x0000000701c00000, 0x0000000701e00000, 0x0000000701e00000|100%| O|  |TAMS 0x0000000701e00000, 0x0000000701c00000| Untracked 
|  15|0x0000000701e00000, 0x0000000702000000, 0x0000000702000000|100%| O|  |TAMS 0x0000000702000000, 0x0000000701e00000| Untracked 
|  16|0x0000000702000000, 0x0000000702200000, 0x0000000702200000|100%| O|  |TAMS 0x0000000702200000, 0x0000000702000000| Untracked 
|  17|0x0000000702200000, 0x0000000702400000, 0x0000000702400000|100%| O|  |TAMS 0x0000000702400000, 0x0000000702200000| Untracked 
|  18|0x0000000702400000, 0x0000000702600000, 0x0000000702600000|100%| O|  |TAMS 0x0000000702600000, 0x0000000702400000| Untracked 
|  19|0x0000000702600000, 0x0000000702800000, 0x0000000702800000|100%| O|  |TAMS 0x0000000702800000, 0x0000000702600000| Untracked 
|  20|0x0000000702800000, 0x0000000702a00000, 0x0000000702a00000|100%| O|  |TAMS 0x0000000702a00000, 0x0000000702800000| Untracked 
|  21|0x0000000702a00000, 0x0000000702c00000, 0x0000000702c00000|100%| O|  |TAMS 0x0000000702c00000, 0x0000000702a00000| Untracked 
|  22|0x0000000702c00000, 0x0000000702c00000, 0x0000000702e00000|  0%| F|  |TAMS 0x0000000702c00000, 0x0000000702c00000| Untracked 
|  23|0x0000000702e00000, 0x0000000703000000, 0x0000000703000000|100%|HS|  |TAMS 0x0000000703000000, 0x0000000702e00000| Complete 
|  24|0x0000000703000000, 0x0000000703200000, 0x0000000703200000|100%|HS|  |TAMS 0x0000000703200000, 0x0000000703000000| Complete 
|  25|0x0000000703200000, 0x0000000703400000, 0x0000000703400000|100%|HC|  |TAMS 0x0000000703400000, 0x0000000703200000| Complete 
|  26|0x0000000703400000, 0x0000000703600000, 0x0000000703600000|100%| O|  |TAMS 0x0000000703600000, 0x0000000703400000| Untracked 
|  27|0x0000000703600000, 0x0000000703800000, 0x0000000703800000|100%| O|  |TAMS 0x0000000703800000, 0x0000000703600000| Untracked 
|  28|0x0000000703800000, 0x0000000703a00000, 0x0000000703a00000|100%| O|  |TAMS 0x0000000703a00000, 0x0000000703800000| Untracked 
|  29|0x0000000703a00000, 0x0000000703c00000, 0x0000000703c00000|100%| O|  |TAMS 0x0000000703c00000, 0x0000000703a00000| Untracked 
|  30|0x0000000703c00000, 0x0000000703e00000, 0x0000000703e00000|100%| O|  |TAMS 0x0000000703e00000, 0x0000000703c00000| Untracked 
|  31|0x0000000703e00000, 0x0000000704000000, 0x0000000704000000|100%| O|  |TAMS 0x0000000704000000, 0x0000000703e00000| Untracked 
|  32|0x0000000704000000, 0x0000000704200000, 0x0000000704200000|100%| O|  |TAMS 0x0000000704200000, 0x0000000704000000| Untracked 
|  33|0x0000000704200000, 0x0000000704400000, 0x0000000704400000|100%| O|  |TAMS 0x0000000704400000, 0x0000000704200000| Untracked 
|  34|0x0000000704400000, 0x0000000704600000, 0x0000000704600000|100%| O|  |TAMS 0x0000000704600000, 0x0000000704400000| Untracked 
|  35|0x0000000704600000, 0x0000000704800000, 0x0000000704800000|100%| O|  |TAMS 0x0000000704800000, 0x0000000704600000| Untracked 
|  36|0x0000000704800000, 0x0000000704a00000, 0x0000000704a00000|100%| O|  |TAMS 0x0000000704a00000, 0x0000000704800000| Untracked 
|  37|0x0000000704a00000, 0x0000000704c00000, 0x0000000704c00000|100%| O|  |TAMS 0x0000000704c00000, 0x0000000704a00000| Untracked 
|  38|0x0000000704c00000, 0x0000000704e00000, 0x0000000704e00000|100%| O|  |TAMS 0x0000000704e00000, 0x0000000704c00000| Untracked 
|  39|0x0000000704e00000, 0x0000000705000000, 0x0000000705000000|100%| O|  |TAMS 0x0000000705000000, 0x0000000704e00000| Untracked 
|  40|0x0000000705000000, 0x0000000705200000, 0x0000000705200000|100%|HS|  |TAMS 0x0000000705200000, 0x0000000705000000| Complete 
|  41|0x0000000705200000, 0x0000000705400000, 0x0000000705400000|100%|HC|  |TAMS 0x0000000705400000, 0x0000000705200000| Complete 
|  42|0x0000000705400000, 0x0000000705600000, 0x0000000705600000|100%|HS|  |TAMS 0x0000000705600000, 0x0000000705400000| Complete 
|  43|0x0000000705600000, 0x0000000705800000, 0x0000000705800000|100%|HC|  |TAMS 0x0000000705800000, 0x0000000705600000| Complete 
|  44|0x0000000705800000, 0x0000000705a00000, 0x0000000705a00000|100%|HC|  |TAMS 0x0000000705a00000, 0x0000000705800000| Complete 
|  45|0x0000000705a00000, 0x0000000705c00000, 0x0000000705c00000|100%| O|  |TAMS 0x0000000705c00000, 0x0000000705a00000| Untracked 
|  46|0x0000000705c00000, 0x0000000705e00000, 0x0000000705e00000|100%| O|  |TAMS 0x0000000705e00000, 0x0000000705c00000| Untracked 
|  47|0x0000000705e00000, 0x0000000706000000, 0x0000000706000000|100%| O|  |TAMS 0x0000000706000000, 0x0000000705e00000| Untracked 
|  48|0x0000000706000000, 0x0000000706200000, 0x0000000706200000|100%| O|  |TAMS 0x0000000706000000, 0x0000000706000000| Untracked 
|  49|0x0000000706200000, 0x0000000706400000, 0x0000000706400000|100%| O|  |TAMS 0x0000000706200000, 0x0000000706200000| Untracked 
|  50|0x0000000706400000, 0x0000000706600000, 0x0000000706600000|100%| O|  |TAMS 0x0000000706400000, 0x0000000706400000| Untracked 
|  51|0x0000000706600000, 0x0000000706800000, 0x0000000706800000|100%| O|  |TAMS 0x0000000706600000, 0x0000000706600000| Untracked 
|  52|0x0000000706800000, 0x0000000706a00000, 0x0000000706a00000|100%| O|  |TAMS 0x0000000706a00000, 0x0000000706800000| Untracked 
|  53|0x0000000706a00000, 0x0000000706c00000, 0x0000000706c00000|100%| O|  |TAMS 0x0000000706a00000, 0x0000000706a00000| Untracked 
|  54|0x0000000706c00000, 0x0000000706e00000, 0x0000000706e00000|100%| O|  |TAMS 0x0000000706e00000, 0x0000000706c00000| Untracked 
|  55|0x0000000706e00000, 0x0000000707000000, 0x0000000707000000|100%| O|  |TAMS 0x0000000706e00000, 0x0000000706e00000| Untracked 
|  56|0x0000000707000000, 0x0000000707200000, 0x0000000707200000|100%| O|  |TAMS 0x0000000707000000, 0x0000000707000000| Untracked 
|  57|0x0000000707200000, 0x0000000707400000, 0x0000000707400000|100%| O|  |TAMS 0x0000000707200000, 0x0000000707200000| Untracked 
|  58|0x0000000707400000, 0x0000000707600000, 0x0000000707600000|100%| O|  |TAMS 0x0000000707400000, 0x0000000707400000| Untracked 
|  59|0x0000000707600000, 0x0000000707800000, 0x0000000707800000|100%| O|  |TAMS 0x0000000707800000, 0x0000000707600000| Untracked 
|  60|0x0000000707800000, 0x0000000707a00000, 0x0000000707a00000|100%| O|  |TAMS 0x0000000707a00000, 0x0000000707800000| Untracked 
|  61|0x0000000707a00000, 0x0000000707c00000, 0x0000000707c00000|100%| O|  |TAMS 0x0000000707c00000, 0x0000000707a00000| Untracked 
|  62|0x0000000707c00000, 0x0000000707e00000, 0x0000000707e00000|100%| O|  |TAMS 0x0000000707de3800, 0x0000000707c00000| Untracked 
|  63|0x0000000707e00000, 0x0000000708000000, 0x0000000708000000|100%| O|  |TAMS 0x0000000707e00000, 0x0000000707e00000| Untracked 
|  64|0x0000000708000000, 0x0000000708200000, 0x0000000708200000|100%| O|  |TAMS 0x0000000708000000, 0x0000000708000000| Untracked 
|  65|0x0000000708200000, 0x0000000708400000, 0x0000000708400000|100%| O|  |TAMS 0x0000000708200000, 0x0000000708200000| Untracked 
|  66|0x0000000708400000, 0x00000007085b7200, 0x0000000708600000| 85%| O|  |TAMS 0x0000000708400000, 0x0000000708400000| Untracked 
|  67|0x0000000708600000, 0x0000000708600000, 0x0000000708800000|  0%| F|  |TAMS 0x0000000708600000, 0x0000000708600000| Untracked 
|  68|0x0000000708800000, 0x0000000708800000, 0x0000000708a00000|  0%| F|  |TAMS 0x0000000708800000, 0x0000000708800000| Untracked 
|  69|0x0000000708a00000, 0x0000000708a00000, 0x0000000708c00000|  0%| F|  |TAMS 0x0000000708a00000, 0x0000000708a00000| Untracked 
|  70|0x0000000708c00000, 0x0000000708c00000, 0x0000000708e00000|  0%| F|  |TAMS 0x0000000708c00000, 0x0000000708c00000| Untracked 
|  71|0x0000000708e00000, 0x0000000708e00000, 0x0000000709000000|  0%| F|  |TAMS 0x0000000708e00000, 0x0000000708e00000| Untracked 
|  72|0x0000000709000000, 0x0000000709000000, 0x0000000709200000|  0%| F|  |TAMS 0x0000000709000000, 0x0000000709000000| Untracked 
|  73|0x0000000709200000, 0x0000000709200000, 0x0000000709400000|  0%| F|  |TAMS 0x0000000709200000, 0x0000000709200000| Untracked 
|  74|0x0000000709400000, 0x0000000709400000, 0x0000000709600000|  0%| F|  |TAMS 0x0000000709400000, 0x0000000709400000| Untracked 
|  75|0x0000000709600000, 0x0000000709600000, 0x0000000709800000|  0%| F|  |TAMS 0x0000000709600000, 0x0000000709600000| Untracked 
|  76|0x0000000709800000, 0x0000000709800000, 0x0000000709a00000|  0%| F|  |TAMS 0x0000000709800000, 0x0000000709800000| Untracked 
|  77|0x0000000709a00000, 0x0000000709a00000, 0x0000000709c00000|  0%| F|  |TAMS 0x0000000709a00000, 0x0000000709a00000| Untracked 
|  78|0x0000000709c00000, 0x0000000709c00000, 0x0000000709e00000|  0%| F|  |TAMS 0x0000000709c00000, 0x0000000709c00000| Untracked 
|  79|0x0000000709e00000, 0x0000000709e00000, 0x000000070a000000|  0%| F|  |TAMS 0x0000000709e00000, 0x0000000709e00000| Untracked 
|  80|0x000000070a000000, 0x000000070a000000, 0x000000070a200000|  0%| F|  |TAMS 0x000000070a000000, 0x000000070a000000| Untracked 
|  81|0x000000070a200000, 0x000000070a200000, 0x000000070a400000|  0%| F|  |TAMS 0x000000070a200000, 0x000000070a200000| Untracked 
|  82|0x000000070a400000, 0x000000070a400000, 0x000000070a600000|  0%| F|  |TAMS 0x000000070a400000, 0x000000070a400000| Untracked 
|  83|0x000000070a600000, 0x000000070a600000, 0x000000070a800000|  0%| F|  |TAMS 0x000000070a600000, 0x000000070a600000| Untracked 
|  84|0x000000070a800000, 0x000000070a800000, 0x000000070aa00000|  0%| F|  |TAMS 0x000000070a800000, 0x000000070a800000| Untracked 
|  85|0x000000070aa00000, 0x000000070aa00000, 0x000000070ac00000|  0%| F|  |TAMS 0x000000070aa00000, 0x000000070aa00000| Untracked 
|  86|0x000000070ac00000, 0x000000070ac00000, 0x000000070ae00000|  0%| F|  |TAMS 0x000000070ac00000, 0x000000070ac00000| Untracked 
|  87|0x000000070ae00000, 0x000000070ae00000, 0x000000070b000000|  0%| F|  |TAMS 0x000000070ae00000, 0x000000070ae00000| Untracked 
|  88|0x000000070b000000, 0x000000070b000000, 0x000000070b200000|  0%| F|  |TAMS 0x000000070b000000, 0x000000070b000000| Untracked 
|  89|0x000000070b200000, 0x000000070b200000, 0x000000070b400000|  0%| F|  |TAMS 0x000000070b200000, 0x000000070b200000| Untracked 
|  90|0x000000070b400000, 0x000000070b400000, 0x000000070b600000|  0%| F|  |TAMS 0x000000070b400000, 0x000000070b400000| Untracked 
|  91|0x000000070b600000, 0x000000070b600000, 0x000000070b800000|  0%| F|  |TAMS 0x000000070b600000, 0x000000070b600000| Untracked 
|  92|0x000000070b800000, 0x000000070b862af0, 0x000000070ba00000| 19%| S|CS|TAMS 0x000000070b800000, 0x000000070b800000| Complete 
|  93|0x000000070ba00000, 0x000000070bc00000, 0x000000070bc00000|100%| S|CS|TAMS 0x000000070ba00000, 0x000000070ba00000| Complete 
|  94|0x000000070bc00000, 0x000000070be00000, 0x000000070be00000|100%| S|CS|TAMS 0x000000070bc00000, 0x000000070bc00000| Complete 
|  95|0x000000070be00000, 0x000000070c000000, 0x000000070c000000|100%| S|CS|TAMS 0x000000070be00000, 0x000000070be00000| Complete 
|  96|0x000000070c000000, 0x000000070c200000, 0x000000070c200000|100%| S|CS|TAMS 0x000000070c000000, 0x000000070c000000| Complete 
|  97|0x000000070c200000, 0x000000070c400000, 0x000000070c400000|100%| S|CS|TAMS 0x000000070c200000, 0x000000070c200000| Complete 
|  98|0x000000070c400000, 0x000000070c400000, 0x000000070c600000|  0%| F|  |TAMS 0x000000070c400000, 0x000000070c400000| Untracked 
|  99|0x000000070c600000, 0x000000070c600000, 0x000000070c800000|  0%| F|  |TAMS 0x000000070c600000, 0x000000070c600000| Untracked 
| 100|0x000000070c800000, 0x000000070c800000, 0x000000070ca00000|  0%| F|  |TAMS 0x000000070c800000, 0x000000070c800000| Untracked 
| 101|0x000000070ca00000, 0x000000070ca00000, 0x000000070cc00000|  0%| F|  |TAMS 0x000000070ca00000, 0x000000070ca00000| Untracked 
| 102|0x000000070cc00000, 0x000000070cc00000, 0x000000070ce00000|  0%| F|  |TAMS 0x000000070cc00000, 0x000000070cc00000| Untracked 
| 103|0x000000070ce00000, 0x000000070ce00000, 0x000000070d000000|  0%| F|  |TAMS 0x000000070ce00000, 0x000000070ce00000| Untracked 
| 104|0x000000070d000000, 0x000000070d000000, 0x000000070d200000|  0%| F|  |TAMS 0x000000070d000000, 0x000000070d000000| Untracked 
| 105|0x000000070d200000, 0x000000070d200000, 0x000000070d400000|  0%| F|  |TAMS 0x000000070d200000, 0x000000070d200000| Untracked 
| 106|0x000000070d400000, 0x000000070d400000, 0x000000070d600000|  0%| F|  |TAMS 0x000000070d400000, 0x000000070d400000| Untracked 
| 107|0x000000070d600000, 0x000000070d600000, 0x000000070d800000|  0%| F|  |TAMS 0x000000070d600000, 0x000000070d600000| Untracked 
| 108|0x000000070d800000, 0x000000070d800000, 0x000000070da00000|  0%| F|  |TAMS 0x000000070d800000, 0x000000070d800000| Untracked 
| 109|0x000000070da00000, 0x000000070da00000, 0x000000070dc00000|  0%| F|  |TAMS 0x000000070da00000, 0x000000070da00000| Untracked 
| 110|0x000000070dc00000, 0x000000070dc00000, 0x000000070de00000|  0%| F|  |TAMS 0x000000070dc00000, 0x000000070dc00000| Untracked 
| 111|0x000000070de00000, 0x000000070de00000, 0x000000070e000000|  0%| F|  |TAMS 0x000000070de00000, 0x000000070de00000| Untracked 
| 112|0x000000070e000000, 0x000000070e000000, 0x000000070e200000|  0%| F|  |TAMS 0x000000070e000000, 0x000000070e000000| Untracked 
| 113|0x000000070e200000, 0x000000070e200000, 0x000000070e400000|  0%| F|  |TAMS 0x000000070e200000, 0x000000070e200000| Untracked 
| 114|0x000000070e400000, 0x000000070e400000, 0x000000070e600000|  0%| F|  |TAMS 0x000000070e400000, 0x000000070e400000| Untracked 
| 115|0x000000070e600000, 0x000000070e600000, 0x000000070e800000|  0%| F|  |TAMS 0x000000070e600000, 0x000000070e600000| Untracked 
| 116|0x000000070e800000, 0x000000070e800000, 0x000000070ea00000|  0%| F|  |TAMS 0x000000070e800000, 0x000000070e800000| Untracked 
| 117|0x000000070ea00000, 0x000000070ea00000, 0x000000070ec00000|  0%| F|  |TAMS 0x000000070ea00000, 0x000000070ea00000| Untracked 
| 118|0x000000070ec00000, 0x000000070ec00000, 0x000000070ee00000|  0%| F|  |TAMS 0x000000070ec00000, 0x000000070ec00000| Untracked 
| 119|0x000000070ee00000, 0x000000070ee00000, 0x000000070f000000|  0%| F|  |TAMS 0x000000070ee00000, 0x000000070ee00000| Untracked 
| 120|0x000000070f000000, 0x000000070f000000, 0x000000070f200000|  0%| F|  |TAMS 0x000000070f000000, 0x000000070f000000| Untracked 
| 121|0x000000070f200000, 0x000000070f200000, 0x000000070f400000|  0%| F|  |TAMS 0x000000070f200000, 0x000000070f200000| Untracked 
| 122|0x000000070f400000, 0x000000070f400000, 0x000000070f600000|  0%| F|  |TAMS 0x000000070f400000, 0x000000070f400000| Untracked 
| 123|0x000000070f600000, 0x000000070f600000, 0x000000070f800000|  0%| F|  |TAMS 0x000000070f600000, 0x000000070f600000| Untracked 
| 124|0x000000070f800000, 0x000000070f800000, 0x000000070fa00000|  0%| F|  |TAMS 0x000000070f800000, 0x000000070f800000| Untracked 
| 125|0x000000070fa00000, 0x000000070fa00000, 0x000000070fc00000|  0%| F|  |TAMS 0x000000070fa00000, 0x000000070fa00000| Untracked 
| 126|0x000000070fc00000, 0x000000070fc00000, 0x000000070fe00000|  0%| F|  |TAMS 0x000000070fc00000, 0x000000070fc00000| Untracked 
| 127|0x000000070fe00000, 0x000000070fe00000, 0x0000000710000000|  0%| F|  |TAMS 0x000000070fe00000, 0x000000070fe00000| Untracked 
| 128|0x0000000710000000, 0x0000000710000000, 0x0000000710200000|  0%| F|  |TAMS 0x0000000710000000, 0x0000000710000000| Untracked 
| 129|0x0000000710200000, 0x0000000710200000, 0x0000000710400000|  0%| F|  |TAMS 0x0000000710200000, 0x0000000710200000| Untracked 
| 130|0x0000000710400000, 0x0000000710400000, 0x0000000710600000|  0%| F|  |TAMS 0x0000000710400000, 0x0000000710400000| Untracked 
| 131|0x0000000710600000, 0x0000000710600000, 0x0000000710800000|  0%| F|  |TAMS 0x0000000710600000, 0x0000000710600000| Untracked 
| 132|0x0000000710800000, 0x0000000710800000, 0x0000000710a00000|  0%| F|  |TAMS 0x0000000710800000, 0x0000000710800000| Untracked 
| 133|0x0000000710a00000, 0x0000000710a00000, 0x0000000710c00000|  0%| F|  |TAMS 0x0000000710a00000, 0x0000000710a00000| Untracked 
| 134|0x0000000710c00000, 0x0000000710c00000, 0x0000000710e00000|  0%| F|  |TAMS 0x0000000710c00000, 0x0000000710c00000| Untracked 
| 135|0x0000000710e00000, 0x0000000710e00000, 0x0000000711000000|  0%| F|  |TAMS 0x0000000710e00000, 0x0000000710e00000| Untracked 
| 136|0x0000000711000000, 0x0000000711000000, 0x0000000711200000|  0%| F|  |TAMS 0x0000000711000000, 0x0000000711000000| Untracked 
| 137|0x0000000711200000, 0x0000000711200000, 0x0000000711400000|  0%| F|  |TAMS 0x0000000711200000, 0x0000000711200000| Untracked 
| 138|0x0000000711400000, 0x0000000711400000, 0x0000000711600000|  0%| F|  |TAMS 0x0000000711400000, 0x0000000711400000| Untracked 
| 139|0x0000000711600000, 0x0000000711600000, 0x0000000711800000|  0%| F|  |TAMS 0x0000000711600000, 0x0000000711600000| Untracked 
| 140|0x0000000711800000, 0x0000000711800000, 0x0000000711a00000|  0%| F|  |TAMS 0x0000000711800000, 0x0000000711800000| Untracked 
| 141|0x0000000711a00000, 0x0000000711a00000, 0x0000000711c00000|  0%| F|  |TAMS 0x0000000711a00000, 0x0000000711a00000| Untracked 
| 142|0x0000000711c00000, 0x0000000711c00000, 0x0000000711e00000|  0%| F|  |TAMS 0x0000000711c00000, 0x0000000711c00000| Untracked 
| 143|0x0000000711e00000, 0x0000000711e00000, 0x0000000712000000|  0%| F|  |TAMS 0x0000000711e00000, 0x0000000711e00000| Untracked 
| 144|0x0000000712000000, 0x0000000712000000, 0x0000000712200000|  0%| F|  |TAMS 0x0000000712000000, 0x0000000712000000| Untracked 
| 145|0x0000000712200000, 0x0000000712200000, 0x0000000712400000|  0%| F|  |TAMS 0x0000000712200000, 0x0000000712200000| Untracked 
| 146|0x0000000712400000, 0x0000000712400000, 0x0000000712600000|  0%| F|  |TAMS 0x0000000712400000, 0x0000000712400000| Untracked 
| 147|0x0000000712600000, 0x0000000712600000, 0x0000000712800000|  0%| F|  |TAMS 0x0000000712600000, 0x0000000712600000| Untracked 
| 148|0x0000000712800000, 0x0000000712800000, 0x0000000712a00000|  0%| F|  |TAMS 0x0000000712800000, 0x0000000712800000| Untracked 
| 149|0x0000000712a00000, 0x0000000712a00000, 0x0000000712c00000|  0%| F|  |TAMS 0x0000000712a00000, 0x0000000712a00000| Untracked 
| 150|0x0000000712c00000, 0x0000000712c00000, 0x0000000712e00000|  0%| F|  |TAMS 0x0000000712c00000, 0x0000000712c00000| Untracked 
| 151|0x0000000712e00000, 0x0000000712e00000, 0x0000000713000000|  0%| F|  |TAMS 0x0000000712e00000, 0x0000000712e00000| Untracked 
| 152|0x0000000713000000, 0x0000000713000000, 0x0000000713200000|  0%| F|  |TAMS 0x0000000713000000, 0x0000000713000000| Untracked 
| 153|0x0000000713200000, 0x0000000713200000, 0x0000000713400000|  0%| F|  |TAMS 0x0000000713200000, 0x0000000713200000| Untracked 
| 154|0x0000000713400000, 0x0000000713400000, 0x0000000713600000|  0%| F|  |TAMS 0x0000000713400000, 0x0000000713400000| Untracked 
| 155|0x0000000713600000, 0x0000000713600000, 0x0000000713800000|  0%| F|  |TAMS 0x0000000713600000, 0x0000000713600000| Untracked 
| 156|0x0000000713800000, 0x0000000713800000, 0x0000000713a00000|  0%| F|  |TAMS 0x0000000713800000, 0x0000000713800000| Untracked 
| 157|0x0000000713a00000, 0x0000000713a00000, 0x0000000713c00000|  0%| F|  |TAMS 0x0000000713a00000, 0x0000000713a00000| Untracked 
| 158|0x0000000713c00000, 0x0000000713c00000, 0x0000000713e00000|  0%| F|  |TAMS 0x0000000713c00000, 0x0000000713c00000| Untracked 
| 159|0x0000000713e00000, 0x0000000713e00000, 0x0000000714000000|  0%| F|  |TAMS 0x0000000713e00000, 0x0000000713e00000| Untracked 
| 160|0x0000000714000000, 0x0000000714000000, 0x0000000714200000|  0%| F|  |TAMS 0x0000000714000000, 0x0000000714000000| Untracked 
| 161|0x0000000714200000, 0x0000000714200000, 0x0000000714400000|  0%| F|  |TAMS 0x0000000714200000, 0x0000000714200000| Untracked 
| 162|0x0000000714400000, 0x0000000714400000, 0x0000000714600000|  0%| F|  |TAMS 0x0000000714400000, 0x0000000714400000| Untracked 
| 163|0x0000000714600000, 0x0000000714600000, 0x0000000714800000|  0%| F|  |TAMS 0x0000000714600000, 0x0000000714600000| Untracked 
| 164|0x0000000714800000, 0x0000000714800000, 0x0000000714a00000|  0%| F|  |TAMS 0x0000000714800000, 0x0000000714800000| Untracked 
| 165|0x0000000714a00000, 0x0000000714a00000, 0x0000000714c00000|  0%| F|  |TAMS 0x0000000714a00000, 0x0000000714a00000| Untracked 
| 166|0x0000000714c00000, 0x0000000714c00000, 0x0000000714e00000|  0%| F|  |TAMS 0x0000000714c00000, 0x0000000714c00000| Untracked 
| 167|0x0000000714e00000, 0x0000000714e00000, 0x0000000715000000|  0%| F|  |TAMS 0x0000000714e00000, 0x0000000714e00000| Untracked 
| 168|0x0000000715000000, 0x0000000715000000, 0x0000000715200000|  0%| F|  |TAMS 0x0000000715000000, 0x0000000715000000| Untracked 
|2043|0x00000007ff600000, 0x00000007ff800000, 0x00000007ff800000|100%| O|  |TAMS 0x00000007ff800000, 0x00000007ff600000| Untracked 
|2044|0x00000007ff800000, 0x00000007ff9ffff8, 0x00000007ffa00000| 99%| O|  |TAMS 0x00000007ff9ffff8, 0x00000007ff800000| Untracked 
|2045|0x00000007ffa00000, 0x00000007ffc00000, 0x00000007ffc00000|100%| O|  |TAMS 0x00000007ffc00000, 0x00000007ffa00000| Untracked 
|2046|0x00000007ffc00000, 0x00000007ffe00000, 0x00000007ffe00000|100%| O|  |TAMS 0x00000007ffe00000, 0x00000007ffc00000| Untracked 
|2047|0x00000007ffe00000, 0x0000000800000000, 0x0000000800000000|100%| O|  |TAMS 0x0000000800000000, 0x00000007ffe00000| Untracked 

Card table byte_map: [0x0000026645900000,0x0000026646100000] _byte_map_base: 0x0000026642100000

Marking Bits (Prev, Next): (CMBitMap*) 0x0000026632cae2c0, (CMBitMap*) 0x0000026632cae300
 Prev Bits: [0x0000026646900000, 0x000002664a900000)
 Next Bits: [0x000002664a900000, 0x000002664e900000)

Polling page: 0x0000026630ba0000

Metaspace:

Usage:
  Non-class:    127.54 MB used.
      Class:     19.47 MB used.
       Both:    147.01 MB used.

Virtual space:
  Non-class space:      136.00 MB reserved,     128.00 MB ( 94%) committed,  17 nodes.
      Class space:        1.00 GB reserved,      19.88 MB (  2%) committed,  1 nodes.
             Both:        1.13 GB reserved,     147.88 MB ( 13%) committed. 

Chunk freelists:
   Non-Class:  3.89 MB
       Class:  112.00 KB
        Both:  4.00 MB

MaxMetaspaceSize: unlimited
CompressedClassSpaceSize: 1.00 GB
Initial GC threshold: 21.00 MB
Current GC threshold: 215.94 MB
CDS: off
MetaspaceReclaimPolicy: balanced
 - commit_granule_bytes: 65536.
 - commit_granule_words: 8192.
 - virtual_space_node_default_size: 1048576.
 - enlarge_chunks_in_place: 1.
 - new_chunks_are_fully_committed: 0.
 - uncommit_free_chunks: 1.
 - use_allocation_guard: 0.
 - handle_deallocations: 1.


Internal statistics:

num_allocs_failed_limit: 6.
num_arena_births: 1020.
num_arena_deaths: 6.
num_vsnodes_births: 18.
num_vsnodes_deaths: 0.
num_space_committed: 2364.
num_space_uncommitted: 0.
num_chunks_returned_to_freelist: 16.
num_chunks_taken_from_freelist: 6207.
num_chunk_merges: 6.
num_chunk_splits: 4564.
num_chunks_enlarged: 3544.
num_purges: 2.
num_inconsistent_stats: 0.

CodeHeap 'non-profiled nmethods': size=120000Kb used=8809Kb max_used=9593Kb free=111190Kb
 bounds [0x000002663dbd0000, 0x000002663e530000, 0x0000026645100000]
CodeHeap 'profiled nmethods': size=120000Kb used=29482Kb max_used=29482Kb free=90517Kb
 bounds [0x0000026636100000, 0x0000026637dd0000, 0x000002663d630000]
CodeHeap 'non-nmethods': size=5760Kb used=2541Kb max_used=2602Kb free=3218Kb
 bounds [0x000002663d630000, 0x000002663d8e0000, 0x000002663dbd0000]
 total_blobs=15662 nmethods=14570 adapters=1002
 compilation: enabled
              stopped_count=0, restarted_count=0
 full_count=0

Compilation events (20 events):
Event: 229.900 Thread 0x000002665187bac0 17706       3       org.gradle.internal.resource.local.DefaultPathKeyFileStore::getInProgressMarkerFile (34 bytes)
Event: 229.901 Thread 0x000002665187bac0 nmethod 17706 0x0000026637dc7d90 code [0x0000026637dc7fc0, 0x0000026637dc8738]
Event: 229.906 Thread 0x000002665187bac0 17709       3       com.sun.org.apache.xerces.internal.impl.XMLEntityScanner::arrangeCapacity (227 bytes)
Event: 229.907 Thread 0x000002665187bac0 nmethod 17709 0x0000026637dc8a10 code [0x0000026637dc8c20, 0x0000026637dc9238]
Event: 229.916 Thread 0x000002665187bac0 17710       3       com.sun.org.apache.xerces.internal.dom.ParentNode::nodeListGetLength (141 bytes)
Event: 229.916 Thread 0x000002665187bac0 nmethod 17710 0x0000026637dc9510 code [0x0000026637dc9720, 0x0000026637dc9e98]
Event: 229.916 Thread 0x000002665187bac0 17711       3       org.gradle.internal.component.external.model.VariantMetadataRules::<init> (22 bytes)
Event: 229.917 Thread 0x000002665187bac0 nmethod 17711 0x0000026637dca090 code [0x0000026637dca260, 0x0000026637dca7b8]
Event: 229.922 Thread 0x000002665187bac0 17712       3       org.gradle.internal.component.external.model.AbstractLazyModuleComponentResolveMetadata::<init> (29 bytes)
Event: 229.922 Thread 0x000002665187bac0 nmethod 17712 0x0000026637dca990 code [0x0000026637dcab60, 0x0000026637dcb0a8]
Event: 229.922 Thread 0x000002665187bac0 17713       3       org.gradle.internal.component.external.model.AbstractModuleComponentResolveMetadata::<init> (136 bytes)
Event: 229.923 Thread 0x000002665187bac0 nmethod 17713 0x0000026637dcb290 code [0x0000026637dcb520, 0x0000026637dccda8]
Event: 229.923 Thread 0x000002665187bac0 17714       3       org.gradle.internal.component.external.model.AbstractModuleComponentResolveMetadata::extractAttributes (13 bytes)
Event: 229.923 Thread 0x000002665187bac0 nmethod 17714 0x0000026637dcd190 code [0x0000026637dcd340, 0x0000026637dcd6a8]
Event: 229.928 Thread 0x000002665187bac0 17715       3       org.gradle.api.internal.artifacts.ivyservice.modulecache.ModuleMetadataSerializer$Writer::writeString (11 bytes)
Event: 229.929 Thread 0x000002665187bac0 nmethod 17715 0x0000026637dcd790 code [0x0000026637dcd940, 0x0000026637dcdb28]
Event: 229.999 Thread 0x000002665181b7f0 nmethod 17631 0x000002663e1fd990 code [0x000002663e1fde20, 0x000002663e2024a0]
Event: 230.000 Thread 0x000002665181b7f0 17708       4       com.sun.org.apache.xerces.internal.impl.XMLEntityScanner::checkBeforeLoad (140 bytes)
Event: 230.005 Thread 0x000002665181b7f0 nmethod 17708 0x000002663e1fd010 code [0x000002663e1fd1c0, 0x000002663e1fd758]
Event: 230.005 Thread 0x000002665181b7f0 17707       4       com.sun.org.apache.xerces.internal.util.SymbolTable::hash (53 bytes)

GC Heap History (20 events):
Event: 202.708 GC heap after
{Heap after GC invocations=77 (full 0):
 garbage-first heap   total 251904K, used 80796K [0x0000000700000000, 0x0000000800000000)
  region size 2048K, 1 young (2048K), 1 survivors (2048K)
 Metaspace       used 95428K, committed 96064K, reserved 1138688K
  class space    used 12749K, committed 13056K, reserved 1048576K
}
Event: 203.407 GC heap before
{Heap before GC invocations=77 (full 0):
 garbage-first heap   total 251904K, used 220060K [0x0000000700000000, 0x0000000800000000)
  region size 2048K, 69 young (141312K), 1 survivors (2048K)
 Metaspace       used 95429K, committed 96064K, reserved 1138688K
  class space    used 12749K, committed 13056K, reserved 1048576K
}
Event: 203.409 GC heap after
{Heap after GC invocations=78 (full 0):
 garbage-first heap   total 251904K, used 81080K [0x0000000700000000, 0x0000000800000000)
  region size 2048K, 1 young (2048K), 1 survivors (2048K)
 Metaspace       used 95429K, committed 96064K, reserved 1138688K
  class space    used 12749K, committed 13056K, reserved 1048576K
}
Event: 203.666 GC heap before
{Heap before GC invocations=78 (full 0):
 garbage-first heap   total 251904K, used 220344K [0x0000000700000000, 0x0000000800000000)
  region size 2048K, 69 young (141312K), 1 survivors (2048K)
 Metaspace       used 95441K, committed 96128K, reserved 1138688K
  class space    used 12749K, committed 13056K, reserved 1048576K
}
Event: 203.668 GC heap after
{Heap after GC invocations=79 (full 0):
 garbage-first heap   total 251904K, used 80633K [0x0000000700000000, 0x0000000800000000)
  region size 2048K, 1 young (2048K), 1 survivors (2048K)
 Metaspace       used 95441K, committed 96128K, reserved 1138688K
  class space    used 12749K, committed 13056K, reserved 1048576K
}
Event: 208.414 GC heap before
{Heap before GC invocations=79 (full 0):
 garbage-first heap   total 251904K, used 223993K [0x0000000700000000, 0x0000000800000000)
  region size 2048K, 69 young (141312K), 1 survivors (2048K)
 Metaspace       used 105729K, committed 106432K, reserved 1146880K
  class space    used 14512K, committed 14848K, reserved 1048576K
}
Event: 208.443 GC heap after
{Heap after GC invocations=80 (full 0):
 garbage-first heap   total 251904K, used 86739K [0x0000000700000000, 0x0000000800000000)
  region size 2048K, 2 young (4096K), 2 survivors (4096K)
 Metaspace       used 105729K, committed 106432K, reserved 1146880K
  class space    used 14512K, committed 14848K, reserved 1048576K
}
Event: 210.010 GC heap before
{Heap before GC invocations=80 (full 0):
 garbage-first heap   total 251904K, used 230099K [0x0000000700000000, 0x0000000800000000)
  region size 2048K, 66 young (135168K), 2 survivors (4096K)
 Metaspace       used 110541K, committed 111296K, reserved 1146880K
  class space    used 15115K, committed 15488K, reserved 1048576K
}
Event: 210.071 GC heap after
{Heap after GC invocations=81 (full 0):
 garbage-first heap   total 262144K, used 113712K [0x0000000700000000, 0x0000000800000000)
  region size 2048K, 9 young (18432K), 9 survivors (18432K)
 Metaspace       used 110541K, committed 111296K, reserved 1146880K
  class space    used 15115K, committed 15488K, reserved 1048576K
}
Event: 211.484 GC heap before
{Heap before GC invocations=81 (full 0):
 garbage-first heap   total 262144K, used 212016K [0x0000000700000000, 0x0000000800000000)
  region size 2048K, 54 young (110592K), 9 survivors (18432K)
 Metaspace       used 120064K, committed 120768K, reserved 1155072K
  class space    used 16082K, committed 16448K, reserved 1048576K
}
Event: 211.522 GC heap after
{Heap after GC invocations=82 (full 0):
 garbage-first heap   total 262144K, used 129572K [0x0000000700000000, 0x0000000800000000)
  region size 2048K, 5 young (10240K), 5 survivors (10240K)
 Metaspace       used 120064K, committed 120768K, reserved 1155072K
  class space    used 16082K, committed 16448K, reserved 1048576K
}
Event: 213.620 GC heap before
{Heap before GC invocations=82 (full 0):
 garbage-first heap   total 262144K, used 209444K [0x0000000700000000, 0x0000000800000000)
  region size 2048K, 44 young (90112K), 5 survivors (10240K)
 Metaspace       used 128277K, committed 128960K, reserved 1163264K
  class space    used 17150K, committed 17472K, reserved 1048576K
}
Event: 213.654 GC heap after
{Heap after GC invocations=83 (full 0):
 garbage-first heap   total 262144K, used 136808K [0x0000000700000000, 0x0000000800000000)
  region size 2048K, 4 young (8192K), 4 survivors (8192K)
 Metaspace       used 128277K, committed 128960K, reserved 1163264K
  class space    used 17150K, committed 17472K, reserved 1048576K
}
Event: 214.471 GC heap before
{Heap before GC invocations=83 (full 0):
 garbage-first heap   total 356352K, used 210536K [0x0000000700000000, 0x0000000800000000)
  region size 2048K, 40 young (81920K), 4 survivors (8192K)
 Metaspace       used 131917K, committed 132672K, reserved 1171456K
  class space    used 17566K, committed 17920K, reserved 1048576K
}
Event: 214.499 GC heap after
{Heap after GC invocations=84 (full 0):
 garbage-first heap   total 356352K, used 139611K [0x0000000700000000, 0x0000000800000000)
  region size 2048K, 3 young (6144K), 3 survivors (6144K)
 Metaspace       used 131917K, committed 132672K, reserved 1171456K
  class space    used 17566K, committed 17920K, reserved 1048576K
}
Event: 221.452 GC heap before
{Heap before GC invocations=85 (full 0):
 garbage-first heap   total 356352K, used 287067K [0x0000000700000000, 0x0000000800000000)
  region size 2048K, 76 young (155648K), 3 survivors (6144K)
 Metaspace       used 143332K, committed 144064K, reserved 1179648K
  class space    used 18925K, committed 19264K, reserved 1048576K
}
Event: 221.493 GC heap after
{Heap after GC invocations=86 (full 0):
 garbage-first heap   total 356352K, used 147289K [0x0000000700000000, 0x0000000800000000)
  region size 2048K, 7 young (14336K), 7 survivors (14336K)
 Metaspace       used 143332K, committed 144064K, reserved 1179648K
  class space    used 18925K, committed 19264K, reserved 1048576K
}
Event: 221.548 GC heap before
{Heap before GC invocations=86 (full 0):
 garbage-first heap   total 356352K, used 147289K [0x0000000700000000, 0x0000000800000000)
  region size 2048K, 8 young (16384K), 7 survivors (14336K)
 Metaspace       used 143616K, committed 144384K, reserved 1179648K
  class space    used 18976K, committed 19328K, reserved 1048576K
}
Event: 221.605 GC heap after
{Heap after GC invocations=87 (full 0):
 garbage-first heap   total 356352K, used 147164K [0x0000000700000000, 0x0000000800000000)
  region size 2048K, 1 young (2048K), 1 survivors (2048K)
 Metaspace       used 143616K, committed 144384K, reserved 1179648K
  class space    used 18976K, committed 19328K, reserved 1048576K
}
Event: 230.024 GC heap before
{Heap before GC invocations=87 (full 0):
 garbage-first heap   total 356352K, used 290524K [0x0000000700000000, 0x0000000800000000)
  region size 2048K, 71 young (145408K), 1 survivors (2048K)
 Metaspace       used 150534K, committed 151424K, reserved 1187840K
  class space    used 19932K, committed 20352K, reserved 1048576K
}

Dll operation events (2 events):
Event: 0.012 Loaded shared library C:\Program Files\Android\Android Studio\jbr\bin\java.dll
Event: 0.544 Loaded shared library C:\Program Files\Android\Android Studio\jbr\bin\verify.dll

Deoptimization events (20 events):
Event: 229.684 Thread 0x0000026654870a00 Uncommon trap: trap_request=0xffffff45 fr.pc=0x000002663e27b8fc relative=0x000000000000007c
Event: 229.684 Thread 0x0000026654870a00 Uncommon trap: reason=unstable_if action=reinterpret pc=0x000002663e27b8fc method=com.sun.org.apache.xerces.internal.impl.XMLEntityScanner.checkBeforeLoad(Lcom/sun/xml/internal/stream/Entity$ScannedEntity;II)I @ 18 c2
Event: 229.684 Thread 0x0000026654870a00 DEOPT PACKING pc=0x000002663e27b8fc sp=0x00000085890fcb50
Event: 229.684 Thread 0x0000026654870a00 DEOPT UNPACKING pc=0x000002663d68a1a3 sp=0x00000085890fcac0 mode 2
Event: 229.713 Thread 0x0000026654870a00 DEOPT PACKING pc=0x0000026636f37de9 sp=0x00000085890fc7d0
Event: 229.714 Thread 0x0000026654870a00 DEOPT UNPACKING pc=0x000002663d68ace3 sp=0x00000085890fbcf8 mode 0
Event: 229.717 Thread 0x0000026654870a00 Uncommon trap: trap_request=0xffffff45 fr.pc=0x000002663e233a3c relative=0x000000000000021c
Event: 229.717 Thread 0x0000026654870a00 Uncommon trap: reason=unstable_if action=reinterpret pc=0x000002663e233a3c method=com.sun.org.apache.xerces.internal.dom.ParentNode.nodeListGetLength()I @ 22 c2
Event: 229.717 Thread 0x0000026654870a00 DEOPT PACKING pc=0x000002663e233a3c sp=0x00000085890fd060
Event: 229.717 Thread 0x0000026654870a00 DEOPT UNPACKING pc=0x000002663d68a1a3 sp=0x00000085890fcfa8 mode 2
Event: 229.905 Thread 0x000002665486c1d0 DEOPT PACKING pc=0x0000026636f37de9 sp=0x00000085896fbdc0
Event: 229.905 Thread 0x000002665486c1d0 DEOPT UNPACKING pc=0x000002663d68ace3 sp=0x00000085896fb2e8 mode 0
Event: 229.906 Thread 0x000002665486c1d0 Uncommon trap: trap_request=0xffffff45 fr.pc=0x000002663e437744 relative=0x0000000000000104
Event: 229.906 Thread 0x000002665486c1d0 Uncommon trap: reason=unstable_if action=reinterpret pc=0x000002663e437744 method=com.sun.org.apache.xerces.internal.impl.XMLEntityScanner.arrangeCapacity(IZ)Z @ 59 c2
Event: 229.906 Thread 0x000002665486c1d0 DEOPT PACKING pc=0x000002663e437744 sp=0x00000085896fbde0
Event: 229.906 Thread 0x000002665486c1d0 DEOPT UNPACKING pc=0x000002663d68a1a3 sp=0x00000085896fbd60 mode 2
Event: 229.914 Thread 0x000002665486c1d0 Uncommon trap: trap_request=0xffffff45 fr.pc=0x000002663e3443bc relative=0x000000000000021c
Event: 229.914 Thread 0x000002665486c1d0 Uncommon trap: reason=unstable_if action=reinterpret pc=0x000002663e3443bc method=com.sun.org.apache.xerces.internal.dom.ParentNode.nodeListGetLength()I @ 22 c2
Event: 229.914 Thread 0x000002665486c1d0 DEOPT PACKING pc=0x000002663e3443bc sp=0x00000085896fc2c0
Event: 229.914 Thread 0x000002665486c1d0 DEOPT UNPACKING pc=0x000002663d68a1a3 sp=0x00000085896fc268 mode 2

Classes unloaded (9 events):
Event: 189.335 Thread 0x0000026650df0e60 Unloading class 0x0000000800aca000 '_BuildScript_$_run_closure1'
Event: 189.335 Thread 0x0000026650df0e60 Unloading class 0x0000000800ac9800 '_BuildScript_'
Event: 189.335 Thread 0x0000026650df0e60 Unloading class 0x0000000800ac0820 '_BuildScript_$_run_closure4'
Event: 189.335 Thread 0x0000026650df0e60 Unloading class 0x0000000800ac0410 '_BuildScript_$_run_closure3'
Event: 189.335 Thread 0x0000026650df0e60 Unloading class 0x0000000800ac0000 '_BuildScript_$_run_closure2'
Event: 189.336 Thread 0x0000026650df0e60 Unloading class 0x0000000800ab9970 '_BuildScript_$_run_closure1$_closure5'
Event: 189.336 Thread 0x0000026650df0e60 Unloading class 0x0000000800ab9560 '_BuildScript_$_run_closure1'
Event: 189.336 Thread 0x0000026650df0e60 Unloading class 0x0000000800ab9000 '_BuildScript_'
Event: 189.336 Thread 0x0000026650df0e60 Unloading class 0x0000000800aa8800 '_BuildScript_'

Classes redefined (0 events):
No events

Internal exceptions (20 events):
Event: 225.788 Thread 0x0000026653c9c0b0 Exception <a 'java/lang/ClassNotFoundException'{0x0000000710ce57a8}: com/android/build/gradle/internal/tasks/CompressAssetsTaskBeanInfo> (0x0000000710ce57a8) 
thrown [s\src\hotspot\share\classfile\systemDictionary.cpp, line 256]
Event: 225.788 Thread 0x0000026653c9c0b0 Exception <a 'java/lang/ClassNotFoundException'{0x0000000710cf5480}: com/android/build/gradle/internal/tasks/CompressAssetsTaskCustomizer> (0x0000000710cf5480) 
thrown [s\src\hotspot\share\classfile\systemDictionary.cpp, line 256]
Event: 225.789 Thread 0x0000026653c9c0b0 Exception <a 'java/lang/ClassNotFoundException'{0x0000000710d1b218}: com/android/build/gradle/internal/tasks/CompressAssetsTask_DecoratedCustomizer> (0x0000000710d1b218) 
thrown [s\src\hotspot\share\classfile\systemDictionary.cpp, line 256]
Event: 225.941 Thread 0x0000026653c9c0b0 Exception <a 'java/lang/ClassNotFoundException'{0x0000000710708910}: java/lang/IntegerBeanInfo> (0x0000000710708910) 
thrown [s\src\hotspot\share\classfile\systemDictionary.cpp, line 256]
Event: 225.942 Thread 0x0000026653c9c0b0 Exception <a 'java/lang/ClassNotFoundException'{0x0000000710712850}: java/lang/NumberBeanInfo> (0x0000000710712850) 
thrown [s\src\hotspot\share\classfile\systemDictionary.cpp, line 256]
Event: 225.942 Thread 0x0000026653c9c0b0 Exception <a 'java/lang/ClassNotFoundException'{0x000000071071c788}: java/lang/NumberCustomizer> (0x000000071071c788) 
thrown [s\src\hotspot\share\classfile\systemDictionary.cpp, line 256]
Event: 225.950 Thread 0x0000026653c9c0b0 Exception <a 'java/lang/ClassNotFoundException'{0x000000071072a458}: java/lang/IntegerCustomizer> (0x000000071072a458) 
thrown [s\src\hotspot\share\classfile\systemDictionary.cpp, line 256]
Event: 225.972 Thread 0x0000026653c9c0b0 Exception <a 'java/lang/ClassNotFoundException'{0x00000007107a1e68}: java/util/concurrent/ConcurrentHashMap$MapEntryBeanInfo> (0x00000007107a1e68) 
thrown [s\src\hotspot\share\classfile\systemDictionary.cpp, line 256]
Event: 225.973 Thread 0x0000026653c9c0b0 Exception <a 'java/lang/ClassNotFoundException'{0x00000007107acda0}: java/util/concurrent/ConcurrentHashMap$MapEntryCustomizer> (0x00000007107acda0) 
thrown [s\src\hotspot\share\classfile\systemDictionary.cpp, line 256]
Event: 226.498 Thread 0x0000026653e32bc0 Exception <a 'sun/nio/fs/WindowsException'{0x000000070e622d30}> (0x000000070e622d30) 
thrown [s\src\hotspot\share\prims\jni.cpp, line 517]
Event: 226.508 Thread 0x0000026653e32bc0 Exception <a 'sun/nio/fs/WindowsException'{0x000000070e65f810}> (0x000000070e65f810) 
thrown [s\src\hotspot\share\prims\jni.cpp, line 517]
Event: 226.518 Thread 0x0000026653e32bc0 Exception <a 'sun/nio/fs/WindowsException'{0x000000070e65f988}> (0x000000070e65f988) 
thrown [s\src\hotspot\share\prims\jni.cpp, line 517]
Event: 226.541 Thread 0x0000026653c9c0b0 Exception <a 'java/lang/ClassNotFoundException'{0x000000070e6a4260}: build_44vy6p5ymad0axxibzn5wcchbBeanInfo> (0x000000070e6a4260) 
thrown [s\src\hotspot\share\classfile\systemDictionary.cpp, line 256]
Event: 226.541 Thread 0x0000026653c9c0b0 Exception <a 'java/lang/ClassNotFoundException'{0x000000070e6aaa98}: build_44vy6p5ymad0axxibzn5wcchbCustomizer> (0x000000070e6aaa98) 
thrown [s\src\hotspot\share\classfile\systemDictionary.cpp, line 256]
Event: 226.555 Thread 0x0000026653c9c0b0 Exception <a 'java/lang/ClassNotFoundException'{0x000000070e6ffb60}: org/gradle/api/internal/initialization/DefaultScriptHandlerBeanInfo> (0x000000070e6ffb60) 
thrown [s\src\hotspot\share\classfile\systemDictionary.cpp, line 256]
Event: 226.558 Thread 0x0000026653c9c0b0 Exception <a 'java/lang/ClassNotFoundException'{0x000000070e711ef0}: org/gradle/api/internal/initialization/DefaultScriptHandlerCustomizer> (0x000000070e711ef0) 
thrown [s\src\hotspot\share\classfile\systemDictionary.cpp, line 256]
Event: 226.979 Thread 0x0000026653c9c0b0 Implicit null exception at 0x000002663df3d9b9 to 0x000002663df3dc34
Event: 228.410 Thread 0x000002665492ff30 Implicit null exception at 0x000002663df63f02 to 0x000002663df69a24
Event: 228.410 Thread 0x000002665486e380 Implicit null exception at 0x000002663df63f02 to 0x000002663df69a24
Event: 228.410 Thread 0x000002665492ebf0 Implicit null exception at 0x000002663df63f02 to 0x000002663df69a24

VM Operations (20 events):
Event: 226.060 Executing VM operation: ICBufferFull done
Event: 226.501 Executing VM operation: HandshakeAllThreads
Event: 226.502 Executing VM operation: HandshakeAllThreads done
Event: 226.607 Executing VM operation: ICBufferFull
Event: 226.608 Executing VM operation: ICBufferFull done
Event: 227.264 Executing VM operation: HandshakeAllThreads
Event: 227.264 Executing VM operation: HandshakeAllThreads done
Event: 227.445 Executing VM operation: HandshakeAllThreads
Event: 227.446 Executing VM operation: HandshakeAllThreads done
Event: 227.446 Executing VM operation: HandshakeAllThreads
Event: 227.448 Executing VM operation: HandshakeAllThreads done
Event: 227.480 Executing VM operation: HandshakeAllThreads
Event: 227.493 Executing VM operation: HandshakeAllThreads done
Event: 227.568 Executing VM operation: ICBufferFull
Event: 227.568 Executing VM operation: ICBufferFull done
Event: 228.573 Executing VM operation: Cleanup
Event: 228.574 Executing VM operation: Cleanup done
Event: 229.574 Executing VM operation: Cleanup
Event: 229.574 Executing VM operation: Cleanup done
Event: 230.006 Executing VM operation: G1CollectForAllocation

Events (20 events):
Event: 227.517 Thread 0x0000026651820d10 flushing nmethod 0x00000266377a7f90
Event: 227.517 Thread 0x0000026651820d10 flushing nmethod 0x00000266377cb390
Event: 227.518 Thread 0x0000026651820d10 flushing nmethod 0x000002663789d790
Event: 227.518 Thread 0x0000026651820d10 flushing nmethod 0x00000266378fc690
Event: 227.518 Thread 0x0000026651820d10 flushing nmethod 0x000002663791d210
Event: 227.518 Thread 0x0000026651820d10 flushing nmethod 0x0000026637929a90
Event: 227.518 Thread 0x0000026651820d10 flushing nmethod 0x00000266379f9990
Event: 227.518 Thread 0x0000026651820d10 flushing nmethod 0x00000266379fa190
Event: 227.518 Thread 0x0000026651820d10 flushing nmethod 0x0000026637a14410
Event: 227.519 Thread 0x0000026651820d10 flushing nmethod 0x0000026637a3a810
Event: 227.519 Thread 0x0000026651820d10 flushing nmethod 0x0000026637bb3090
Event: 227.520 Thread 0x0000026651820d10 flushing nmethod 0x0000026637c03610
Event: 227.520 Thread 0x0000026651820d10 flushing nmethod 0x0000026637c22590
Event: 227.520 Thread 0x0000026651820d10 flushing nmethod 0x0000026637c42090
Event: 227.596 loading class sun/security/ssl/PreSharedKeyExtension$SHPreSharedKeySpec
Event: 227.596 loading class sun/security/ssl/PreSharedKeyExtension$SHPreSharedKeySpec done
Event: 228.479 loading class com/sun/org/apache/xerces/internal/dom/DeferredCommentImpl
Event: 228.479 loading class com/sun/org/apache/xerces/internal/dom/CommentImpl
Event: 228.480 loading class com/sun/org/apache/xerces/internal/dom/CommentImpl done
Event: 228.480 loading class com/sun/org/apache/xerces/internal/dom/DeferredCommentImpl done


Dynamic libraries:
0x00007ff717340000 - 0x00007ff71734a000 	C:\Program Files\Android\Android Studio\jbr\bin\java.exe
0x00007ffb879d0000 - 0x00007ffb87be6000 	C:\windows\SYSTEM32\ntdll.dll
0x00007ffb86bc0000 - 0x00007ffb86c84000 	C:\windows\System32\KERNEL32.DLL
0x00007ffb84f70000 - 0x00007ffb85317000 	C:\windows\System32\KERNELBASE.dll
0x00007ffb84e50000 - 0x00007ffb84f61000 	C:\windows\System32\ucrtbase.dll
0x00007ffb7c8a0000 - 0x00007ffb7c8b7000 	C:\Program Files\Android\Android Studio\jbr\bin\jli.dll
0x00007ffb87100000 - 0x00007ffb872ae000 	C:\windows\System32\USER32.dll
0x00007ffb85320000 - 0x00007ffb85346000 	C:\windows\System32\win32u.dll
0x00007ffb86b90000 - 0x00007ffb86bb9000 	C:\windows\System32\GDI32.dll
0x00007ffb85350000 - 0x00007ffb85469000 	C:\windows\System32\gdi32full.dll
0x00007ffb85660000 - 0x00007ffb856fa000 	C:\windows\System32\msvcp_win.dll
0x00007ffb79ba0000 - 0x00007ffb79bbb000 	C:\Program Files\Android\Android Studio\jbr\bin\VCRUNTIME140.dll
0x00007ffb6a570000 - 0x00007ffb6a803000 	C:\windows\WinSxS\amd64_microsoft.windows.common-controls_6595b64144ccf1df_6.0.22621.3235_none_270f74e173860f98\COMCTL32.dll
0x00007ffb857e0000 - 0x00007ffb85887000 	C:\windows\System32\msvcrt.dll
0x00007ffb87950000 - 0x00007ffb87981000 	C:\windows\System32\IMM32.DLL
0x00007ffb7f240000 - 0x00007ffb7f24c000 	C:\Program Files\Android\Android Studio\jbr\bin\vcruntime140_1.dll
0x00007ffb559b0000 - 0x00007ffb55a3d000 	C:\Program Files\Android\Android Studio\jbr\bin\msvcp140.dll
0x00007ffb37e70000 - 0x00007ffb38add000 	C:\Program Files\Android\Android Studio\jbr\bin\server\jvm.dll
0x00007ffb86e70000 - 0x00007ffb86f22000 	C:\windows\System32\ADVAPI32.dll
0x00007ffb873a0000 - 0x00007ffb87448000 	C:\windows\System32\sechost.dll
0x00007ffb84d60000 - 0x00007ffb84d88000 	C:\windows\System32\bcrypt.dll
0x00007ffb85a40000 - 0x00007ffb85b55000 	C:\windows\System32\RPCRT4.dll
0x00007ffb7d410000 - 0x00007ffb7d419000 	C:\windows\SYSTEM32\WSOCK32.dll
0x00007ffb86df0000 - 0x00007ffb86e61000 	C:\windows\System32\WS2_32.dll
0x00007ffb796a0000 - 0x00007ffb796aa000 	C:\windows\SYSTEM32\VERSION.dll
0x00007ffb79b60000 - 0x00007ffb79b94000 	C:\windows\SYSTEM32\WINMM.dll
0x00007ffb83da0000 - 0x00007ffb83db8000 	C:\windows\SYSTEM32\kernel.appcore.dll
0x00007ffb7d020000 - 0x00007ffb7d02a000 	C:\Program Files\Android\Android Studio\jbr\bin\jimage.dll
0x00007ffb83170000 - 0x00007ffb833a3000 	C:\windows\SYSTEM32\DBGHELP.DLL
0x00007ffb87450000 - 0x00007ffb877d8000 	C:\windows\System32\combase.dll
0x00007ffb872b0000 - 0x00007ffb87387000 	C:\windows\System32\OLEAUT32.dll
0x00007ffb5bf30000 - 0x00007ffb5bf62000 	C:\windows\SYSTEM32\dbgcore.DLL
0x00007ffb85470000 - 0x00007ffb854e9000 	C:\windows\System32\bcryptPrimitives.dll
0x00007ffb73a90000 - 0x00007ffb73ab5000 	C:\Program Files\Android\Android Studio\jbr\bin\java.dll
0x00007ffb6d7a0000 - 0x00007ffb6d7b8000 	C:\Program Files\Android\Android Studio\jbr\bin\zip.dll
0x00007ffb85bd0000 - 0x00007ffb8642c000 	C:\windows\System32\SHELL32.dll
0x00007ffb82870000 - 0x00007ffb83169000 	C:\windows\SYSTEM32\windows.storage.dll
0x00007ffb82680000 - 0x00007ffb827be000 	C:\windows\SYSTEM32\wintypes.dll
0x00007ffb87850000 - 0x00007ffb87943000 	C:\windows\System32\SHCORE.dll
0x00007ffb85700000 - 0x00007ffb8575e000 	C:\windows\System32\shlwapi.dll
0x00007ffb84c20000 - 0x00007ffb84c41000 	C:\windows\SYSTEM32\profapi.dll
0x00007ffb6ce60000 - 0x00007ffb6ce79000 	C:\Program Files\Android\Android Studio\jbr\bin\net.dll
0x00007ffb7c6b0000 - 0x00007ffb7c7e6000 	C:\windows\SYSTEM32\WINHTTP.dll
0x00007ffb84290000 - 0x00007ffb842f9000 	C:\windows\system32\mswsock.dll
0x00007ffb6ce40000 - 0x00007ffb6ce56000 	C:\Program Files\Android\Android Studio\jbr\bin\nio.dll
0x00007ffb77240000 - 0x00007ffb77250000 	C:\Program Files\Android\Android Studio\jbr\bin\verify.dll
0x00007ffb6e430000 - 0x00007ffb6e457000 	C:\Users\HP 14\.gradle\native\c067742578af261105cb4f569cf0c3c89f3d7b1fecec35dd04571415982c5e48\windows-amd64\native-platform.dll
0x00007ffb496a0000 - 0x00007ffb497e4000 	C:\Users\HP 14\.gradle\native\38dada09dfb8b06ba9b0570ebf7e218e3eb74d4ef43ca46872605cf95ebc2f47\windows-amd64\native-platform-file-events.dll
0x00007ffb73ad0000 - 0x00007ffb73ad9000 	C:\Program Files\Android\Android Studio\jbr\bin\management.dll
0x00007ffb6e200000 - 0x00007ffb6e20b000 	C:\Program Files\Android\Android Studio\jbr\bin\management_ext.dll
0x00007ffb86930000 - 0x00007ffb86938000 	C:\windows\System32\PSAPI.DLL
0x00007ffb844f0000 - 0x00007ffb8450b000 	C:\windows\SYSTEM32\CRYPTSP.dll
0x00007ffb83d00000 - 0x00007ffb83d35000 	C:\windows\system32\rsaenh.dll
0x00007ffb84390000 - 0x00007ffb843b8000 	C:\windows\SYSTEM32\USERENV.dll
0x00007ffb84510000 - 0x00007ffb8451c000 	C:\windows\SYSTEM32\CRYPTBASE.dll
0x00007ffb837a0000 - 0x00007ffb837cd000 	C:\windows\SYSTEM32\IPHLPAPI.DLL
0x00007ffb87390000 - 0x00007ffb87399000 	C:\windows\System32\NSI.dll
0x00007ffb7c970000 - 0x00007ffb7c989000 	C:\windows\SYSTEM32\dhcpcsvc6.DLL
0x00007ffb7c950000 - 0x00007ffb7c96f000 	C:\windows\SYSTEM32\dhcpcsvc.DLL
0x00007ffb837d0000 - 0x00007ffb838c9000 	C:\windows\SYSTEM32\DNSAPI.dll
0x00007ffb6dda0000 - 0x00007ffb6dda8000 	C:\windows\system32\wshunix.dll
0x00007ffb774e0000 - 0x00007ffb774ea000 	C:\Windows\System32\rasadhlp.dll
0x00007ffb77b70000 - 0x00007ffb77bf3000 	C:\windows\System32\fwpuclnt.dll

dbghelp: loaded successfully - version: 4.0.5 - missing functions: none
symbol engine: initialized successfully - sym options: 0x614 - pdb path: .;C:\Program Files\Android\Android Studio\jbr\bin;C:\windows\SYSTEM32;C:\windows\WinSxS\amd64_microsoft.windows.common-controls_6595b64144ccf1df_6.0.22621.3235_none_270f74e173860f98;C:\Program Files\Android\Android Studio\jbr\bin\server;C:\Users\HP 14\.gradle\native\c067742578af261105cb4f569cf0c3c89f3d7b1fecec35dd04571415982c5e48\windows-amd64;C:\Users\HP 14\.gradle\native\38dada09dfb8b06ba9b0570ebf7e218e3eb74d4ef43ca46872605cf95ebc2f47\windows-amd64

VM Arguments:
jvm_args: --add-opens=java.base/java.util=ALL-UNNAMED --add-opens=java.base/java.lang=ALL-UNNAMED --add-opens=java.base/java.lang.invoke=ALL-UNNAMED --add-opens=java.prefs/java.util.prefs=ALL-UNNAMED --add-opens=java.base/java.nio.charset=ALL-UNNAMED --add-opens=java.base/java.net=ALL-UNNAMED --add-opens=java.base/java.util.concurrent.atomic=ALL-UNNAMED -Xmx4G -Dfile.encoding=windows-1252 -Duser.country=ID -Duser.language=en -Duser.variant 
java_command: org.gradle.launcher.daemon.bootstrap.GradleDaemon 7.6.3
java_class_path (initial): C:\Users\HP 14\.gradle\wrapper\dists\gradle-7.6.3-all\aocdy2d2z8kodnny3rsumj8i8\gradle-7.6.3\lib\gradle-launcher-7.6.3.jar
Launcher Type: SUN_STANDARD

[Global flags]
     intx CICompilerCount                          = 3                                         {product} {ergonomic}
     uint ConcGCThreads                            = 1                                         {product} {ergonomic}
     uint G1ConcRefinementThreads                  = 4                                         {product} {ergonomic}
   size_t G1HeapRegionSize                         = 2097152                                   {product} {ergonomic}
    uintx GCDrainStackTargetSize                   = 64                                        {product} {ergonomic}
   size_t InitialHeapSize                          = 62914560                                  {product} {ergonomic}
   size_t MarkStackSize                            = 4194304                                   {product} {ergonomic}
   size_t MaxHeapSize                              = 4294967296                                {product} {command line}
   size_t MaxNewSize                               = 2575302656                                {product} {ergonomic}
   size_t MinHeapDeltaBytes                        = 2097152                                   {product} {ergonomic}
   size_t MinHeapSize                              = 8388608                                   {product} {ergonomic}
    uintx NonNMethodCodeHeapSize                   = 5832780                                {pd product} {ergonomic}
    uintx NonProfiledCodeHeapSize                  = 122912730                              {pd product} {ergonomic}
    uintx ProfiledCodeHeapSize                     = 122912730                              {pd product} {ergonomic}
    uintx ReservedCodeCacheSize                    = 251658240                              {pd product} {ergonomic}
     bool SegmentedCodeCache                       = true                                      {product} {ergonomic}
   size_t SoftMaxHeapSize                          = 4294967296                             {manageable} {ergonomic}
     bool UseCompressedClassPointers               = true                           {product lp64_product} {ergonomic}
     bool UseCompressedOops                        = true                           {product lp64_product} {ergonomic}
     bool UseG1GC                                  = true                                      {product} {ergonomic}
     bool UseLargePagesIndividualAllocation        = false                                  {pd product} {ergonomic}

Logging:
Log output configuration:
 #0: stdout all=warning uptime,level,tags
 #1: stderr all=off uptime,level,tags

Environment Variables:
JAVA_HOME=C:\Program Files\Android\Android Studio\jbr
CLASSPATH=D:\aplikasi_jasa\android\\gradle\wrapper\gradle-wrapper.jar
PATH=C:\Program Files\Android\Android Studio\jbr\bin;D:\SDK\flutter\bin\;C:\Program Files\Common Files\Oracle\Java\javapath;C:\Program Files (x86)\Common Files\Oracle\Java\javapath;C:\windows\system32;C:\windows;C:\windows\System32\Wbem;C:\windows\System32\WindowsPowerShell\v1.0\;C:\windows\System32\OpenSSH\;C:\xampp\php;C:\xampp2\mysql\bin;C:\xampp2\mysql\bin;D:\SDK\flutter\bin;D:\SDK\android\emulator;D:\SDK\android\cmdline-tools\latest\bin;D:\SDK\android\platform-tools;D:\SDK\android\build-tools;;C:\Program Files\HP\HP One Agent;C:\Program Files\nodejs\;C:\Users\HP 14\AppData\Local\Microsoft\WindowsApps;C:\Users\HP 14\AppData\Local\Programs\Microsoft VS Code\bin;C:\xamppy\mysql\bin;C:\xamppy\php;C:\Users\HP 14\AppData\Roaming\npm;D:\SDK\flutter\bin\mingit\cmd
USERNAME=HP 14
LANG=en_US.UTF-8
OS=Windows_NT
PROCESSOR_IDENTIFIER=Intel64 Family 6 Model 140 Stepping 2, GenuineIntel
TMP=C:\Users\HP14~1\AppData\Local\Temp
TEMP=C:\Users\HP14~1\AppData\Local\Temp



---------------  S Y S T E M  ---------------

OS:
 Windows 11 , 64 bit Build 22621 (10.0.22621.3374)
OS uptime: 6 days 1:34 hours

CPU: total 4 (initial active 4) (2 cores per cpu, 2 threads per core) family 6 model 140 stepping 2 microcode 0x34, cx8, cmov, fxsr, ht, mmx, 3dnowpref, sse, sse2, sse3, ssse3, sse4.1, sse4.2, popcnt, lzcnt, tsc, tscinvbit, avx, avx2, aes, erms, clmul, bmi1, bmi2, adx, avx512f, avx512dq, avx512cd, avx512bw, avx512vl, sha, fma, vzeroupper, avx512_vpopcntdq, avx512_vpclmulqdq, avx512_vaes, avx512_vnni, clflush, clflushopt, clwb, avx512_vbmi2, avx512_vbmi

Memory: 4k page, system-wide physical 3739M (120M free)
TotalPageFile size 14915M (AvailPageFile size 194M)
current process WorkingSet (physical memory assigned to process): 301M, peak: 474M
current process commit charge ("private bytes"): 715M, peak: 1103M

vm_info: OpenJDK 64-Bit Server VM (17.0.6+0-b2043.56-9586694) for windows-amd64 JRE (17.0.6+0-b2043.56-9586694), built on Feb  9 2023 20:06:20 by "androidbuild" with MS VC++ 16.10 / 16.11 (VS2019)

END.
