#
# There is insufficient memory for the Java Runtime Environment to continue.
# Native memory allocation (mmap) failed to map 526385152 bytes for G1 virtual space
# Possible reasons:
#   The system is out of physical RAM or swap space
#   The process is running with CompressedOops enabled, and the Java Heap may be blocking the growth of the native heap
# Possible solutions:
#   Reduce memory load on the system
#   Increase physical memory or swap space
#   Check if swap backing store is full
#   Decrease Java heap size (-Xmx/-Xms)
#   Decrease number of Java threads
#   Decrease Java thread stack sizes (-Xss)
#   Set larger code cache with -XX:ReservedCodeCacheSize=
#   JVM is running with Zero Based Compressed Oops mode in which the Java heap is
#     placed in the first 32GB address space. The Java Heap base address is the
#     maximum limit for the native heap growth. Please use -XX:HeapBaseMinAddress
#     to set the Java Heap base and to place the Java Heap above 32GB virtual address.
# This output file may be truncated or incomplete.
#
#  Out of Memory Error (os_windows.cpp:3769), pid=1848, tid=11436
#
# JRE version: OpenJDK Runtime Environment (17.0.6) (build 17.0.6+0-b2043.56-9586694)
# Java VM: OpenJDK 64-Bit Server VM (17.0.6+0-b2043.56-9586694, mixed mode, tiered, compressed oops, compressed class ptrs, g1 gc, windows-amd64)
# No core dump will be written. Minidumps are not enabled by default on client versions of Windows
#

---------------  S U M M A R Y ------------

Command Line: --add-opens=java.base/java.util=ALL-UNNAMED --add-opens=java.base/java.lang=ALL-UNNAMED --add-opens=java.base/java.lang.invoke=ALL-UNNAMED --add-opens=java.prefs/java.util.prefs=ALL-UNNAMED --add-opens=java.base/java.nio.charset=ALL-UNNAMED --add-opens=java.base/java.net=ALL-UNNAMED --add-opens=java.base/java.util.concurrent.atomic=ALL-UNNAMED -Xmx4G -Dfile.encoding=windows-1252 -Duser.country=ID -Duser.language=en -Duser.variant org.gradle.launcher.daemon.bootstrap.GradleDaemon 7.6.3

Host: 11th Gen Intel(R) Core(TM) i3-1115G4 @ 3.00GHz, 4 cores, 3G,  Windows 11 , 64 bit Build 22621 (10.0.22621.3527)
Time: Thu Jun 13 14:09:42 2024 SE Asia Standard Time elapsed time: 42.037923 seconds (0d 0h 0m 42s)

---------------  T H R E A D  ---------------

Current thread (0x000001c6fff2ef60):  VMThread "VM Thread" [stack: 0x00000002beb00000,0x00000002bec00000] [id=11436]

Stack: [0x00000002beb00000,0x00000002bec00000]
Native frames: (J=compiled Java code, j=interpreted, Vv=VM code, C=native code)
V  [jvm.dll+0x683b4a]
V  [jvm.dll+0x842654]
V  [jvm.dll+0x843dfe]
V  [jvm.dll+0x844463]
V  [jvm.dll+0x249b75]
V  [jvm.dll+0x680a19]
V  [jvm.dll+0x674f0a]
V  [jvm.dll+0x309acb]
V  [jvm.dll+0x310f86]
V  [jvm.dll+0x3608ee]
V  [jvm.dll+0x360b1f]
V  [jvm.dll+0x2dfbf8]
V  [jvm.dll+0x2ddec4]
V  [jvm.dll+0x2dd4cc]
V  [jvm.dll+0x321f3b]
V  [jvm.dll+0x84893b]
V  [jvm.dll+0x849674]
V  [jvm.dll+0x849b8d]
V  [jvm.dll+0x849f64]
V  [jvm.dll+0x84a030]
V  [jvm.dll+0x7f25fa]
V  [jvm.dll+0x682985]
C  [ucrtbase.dll+0x29333]
C  [KERNEL32.DLL+0x1257d]
C  [ntdll.dll+0x5aa48]

VM_Operation (0x00000002c1bf6950): G1CollectForAllocation, mode: safepoint, requested by thread 0x000001c689a0a540


---------------  P R O C E S S  ---------------

Threads class SMR info:
_java_thread_list=0x000001c6988a4fd0, length=93, elements={
0x000001c6e7d92990, 0x000001c6fff334d0, 0x000001c6fff34730, 0x000001c6fff51f90,
0x000001c6fff56a60, 0x000001c6fff57420, 0x000001c6fff57ce0, 0x000001c6869267b0,
0x000001c686927850, 0x000001c68693f510, 0x000001c686a99070, 0x000001c686a9f560,
0x000001c6882df5a0, 0x000001c6881da190, 0x000001c688021410, 0x000001c6884ce610,
0x000001c6880ccd90, 0x000001c68912d7c0, 0x000001c68912b7a0, 0x000001c68803d080,
0x000001c68803e890, 0x000001c68803def0, 0x000001c68803da20, 0x000001c68803e3c0,
0x000001c68803d550, 0x000001c689641f20, 0x000001c689643c00, 0x000001c689646280,
0x000001c6896423f0, 0x000001c6896440d0, 0x000001c689646750, 0x000001c689647a90,
0x000001c6896410b0, 0x000001c689645db0, 0x000001c6896470f0, 0x000001c6896475c0,
0x000001c689648430, 0x000001c689642d90, 0x000001c689648900, 0x000001c6896445a0,
0x000001c689641a50, 0x000001c689643730, 0x000001c689a0a540, 0x000001c689a0b3b0,
0x000001c689a0aa10, 0x000001c689a0d090, 0x000001c689a0b880, 0x000001c689a0da30,
0x000001c689a0bd50, 0x000001c689a0d560, 0x000001c689a0c6f0, 0x000001c689a0c220,
0x000001c689a0cbc0, 0x000001c689a0a070, 0x000001c689a0aee0, 0x000001c68e0c9f50,
0x000001c68e0c95b0, 0x000001c68e0cc100, 0x000001c68e0c90e0, 0x000001c68e0c9a80,
0x000001c68e0cc5d0, 0x000001c68e0cb290, 0x000001c68e0c6f30, 0x000001c68e0c78d0,
0x000001c68e0ca420, 0x000001c68e0cbc30, 0x000001c68e0ca8f0, 0x000001c68e0ccaa0,
0x000001c68e0c7da0, 0x000001c68e0c8c10, 0x000001c68e0c7400, 0x000001c68e0cadc0,
0x000001c68e0c5bf0, 0x000001c68e0c8740, 0x000001c68e0cb760, 0x000001c68e0c60c0,
0x000001c68e0c6590, 0x000001c68e0c6a60, 0x000001c68e0c8270, 0x000001c68bc4ea40,
0x000001c68bc4ef10, 0x000001c68bc4b550, 0x000001c68bc48060, 0x000001c68bc4c3c0,
0x000001c68bc493a0, 0x000001c68bc4e0a0, 0x000001c68bc4f3e0, 0x000001c68bc4dbd0,
0x000001c68bc48530, 0x000001c68bc4a210, 0x000001c68bc4abb0, 0x000001c68bc4cd60,
0x000001c6921b3f10
}
_to_delete_list=0x000001c69889b100, length=94, elements={
0x000001c6e7d92990, 0x000001c6fff334d0, 0x000001c6fff34730, 0x000001c6fff51f90,
0x000001c6fff56a60, 0x000001c6fff57420, 0x000001c6fff57ce0, 0x000001c6869267b0,
0x000001c686927850, 0x000001c68693f510, 0x000001c686a99070, 0x000001c686a9f560,
0x000001c6882df5a0, 0x000001c6881da190, 0x000001c688021410, 0x000001c6884ce610,
0x000001c6880ccd90, 0x000001c68912d7c0, 0x000001c68912b7a0, 0x000001c68803d080,
0x000001c68803e890, 0x000001c68803def0, 0x000001c68803da20, 0x000001c68803e3c0,
0x000001c68803d550, 0x000001c689641f20, 0x000001c689643c00, 0x000001c689646280,
0x000001c6896423f0, 0x000001c6896440d0, 0x000001c689646750, 0x000001c689647a90,
0x000001c6896410b0, 0x000001c689645db0, 0x000001c6896470f0, 0x000001c6896475c0,
0x000001c689648430, 0x000001c689642d90, 0x000001c689648900, 0x000001c6896445a0,
0x000001c689641a50, 0x000001c689643730, 0x000001c689a0a540, 0x000001c689a0b3b0,
0x000001c689a0aa10, 0x000001c689a0d090, 0x000001c689a0b880, 0x000001c689a0da30,
0x000001c689a0bd50, 0x000001c689a0d560, 0x000001c689a0c6f0, 0x000001c689a0c220,
0x000001c689a0cbc0, 0x000001c689a0a070, 0x000001c689a0aee0, 0x000001c68e0c9f50,
0x000001c68e0c95b0, 0x000001c68e0cc100, 0x000001c68e0c90e0, 0x000001c68e0c9a80,
0x000001c68e0cc5d0, 0x000001c68e0cb290, 0x000001c68e0c6f30, 0x000001c68e0c78d0,
0x000001c68e0ca420, 0x000001c68e0cbc30, 0x000001c68e0ca8f0, 0x000001c68e0ccaa0,
0x000001c68e0c7da0, 0x000001c68e0c8c10, 0x000001c68e0c7400, 0x000001c68e0cadc0,
0x000001c68e0c5bf0, 0x000001c68e0c8740, 0x000001c68e0cb760, 0x000001c68e0c60c0,
0x000001c68e0c6590, 0x000001c68e0c6a60, 0x000001c68e0c8270, 0x000001c68bc4ea40,
0x000001c68bc4ef10, 0x000001c68bc4b550, 0x000001c68bc48060, 0x000001c68bc4c3c0,
0x000001c68bc493a0, 0x000001c68bc4e0a0, 0x000001c68bc4f3e0, 0x000001c68bc4dbd0,
0x000001c68bc48530, 0x000001c68bc4a210, 0x000001c68bc4abb0, 0x000001c68bc4cd60,
0x000001c6921b3f10, 0x000001c68f783590
}

Java Threads: ( => current thread )
  0x000001c6e7d92990 JavaThread "main" [_thread_blocked, id=5220, stack(0x00000002be500000,0x00000002be600000)]
  0x000001c6fff334d0 JavaThread "Reference Handler" daemon [_thread_blocked, id=18736, stack(0x00000002bec00000,0x00000002bed00000)]
  0x000001c6fff34730 JavaThread "Finalizer" daemon [_thread_blocked, id=16732, stack(0x00000002bed00000,0x00000002bee00000)]
  0x000001c6fff51f90 JavaThread "Signal Dispatcher" daemon [_thread_blocked, id=5212, stack(0x00000002bee00000,0x00000002bef00000)]
  0x000001c6fff56a60 JavaThread "Attach Listener" daemon [_thread_blocked, id=17652, stack(0x00000002bef00000,0x00000002bf000000)]
  0x000001c6fff57420 JavaThread "Service Thread" daemon [_thread_blocked, id=15780, stack(0x00000002bf000000,0x00000002bf100000)]
  0x000001c6fff57ce0 JavaThread "Monitor Deflation Thread" daemon [_thread_blocked, id=1824, stack(0x00000002bf100000,0x00000002bf200000)]
  0x000001c6869267b0 JavaThread "C2 CompilerThread0" daemon [_thread_in_native, id=12756, stack(0x00000002bf200000,0x00000002bf300000)]
  0x000001c686927850 JavaThread "C1 CompilerThread0" daemon [_thread_blocked, id=6156, stack(0x00000002bf300000,0x00000002bf400000)]
  0x000001c68693f510 JavaThread "Sweeper thread" daemon [_thread_blocked, id=19068, stack(0x00000002bf400000,0x00000002bf500000)]
  0x000001c686a99070 JavaThread "Common-Cleaner" daemon [_thread_blocked, id=2404, stack(0x00000002bf500000,0x00000002bf600000)]
  0x000001c686a9f560 JavaThread "Notification Thread" daemon [_thread_blocked, id=8156, stack(0x00000002bf600000,0x00000002bf700000)]
  0x000001c6882df5a0 JavaThread "Daemon health stats" [_thread_blocked, id=7596, stack(0x00000002bfc00000,0x00000002bfd00000)]
  0x000001c6881da190 JavaThread "Incoming local TCP Connector on port 54656" [_thread_in_native, id=17088, stack(0x00000002bfd00000,0x00000002bfe00000)]
  0x000001c688021410 JavaThread "Daemon periodic checks" [_thread_blocked, id=15664, stack(0x00000002bfe00000,0x00000002bff00000)]
  0x000001c6884ce610 JavaThread "Daemon" [_thread_blocked, id=1056, stack(0x00000002bff00000,0x00000002c0000000)]
  0x000001c6880ccd90 JavaThread "Handler for socket connection from /127.0.0.1:54656 to /127.0.0.1:54657" [_thread_in_native, id=1480, stack(0x00000002c0000000,0x00000002c0100000)]
  0x000001c68912d7c0 JavaThread "Cancel handler" [_thread_blocked, id=11968, stack(0x00000002c0100000,0x00000002c0200000)]
  0x000001c68912b7a0 JavaThread "Daemon worker" [_thread_blocked, id=8108, stack(0x00000002c0200000,0x00000002c0300000)]
  0x000001c68803d080 JavaThread "Asynchronous log dispatcher for DefaultDaemonConnection: socket connection from /127.0.0.1:54656 to /127.0.0.1:54657" [_thread_blocked, id=18132, stack(0x00000002c0300000,0x00000002c0400000)]
  0x000001c68803e890 JavaThread "Stdin handler" [_thread_blocked, id=3480, stack(0x00000002c0400000,0x00000002c0500000)]
  0x000001c68803def0 JavaThread "Daemon client event forwarder" [_thread_blocked, id=16972, stack(0x00000002c0500000,0x00000002c0600000)]
  0x000001c68803da20 JavaThread "Cache worker for journal cache (C:\Users\HP 14\.gradle\caches\journal-1)" [_thread_blocked, id=7336, stack(0x00000002c0600000,0x00000002c0700000)]
  0x000001c68803e3c0 JavaThread "File lock request listener" [_thread_in_native, id=8072, stack(0x00000002c0700000,0x00000002c0800000)]
  0x000001c68803d550 JavaThread "Cache worker for file hash cache (C:\Users\HP 14\.gradle\caches\7.6.3\fileHashes)" [_thread_blocked, id=13024, stack(0x00000002c0800000,0x00000002c0900000)]
  0x000001c689641f20 JavaThread "File watcher server" daemon [_thread_blocked, id=16984, stack(0x00000002c0900000,0x00000002c0a00000)]
  0x000001c689643c00 JavaThread "File watcher consumer" daemon [_thread_blocked, id=6632, stack(0x00000002c0a00000,0x00000002c0b00000)]
  0x000001c689646280 JavaThread "Cache worker for checksums cache (D:\aplikasi_jasa\android\.gradle\7.6.3\checksums)" [_thread_blocked, id=5936, stack(0x00000002c0b00000,0x00000002c0c00000)]
  0x000001c6896423f0 JavaThread "Cache worker for cache directory md-rule (C:\Users\HP 14\.gradle\caches\7.6.3\md-rule)" [_thread_blocked, id=980, stack(0x00000002c0c00000,0x00000002c0d00000)]
  0x000001c6896440d0 JavaThread "Cache worker for file content cache (C:\Users\HP 14\.gradle\caches\7.6.3\fileContent)" [_thread_blocked, id=1580, stack(0x00000002c0d00000,0x00000002c0e00000)]
  0x000001c689646750 JavaThread "Cache worker for file hash cache (D:\aplikasi_jasa\android\.gradle\7.6.3\fileHashes)" [_thread_blocked, id=11888, stack(0x00000002c0e00000,0x00000002c0f00000)]
  0x000001c689647a90 JavaThread "Cache worker for cache directory md-supplier (C:\Users\HP 14\.gradle\caches\7.6.3\md-supplier)" [_thread_blocked, id=10748, stack(0x00000002c0f00000,0x00000002c1000000)]
  0x000001c6896410b0 JavaThread "Cache worker for execution history cache (C:\Users\HP 14\.gradle\caches\7.6.3\executionHistory)" [_thread_blocked, id=408, stack(0x00000002c1000000,0x00000002c1100000)]
  0x000001c689645db0 JavaThread "jar transforms" [_thread_blocked, id=7540, stack(0x00000002c1100000,0x00000002c1200000)]
  0x000001c6896470f0 JavaThread "Cache worker for kotlin-dsl (C:\Users\HP 14\.gradle\caches\7.6.3\kotlin-dsl)" [_thread_blocked, id=744, stack(0x00000002c1200000,0x00000002c1300000)]
  0x000001c6896475c0 JavaThread "jar transforms Thread 2" [_thread_blocked, id=14820, stack(0x00000002c1300000,0x00000002c1400000)]
  0x000001c689648430 JavaThread "Cache worker for dependencies-accessors (D:\aplikasi_jasa\android\.gradle\7.6.3\dependencies-accessors)" [_thread_blocked, id=1488, stack(0x00000002c1400000,0x00000002c1500000)]
  0x000001c689642d90 JavaThread "Cache worker for Build Output Cleanup Cache (D:\SDK\flutter\packages\flutter_tools\gradle\.gradle\buildOutputCleanup)" [_thread_blocked, id=12360, stack(0x00000002c1500000,0x00000002c1600000)]
  0x000001c689648900 JavaThread "jar transforms Thread 3" [_thread_blocked, id=1360, stack(0x00000002c1600000,0x00000002c1700000)]
  0x000001c6896445a0 JavaThread "Memory manager" [_thread_blocked, id=16292, stack(0x00000002c1700000,0x00000002c1800000)]
  0x000001c689641a50 JavaThread "jar transforms Thread 4" [_thread_blocked, id=3180, stack(0x00000002c1800000,0x00000002c1900000)]
  0x000001c689643730 JavaThread "included builds" [_thread_blocked, id=7968, stack(0x00000002c1a00000,0x00000002c1b00000)]
  0x000001c689a0a540 JavaThread "Execution worker" [_thread_blocked, id=10040, stack(0x00000002c1b00000,0x00000002c1c00000)]
  0x000001c689a0b3b0 JavaThread "Execution worker Thread 2" [_thread_blocked, id=13216, stack(0x00000002c1c00000,0x00000002c1d00000)]
  0x000001c689a0aa10 JavaThread "Execution worker Thread 3" [_thread_blocked, id=13332, stack(0x00000002c1d00000,0x00000002c1e00000)]
  0x000001c689a0d090 JavaThread "Cache worker for execution history cache (D:\SDK\flutter\packages\flutter_tools\gradle\.gradle\7.6.3\executionHistory)" [_thread_blocked, id=19324, stack(0x00000002c1e00000,0x00000002c1f00000)]
  0x000001c689a0b880 JavaThread "Unconstrained build operations" [_thread_blocked, id=9376, stack(0x00000002c1f00000,0x00000002c2000000)]
  0x000001c689a0da30 JavaThread "Unconstrained build operations Thread 2" [_thread_blocked, id=16248, stack(0x00000002c2000000,0x00000002c2100000)]
  0x000001c689a0bd50 JavaThread "Unconstrained build operations Thread 3" [_thread_blocked, id=9460, stack(0x00000002c2100000,0x00000002c2200000)]
  0x000001c689a0d560 JavaThread "Unconstrained build operations Thread 4" [_thread_blocked, id=4580, stack(0x00000002c2200000,0x00000002c2300000)]
  0x000001c689a0c6f0 JavaThread "Unconstrained build operations Thread 5" [_thread_blocked, id=17492, stack(0x00000002c2300000,0x00000002c2400000)]
  0x000001c689a0c220 JavaThread "Unconstrained build operations Thread 6" [_thread_blocked, id=6600, stack(0x00000002c2400000,0x00000002c2500000)]
  0x000001c689a0cbc0 JavaThread "Unconstrained build operations Thread 7" [_thread_blocked, id=11848, stack(0x00000002c2500000,0x00000002c2600000)]
  0x000001c689a0a070 JavaThread "Unconstrained build operations Thread 8" [_thread_blocked, id=13128, stack(0x00000002c2600000,0x00000002c2700000)]
  0x000001c689a0aee0 JavaThread "Unconstrained build operations Thread 9" [_thread_blocked, id=14908, stack(0x00000002c2700000,0x00000002c2800000)]
  0x000001c68e0c9f50 JavaThread "Unconstrained build operations Thread 10" [_thread_blocked, id=7692, stack(0x00000002c2800000,0x00000002c2900000)]
  0x000001c68e0c95b0 JavaThread "Unconstrained build operations Thread 11" [_thread_blocked, id=12420, stack(0x00000002c2900000,0x00000002c2a00000)]
  0x000001c68e0cc100 JavaThread "Unconstrained build operations Thread 12" [_thread_blocked, id=10196, stack(0x00000002c2a00000,0x00000002c2b00000)]
  0x000001c68e0c90e0 JavaThread "Unconstrained build operations Thread 13" [_thread_blocked, id=6532, stack(0x00000002c2b00000,0x00000002c2c00000)]
  0x000001c68e0c9a80 JavaThread "Unconstrained build operations Thread 14" [_thread_blocked, id=7780, stack(0x00000002c2c00000,0x00000002c2d00000)]
  0x000001c68e0cc5d0 JavaThread "Unconstrained build operations Thread 15" [_thread_blocked, id=5336, stack(0x00000002c2d00000,0x00000002c2e00000)]
  0x000001c68e0cb290 JavaThread "Unconstrained build operations Thread 16" [_thread_blocked, id=16656, stack(0x00000002c2e00000,0x00000002c2f00000)]
  0x000001c68e0c6f30 JavaThread "Unconstrained build operations Thread 17" [_thread_blocked, id=2524, stack(0x00000002c2f00000,0x00000002c3000000)]
  0x000001c68e0c78d0 JavaThread "Unconstrained build operations Thread 18" [_thread_blocked, id=11512, stack(0x00000002c3000000,0x00000002c3100000)]
  0x000001c68e0ca420 JavaThread "Unconstrained build operations Thread 19" [_thread_blocked, id=4980, stack(0x00000002c3100000,0x00000002c3200000)]
  0x000001c68e0cbc30 JavaThread "Unconstrained build operations Thread 20" [_thread_blocked, id=12792, stack(0x00000002c3200000,0x00000002c3300000)]
  0x000001c68e0ca8f0 JavaThread "Unconstrained build operations Thread 21" [_thread_blocked, id=8640, stack(0x00000002c3300000,0x00000002c3400000)]
  0x000001c68e0ccaa0 JavaThread "Unconstrained build operations Thread 22" [_thread_blocked, id=14172, stack(0x00000002c3400000,0x00000002c3500000)]
  0x000001c68e0c7da0 JavaThread "Unconstrained build operations Thread 23" [_thread_blocked, id=18380, stack(0x00000002c3500000,0x00000002c3600000)]
  0x000001c68e0c8c10 JavaThread "Unconstrained build operations Thread 24" [_thread_blocked, id=8372, stack(0x00000002c3600000,0x00000002c3700000)]
  0x000001c68e0c7400 JavaThread "Unconstrained build operations Thread 25" [_thread_blocked, id=3412, stack(0x00000002c3700000,0x00000002c3800000)]
  0x000001c68e0cadc0 JavaThread "Unconstrained build operations Thread 26" [_thread_blocked, id=8288, stack(0x00000002c3800000,0x00000002c3900000)]
  0x000001c68e0c5bf0 JavaThread "Unconstrained build operations Thread 27" [_thread_blocked, id=5268, stack(0x00000002c3900000,0x00000002c3a00000)]
  0x000001c68e0c8740 JavaThread "Unconstrained build operations Thread 28" [_thread_blocked, id=14660, stack(0x00000002c3a00000,0x00000002c3b00000)]
  0x000001c68e0cb760 JavaThread "Unconstrained build operations Thread 29" [_thread_blocked, id=17376, stack(0x00000002c3b00000,0x00000002c3c00000)]
  0x000001c68e0c60c0 JavaThread "Unconstrained build operations Thread 30" [_thread_blocked, id=8996, stack(0x00000002c3c00000,0x00000002c3d00000)]
  0x000001c68e0c6590 JavaThread "Unconstrained build operations Thread 31" [_thread_blocked, id=13760, stack(0x00000002c3d00000,0x00000002c3e00000)]
  0x000001c68e0c6a60 JavaThread "Unconstrained build operations Thread 32" [_thread_blocked, id=8592, stack(0x00000002c3e00000,0x00000002c3f00000)]
  0x000001c68e0c8270 JavaThread "Unconstrained build operations Thread 33" [_thread_blocked, id=10460, stack(0x00000002c3f00000,0x00000002c4000000)]
  0x000001c68bc4ea40 JavaThread "Unconstrained build operations Thread 34" [_thread_blocked, id=13388, stack(0x00000002c4000000,0x00000002c4100000)]
  0x000001c68bc4ef10 JavaThread "Unconstrained build operations Thread 35" [_thread_blocked, id=7860, stack(0x00000002c4100000,0x00000002c4200000)]
  0x000001c68bc4b550 JavaThread "Unconstrained build operations Thread 36" [_thread_blocked, id=10544, stack(0x00000002c4200000,0x00000002c4300000)]
  0x000001c68bc48060 JavaThread "Unconstrained build operations Thread 37" [_thread_blocked, id=18088, stack(0x00000002c4300000,0x00000002c4400000)]
  0x000001c68bc4c3c0 JavaThread "Unconstrained build operations Thread 38" [_thread_blocked, id=6148, stack(0x00000002c4400000,0x00000002c4500000)]
  0x000001c68bc493a0 JavaThread "Unconstrained build operations Thread 39" [_thread_blocked, id=11084, stack(0x00000002c4500000,0x00000002c4600000)]
  0x000001c68bc4e0a0 JavaThread "Unconstrained build operations Thread 40" [_thread_blocked, id=14920, stack(0x00000002c4600000,0x00000002c4700000)]
  0x000001c68bc4f3e0 JavaThread "Cache worker for Build Output Cleanup Cache (D:\aplikasi_jasa\android\.gradle\buildOutputCleanup)" [_thread_blocked, id=4876, stack(0x00000002c1900000,0x00000002c1a00000)]
  0x000001c68bc4dbd0 JavaThread "Cache worker for execution history cache (D:\aplikasi_jasa\android\.gradle\7.6.3\executionHistory)" [_thread_blocked, id=17596, stack(0x00000002c4800000,0x00000002c4900000)]
  0x000001c68bc48530 JavaThread "WorkerExecutor Queue" [_thread_blocked, id=15828, stack(0x00000002c4900000,0x00000002c4a00000)]
  0x000001c68bc4a210 JavaThread "WorkerExecutor Queue Thread 2" [_thread_in_native, id=16888, stack(0x00000002c4a00000,0x00000002c4b00000)]
  0x000001c68bc4abb0 JavaThread "WorkerExecutor Queue Thread 3" [_thread_blocked, id=6604, stack(0x00000002c4b00000,0x00000002c4c00000)]
  0x000001c68bc4cd60 JavaThread "WorkerExecutor Queue Thread 4" [_thread_blocked, id=13352, stack(0x00000002c4c00000,0x00000002c4d00000)]
  0x000001c6921b3f10 JavaThread "C2 CompilerThread1" daemon [_thread_blocked, id=12592, stack(0x00000002c4d00000,0x00000002c4e00000)]

Other Threads:
=>0x000001c6fff2ef60 VMThread "VM Thread" [stack: 0x00000002beb00000,0x00000002bec00000] [id=11436]
  0x000001c686ac6060 WatcherThread [stack: 0x00000002bf700000,0x00000002bf800000] [id=15652]
  0x000001c6e7dfddb0 GCTaskThread "GC Thread#0" [stack: 0x00000002be600000,0x00000002be700000] [id=3996]
  0x000001c686fd1270 GCTaskThread "GC Thread#1" [stack: 0x00000002bf900000,0x00000002bfa00000] [id=11248]
  0x000001c686d208e0 GCTaskThread "GC Thread#2" [stack: 0x00000002bfa00000,0x00000002bfb00000] [id=18824]
  0x000001c6873c46c0 GCTaskThread "GC Thread#3" [stack: 0x00000002bfb00000,0x00000002bfc00000] [id=7660]
  0x000001c6e7e0fc10 ConcurrentGCThread "G1 Main Marker" [stack: 0x00000002be700000,0x00000002be800000] [id=12348]
  0x000001c6e7e10530 ConcurrentGCThread "G1 Conc#0" [stack: 0x00000002be800000,0x00000002be900000] [id=11108]
  0x000001c6e7e46230 ConcurrentGCThread "G1 Refine#0" [stack: 0x00000002be900000,0x00000002bea00000] [id=11544]
  0x000001c68d966620 ConcurrentGCThread "G1 Refine#1" [stack: 0x00000002c4700000,0x00000002c4800000] [id=12720]
  0x000001c68e70b130 ConcurrentGCThread "G1 Refine#2" [stack: 0x00000002c5000000,0x00000002c5100000] [id=992]
  0x000001c68e70b9d0 ConcurrentGCThread "G1 Refine#3" [stack: 0x00000002c5100000,0x00000002c5200000] [id=4072]
  0x000001c6e7e46b60 ConcurrentGCThread "G1 Service" [stack: 0x00000002bea00000,0x00000002beb00000] [id=9328]

Threads with active compile tasks:
C2 CompilerThread0    42084 19646 %     4       com.android.tools.r8.ir.regalloc.b::a @ 1265 (1831 bytes)
C2 CompilerThread1    42084 19670       4       com.android.tools.r8.internal.Nn::a (3393 bytes)

VM state: at safepoint (normal execution)

VM Mutex/Monitor currently owned by a thread:  ([mutex/lock_event])
[0x000001c6e7d915b0] Threads_lock - owner thread: 0x000001c6fff2ef60
[0x000001c6e7d91f40] Heap_lock - owner thread: 0x000001c689a0a540

Heap address: 0x0000000700000000, size: 4096 MB, Compressed Oops mode: Zero based, Oop shift amount: 3

CDS archive(s) not mapped
Compressed class space mapped at: 0x0000000800000000-0x0000000840000000, reserved size: 1073741824
Narrow klass base: 0x0000000800000000, Narrow klass shift: 0, Narrow klass range: 0x40000000

GC Precious Log:
 CPUs: 4 total, 4 available
 Memory: 3739M
 Large Page Support: Disabled
 NUMA Support: Disabled
 Compressed Oops: Enabled (Zero based)
 Heap Region Size: 2M
 Heap Min Capacity: 8M
 Heap Initial Capacity: 60M
 Heap Max Capacity: 4G
 Pre-touch: Disabled
 Parallel Workers: 4
 Concurrent Workers: 1
 Concurrent Refinement Workers: 4
 Periodic GC: Disabled

Heap:
 garbage-first heap   total 514048K, used 223741K [0x0000000700000000, 0x0000000800000000)
  region size 2048K, 3 young (6144K), 3 survivors (6144K)
 Metaspace       used 122857K, committed 123776K, reserved 1155072K
  class space    used 16875K, committed 17280K, reserved 1048576K

Heap Regions: E=young(eden), S=young(survivor), O=old, HS=humongous(starts), HC=humongous(continues), CS=collection set, F=free, OA=open archive, CA=closed archive, TAMS=top-at-mark-start (previous, next)
|   0|0x0000000700000000, 0x0000000700200000, 0x0000000700200000|100%| O|  |TAMS 0x0000000700200000, 0x0000000700000000| Untracked 
|   1|0x0000000700200000, 0x0000000700400000, 0x0000000700400000|100%|HS|  |TAMS 0x0000000700400000, 0x0000000700200000| Complete 
|   2|0x0000000700400000, 0x0000000700600000, 0x0000000700600000|100%|HC|  |TAMS 0x0000000700600000, 0x0000000700400000| Complete 
|   3|0x0000000700600000, 0x0000000700800000, 0x0000000700800000|100%| O|  |TAMS 0x0000000700800000, 0x0000000700600000| Untracked 
|   4|0x0000000700800000, 0x0000000700a00000, 0x0000000700a00000|100%| O|  |TAMS 0x0000000700a00000, 0x0000000700800000| Untracked 
|   5|0x0000000700a00000, 0x0000000700c00000, 0x0000000700c00000|100%| O|  |TAMS 0x0000000700c00000, 0x0000000700a00000| Untracked 
|   6|0x0000000700c00000, 0x0000000700e00000, 0x0000000700e00000|100%| O|  |TAMS 0x0000000700e00000, 0x0000000700c00000| Untracked 
|   7|0x0000000700e00000, 0x0000000701000000, 0x0000000701000000|100%| O|  |TAMS 0x0000000701000000, 0x0000000700e00000| Untracked 
|   8|0x0000000701000000, 0x0000000701200000, 0x0000000701200000|100%| O|  |TAMS 0x0000000701200000, 0x0000000701000000| Untracked 
|   9|0x0000000701200000, 0x0000000701400000, 0x0000000701400000|100%| O|  |TAMS 0x0000000701400000, 0x0000000701200000| Untracked 
|  10|0x0000000701400000, 0x0000000701600000, 0x0000000701600000|100%| O|  |TAMS 0x0000000701600000, 0x0000000701400000| Untracked 
|  11|0x0000000701600000, 0x0000000701800000, 0x0000000701800000|100%| O|  |TAMS 0x0000000701800000, 0x0000000701600000| Untracked 
|  12|0x0000000701800000, 0x0000000701a00000, 0x0000000701a00000|100%| O|  |TAMS 0x0000000701a00000, 0x0000000701800000| Untracked 
|  13|0x0000000701a00000, 0x0000000701c00000, 0x0000000701c00000|100%| O|  |TAMS 0x0000000701c00000, 0x0000000701a00000| Untracked 
|  14|0x0000000701c00000, 0x0000000701e00000, 0x0000000701e00000|100%| O|  |TAMS 0x0000000701e00000, 0x0000000701c00000| Untracked 
|  15|0x0000000701e00000, 0x0000000702000000, 0x0000000702000000|100%| O|  |TAMS 0x0000000702000000, 0x0000000701e00000| Untracked 
|  16|0x0000000702000000, 0x0000000702200000, 0x0000000702200000|100%| O|  |TAMS 0x0000000702200000, 0x0000000702000000| Untracked 
|  17|0x0000000702200000, 0x0000000702400000, 0x0000000702400000|100%| O|  |TAMS 0x0000000702400000, 0x0000000702200000| Untracked 
|  18|0x0000000702400000, 0x0000000702600000, 0x0000000702600000|100%| O|  |TAMS 0x0000000702600000, 0x0000000702400000| Untracked 
|  19|0x0000000702600000, 0x0000000702800000, 0x0000000702800000|100%| O|  |TAMS 0x0000000702800000, 0x0000000702600000| Untracked 
|  20|0x0000000702800000, 0x0000000702a00000, 0x0000000702a00000|100%| O|  |TAMS 0x0000000702a00000, 0x0000000702800000| Untracked 
|  21|0x0000000702a00000, 0x0000000702c00000, 0x0000000702c00000|100%|HS|  |TAMS 0x0000000702c00000, 0x0000000702a00000| Complete 
|  22|0x0000000702c00000, 0x0000000702e00000, 0x0000000702e00000|100%|HC|  |TAMS 0x0000000702e00000, 0x0000000702c00000| Complete 
|  23|0x0000000702e00000, 0x0000000703000000, 0x0000000703000000|100%| O|  |TAMS 0x0000000703000000, 0x0000000702e00000| Untracked 
|  24|0x0000000703000000, 0x0000000703200000, 0x0000000703200000|100%| O|  |TAMS 0x0000000703200000, 0x0000000703000000| Untracked 
|  25|0x0000000703200000, 0x0000000703400000, 0x0000000703400000|100%| O|  |TAMS 0x0000000703400000, 0x0000000703200000| Untracked 
|  26|0x0000000703400000, 0x0000000703600000, 0x0000000703600000|100%|HS|  |TAMS 0x0000000703600000, 0x0000000703400000| Complete 
|  27|0x0000000703600000, 0x0000000703800000, 0x0000000703800000|100%| O|  |TAMS 0x0000000703800000, 0x0000000703600000| Untracked 
|  28|0x0000000703800000, 0x0000000703a00000, 0x0000000703a00000|100%| O|  |TAMS 0x0000000703a00000, 0x0000000703800000| Untracked 
|  29|0x0000000703a00000, 0x0000000703c00000, 0x0000000703c00000|100%| O|  |TAMS 0x0000000703a00000, 0x0000000703a00000| Untracked 
|  30|0x0000000703c00000, 0x0000000703e00000, 0x0000000703e00000|100%| O|  |TAMS 0x0000000703e00000, 0x0000000703c00000| Untracked 
|  31|0x0000000703e00000, 0x0000000704000000, 0x0000000704000000|100%| O|  |TAMS 0x0000000704000000, 0x0000000703e00000| Untracked 
|  32|0x0000000704000000, 0x0000000704200000, 0x0000000704200000|100%| O|  |TAMS 0x0000000704200000, 0x0000000704000000| Untracked 
|  33|0x0000000704200000, 0x0000000704400000, 0x0000000704400000|100%| O|  |TAMS 0x0000000704400000, 0x0000000704200000| Untracked 
|  34|0x0000000704400000, 0x0000000704600000, 0x0000000704600000|100%| O|  |TAMS 0x0000000704600000, 0x0000000704400000| Untracked 
|  35|0x0000000704600000, 0x0000000704800000, 0x0000000704800000|100%| O|  |TAMS 0x0000000704800000, 0x0000000704600000| Untracked 
|  36|0x0000000704800000, 0x0000000704a00000, 0x0000000704a00000|100%| O|  |TAMS 0x0000000704a00000, 0x0000000704800000| Untracked 
|  37|0x0000000704a00000, 0x0000000704c00000, 0x0000000704c00000|100%| O|  |TAMS 0x0000000704c00000, 0x0000000704a00000| Untracked 
|  38|0x0000000704c00000, 0x0000000704e00000, 0x0000000704e00000|100%| O|  |TAMS 0x0000000704e00000, 0x0000000704c00000| Untracked 
|  39|0x0000000704e00000, 0x0000000705000000, 0x0000000705000000|100%| O|  |TAMS 0x0000000705000000, 0x0000000704e00000| Untracked 
|  40|0x0000000705000000, 0x0000000705200000, 0x0000000705200000|100%| O|  |TAMS 0x0000000705200000, 0x0000000705000000| Untracked 
|  41|0x0000000705200000, 0x0000000705400000, 0x0000000705400000|100%| O|  |TAMS 0x0000000705400000, 0x0000000705200000| Untracked 
|  42|0x0000000705400000, 0x0000000705600000, 0x0000000705600000|100%| O|  |TAMS 0x0000000705600000, 0x0000000705400000| Untracked 
|  43|0x0000000705600000, 0x0000000705800000, 0x0000000705800000|100%| O|  |TAMS 0x0000000705800000, 0x0000000705600000| Untracked 
|  44|0x0000000705800000, 0x0000000705a00000, 0x0000000705a00000|100%| O|  |TAMS 0x0000000705a00000, 0x0000000705800000| Untracked 
|  45|0x0000000705a00000, 0x0000000705c00000, 0x0000000705c00000|100%| O|  |TAMS 0x0000000705c00000, 0x0000000705a00000| Untracked 
|  46|0x0000000705c00000, 0x0000000705e00000, 0x0000000705e00000|100%| O|  |TAMS 0x0000000705e00000, 0x0000000705c00000| Untracked 
|  47|0x0000000705e00000, 0x0000000706000000, 0x0000000706000000|100%| O|  |TAMS 0x0000000706000000, 0x0000000705e00000| Untracked 
|  48|0x0000000706000000, 0x0000000706200000, 0x0000000706200000|100%| O|  |TAMS 0x0000000706200000, 0x0000000706000000| Untracked 
|  49|0x0000000706200000, 0x0000000706400000, 0x0000000706400000|100%| O|  |TAMS 0x0000000706400000, 0x0000000706200000| Untracked 
|  50|0x0000000706400000, 0x0000000706600000, 0x0000000706600000|100%| O|  |TAMS 0x0000000706600000, 0x0000000706400000| Untracked 
|  51|0x0000000706600000, 0x0000000706800000, 0x0000000706800000|100%| O|  |TAMS 0x0000000706800000, 0x0000000706600000| Untracked 
|  52|0x0000000706800000, 0x0000000706a00000, 0x0000000706a00000|100%| O|  |TAMS 0x0000000706a00000, 0x0000000706800000| Untracked 
|  53|0x0000000706a00000, 0x0000000706c00000, 0x0000000706c00000|100%| O|  |TAMS 0x0000000706bd2400, 0x0000000706a00000| Untracked 
|  54|0x0000000706c00000, 0x0000000706e00000, 0x0000000706e00000|100%|HS|  |TAMS 0x0000000706e00000, 0x0000000706c00000| Complete 
|  55|0x0000000706e00000, 0x0000000707000000, 0x0000000707000000|100%| O|  |TAMS 0x0000000706e00000, 0x0000000706e00000| Untracked 
|  56|0x0000000707000000, 0x0000000707200000, 0x0000000707200000|100%| O|  |TAMS 0x0000000707000000, 0x0000000707000000| Untracked 
|  57|0x0000000707200000, 0x0000000707400000, 0x0000000707400000|100%| O|  |TAMS 0x0000000707200000, 0x0000000707200000| Untracked 
|  58|0x0000000707400000, 0x0000000707600000, 0x0000000707600000|100%| O|  |TAMS 0x0000000707400000, 0x0000000707400000| Untracked 
|  59|0x0000000707600000, 0x0000000707800000, 0x0000000707800000|100%| O|  |TAMS 0x0000000707600000, 0x0000000707600000| Untracked 
|  60|0x0000000707800000, 0x0000000707a00000, 0x0000000707a00000|100%| O|  |TAMS 0x0000000707800000, 0x0000000707800000| Untracked 
|  61|0x0000000707a00000, 0x0000000707c00000, 0x0000000707c00000|100%| O|  |TAMS 0x0000000707a00000, 0x0000000707a00000| Untracked 
|  62|0x0000000707c00000, 0x0000000707e00000, 0x0000000707e00000|100%| O|  |TAMS 0x0000000707c00000, 0x0000000707c00000| Untracked 
|  63|0x0000000707e00000, 0x0000000708000000, 0x0000000708000000|100%| O|  |TAMS 0x0000000707e00000, 0x0000000707e00000| Untracked 
|  64|0x0000000708000000, 0x0000000708200000, 0x0000000708200000|100%| O|  |TAMS 0x0000000708000000, 0x0000000708000000| Untracked 
|  65|0x0000000708200000, 0x0000000708400000, 0x0000000708400000|100%| O|  |TAMS 0x0000000708200000, 0x0000000708200000| Untracked 
|  66|0x0000000708400000, 0x0000000708600000, 0x0000000708600000|100%| O|  |TAMS 0x0000000708400000, 0x0000000708400000| Untracked 
|  67|0x0000000708600000, 0x0000000708800000, 0x0000000708800000|100%| O|  |TAMS 0x0000000708600000, 0x0000000708600000| Untracked 
|  68|0x0000000708800000, 0x0000000708a00000, 0x0000000708a00000|100%| O|  |TAMS 0x0000000708800000, 0x0000000708800000| Untracked 
|  69|0x0000000708a00000, 0x0000000708c00000, 0x0000000708c00000|100%| O|  |TAMS 0x0000000708a00000, 0x0000000708a00000| Untracked 
|  70|0x0000000708c00000, 0x0000000708e00000, 0x0000000708e00000|100%|HS|  |TAMS 0x0000000708c00000, 0x0000000708c00000| Complete 
|  71|0x0000000708e00000, 0x0000000709000000, 0x0000000709000000|100%| O|  |TAMS 0x0000000708e00000, 0x0000000708e00000| Untracked 
|  72|0x0000000709000000, 0x0000000709200000, 0x0000000709200000|100%| O|  |TAMS 0x0000000709000000, 0x0000000709000000| Untracked 
|  73|0x0000000709200000, 0x0000000709400000, 0x0000000709400000|100%| O|  |TAMS 0x0000000709200000, 0x0000000709200000| Untracked 
|  74|0x0000000709400000, 0x0000000709600000, 0x0000000709600000|100%| O|  |TAMS 0x0000000709400000, 0x0000000709400000| Untracked 
|  75|0x0000000709600000, 0x0000000709800000, 0x0000000709800000|100%| O|  |TAMS 0x0000000709600000, 0x0000000709600000| Untracked 
|  76|0x0000000709800000, 0x0000000709a00000, 0x0000000709a00000|100%| O|  |TAMS 0x0000000709800000, 0x0000000709800000| Untracked 
|  77|0x0000000709a00000, 0x0000000709c00000, 0x0000000709c00000|100%| O|  |TAMS 0x0000000709a00000, 0x0000000709a00000| Untracked 
|  78|0x0000000709c00000, 0x0000000709e00000, 0x0000000709e00000|100%| O|  |TAMS 0x0000000709c00000, 0x0000000709c00000| Untracked 
|  79|0x0000000709e00000, 0x000000070a000000, 0x000000070a000000|100%| O|  |TAMS 0x0000000709e00000, 0x0000000709e00000| Untracked 
|  80|0x000000070a000000, 0x000000070a200000, 0x000000070a200000|100%| O|  |TAMS 0x000000070a000000, 0x000000070a000000| Untracked 
|  81|0x000000070a200000, 0x000000070a400000, 0x000000070a400000|100%| O|  |TAMS 0x000000070a200000, 0x000000070a200000| Untracked 
|  82|0x000000070a400000, 0x000000070a600000, 0x000000070a600000|100%| O|  |TAMS 0x000000070a400000, 0x000000070a400000| Untracked 
|  83|0x000000070a600000, 0x000000070a800000, 0x000000070a800000|100%| O|  |TAMS 0x000000070a600000, 0x000000070a600000| Untracked 
|  84|0x000000070a800000, 0x000000070aa00000, 0x000000070aa00000|100%| O|  |TAMS 0x000000070a800000, 0x000000070a800000| Untracked 
|  85|0x000000070aa00000, 0x000000070ac00000, 0x000000070ac00000|100%| O|  |TAMS 0x000000070aa00000, 0x000000070aa00000| Untracked 
|  86|0x000000070ac00000, 0x000000070ae00000, 0x000000070ae00000|100%| O|  |TAMS 0x000000070ac00000, 0x000000070ac00000| Untracked 
|  87|0x000000070ae00000, 0x000000070b000000, 0x000000070b000000|100%| O|  |TAMS 0x000000070ae00000, 0x000000070ae00000| Untracked 
|  88|0x000000070b000000, 0x000000070b200000, 0x000000070b200000|100%| O|  |TAMS 0x000000070b000000, 0x000000070b000000| Untracked 
|  89|0x000000070b200000, 0x000000070b400000, 0x000000070b400000|100%| O|  |TAMS 0x000000070b200000, 0x000000070b200000| Untracked 
|  90|0x000000070b400000, 0x000000070b600000, 0x000000070b600000|100%| O|  |TAMS 0x000000070b400000, 0x000000070b400000| Untracked 
|  91|0x000000070b600000, 0x000000070b800000, 0x000000070b800000|100%| O|  |TAMS 0x000000070b600000, 0x000000070b600000| Untracked 
|  92|0x000000070b800000, 0x000000070ba00000, 0x000000070ba00000|100%| O|  |TAMS 0x000000070b800000, 0x000000070b800000| Untracked 
|  93|0x000000070ba00000, 0x000000070bc00000, 0x000000070bc00000|100%| O|  |TAMS 0x000000070ba00000, 0x000000070ba00000| Untracked 
|  94|0x000000070bc00000, 0x000000070be00000, 0x000000070be00000|100%| O|  |TAMS 0x000000070bc00000, 0x000000070bc00000| Untracked 
|  95|0x000000070be00000, 0x000000070c000000, 0x000000070c000000|100%| O|  |TAMS 0x000000070be00000, 0x000000070be00000| Untracked 
|  96|0x000000070c000000, 0x000000070c200000, 0x000000070c200000|100%| O|  |TAMS 0x000000070c000000, 0x000000070c000000| Untracked 
|  97|0x000000070c200000, 0x000000070c400000, 0x000000070c400000|100%| O|  |TAMS 0x000000070c200000, 0x000000070c200000| Untracked 
|  98|0x000000070c400000, 0x000000070c600000, 0x000000070c600000|100%| O|  |TAMS 0x000000070c400000, 0x000000070c400000| Untracked 
|  99|0x000000070c600000, 0x000000070c800000, 0x000000070c800000|100%| O|  |TAMS 0x000000070c600000, 0x000000070c600000| Untracked 
| 100|0x000000070c800000, 0x000000070ca00000, 0x000000070ca00000|100%| O|  |TAMS 0x000000070c800000, 0x000000070c800000| Untracked 
| 101|0x000000070ca00000, 0x000000070cc00000, 0x000000070cc00000|100%| O|  |TAMS 0x000000070ca00000, 0x000000070ca00000| Untracked 
| 102|0x000000070cc00000, 0x000000070ce00000, 0x000000070ce00000|100%| O|  |TAMS 0x000000070cc00000, 0x000000070cc00000| Untracked 
| 103|0x000000070ce00000, 0x000000070d000000, 0x000000070d000000|100%| O|  |TAMS 0x000000070ce00000, 0x000000070ce00000| Untracked 
| 104|0x000000070d000000, 0x000000070d200000, 0x000000070d200000|100%| O|  |TAMS 0x000000070d000000, 0x000000070d000000| Untracked 
| 105|0x000000070d200000, 0x000000070d400000, 0x000000070d400000|100%| O|  |TAMS 0x000000070d200000, 0x000000070d200000| Untracked 
| 106|0x000000070d400000, 0x000000070d47f400, 0x000000070d600000| 24%| O|  |TAMS 0x000000070d400000, 0x000000070d400000| Untracked 
| 107|0x000000070d600000, 0x000000070d600000, 0x000000070d800000|  0%| F|  |TAMS 0x000000070d600000, 0x000000070d600000| Untracked 
| 108|0x000000070d800000, 0x000000070d800000, 0x000000070da00000|  0%| F|  |TAMS 0x000000070d800000, 0x000000070d800000| Untracked 
| 109|0x000000070da00000, 0x000000070da00000, 0x000000070dc00000|  0%| F|  |TAMS 0x000000070da00000, 0x000000070da00000| Untracked 
| 110|0x000000070dc00000, 0x000000070dc00000, 0x000000070de00000|  0%| F|  |TAMS 0x000000070dc00000, 0x000000070dc00000| Untracked 
| 111|0x000000070de00000, 0x000000070de00000, 0x000000070e000000|  0%| F|  |TAMS 0x000000070de00000, 0x000000070de00000| Untracked 
| 112|0x000000070e000000, 0x000000070e000000, 0x000000070e200000|  0%| F|  |TAMS 0x000000070e000000, 0x000000070e000000| Untracked 
| 113|0x000000070e200000, 0x000000070e200000, 0x000000070e400000|  0%| F|  |TAMS 0x000000070e200000, 0x000000070e200000| Untracked 
| 114|0x000000070e400000, 0x000000070e400000, 0x000000070e600000|  0%| F|  |TAMS 0x000000070e400000, 0x000000070e400000| Untracked 
| 115|0x000000070e600000, 0x000000070e600000, 0x000000070e800000|  0%| F|  |TAMS 0x000000070e600000, 0x000000070e600000| Untracked 
| 116|0x000000070e800000, 0x000000070e800000, 0x000000070ea00000|  0%| F|  |TAMS 0x000000070e800000, 0x000000070e800000| Untracked 
| 117|0x000000070ea00000, 0x000000070ea00000, 0x000000070ec00000|  0%| F|  |TAMS 0x000000070ea00000, 0x000000070ea00000| Untracked 
| 118|0x000000070ec00000, 0x000000070ec00000, 0x000000070ee00000|  0%| F|  |TAMS 0x000000070ec00000, 0x000000070ec00000| Untracked 
| 119|0x000000070ee00000, 0x000000070ee00000, 0x000000070f000000|  0%| F|  |TAMS 0x000000070ee00000, 0x000000070ee00000| Untracked 
| 120|0x000000070f000000, 0x000000070f000000, 0x000000070f200000|  0%| F|  |TAMS 0x000000070f000000, 0x000000070f000000| Untracked 
| 121|0x000000070f200000, 0x000000070f200000, 0x000000070f400000|  0%| F|  |TAMS 0x000000070f200000, 0x000000070f200000| Untracked 
| 122|0x000000070f400000, 0x000000070f400000, 0x000000070f600000|  0%| F|  |TAMS 0x000000070f400000, 0x000000070f400000| Untracked 
| 123|0x000000070f600000, 0x000000070f600000, 0x000000070f800000|  0%| F|  |TAMS 0x000000070f600000, 0x000000070f600000| Untracked 
| 124|0x000000070f800000, 0x000000070f800000, 0x000000070fa00000|  0%| F|  |TAMS 0x000000070f800000, 0x000000070f800000| Untracked 
| 125|0x000000070fa00000, 0x000000070fa00000, 0x000000070fc00000|  0%| F|  |TAMS 0x000000070fa00000, 0x000000070fa00000| Untracked 
| 126|0x000000070fc00000, 0x000000070fc00000, 0x000000070fe00000|  0%| F|  |TAMS 0x000000070fc00000, 0x000000070fc00000| Untracked 
| 127|0x000000070fe00000, 0x000000070fe00000, 0x0000000710000000|  0%| F|  |TAMS 0x000000070fe00000, 0x000000070fe00000| Untracked 
| 128|0x0000000710000000, 0x0000000710000000, 0x0000000710200000|  0%| F|  |TAMS 0x0000000710000000, 0x0000000710000000| Untracked 
| 129|0x0000000710200000, 0x0000000710200000, 0x0000000710400000|  0%| F|  |TAMS 0x0000000710200000, 0x0000000710200000| Untracked 
| 130|0x0000000710400000, 0x0000000710400000, 0x0000000710600000|  0%| F|  |TAMS 0x0000000710400000, 0x0000000710400000| Untracked 
| 131|0x0000000710600000, 0x0000000710600000, 0x0000000710800000|  0%| F|  |TAMS 0x0000000710600000, 0x0000000710600000| Untracked 
| 132|0x0000000710800000, 0x0000000710800000, 0x0000000710a00000|  0%| F|  |TAMS 0x0000000710800000, 0x0000000710800000| Untracked 
| 133|0x0000000710a00000, 0x0000000710a00000, 0x0000000710c00000|  0%| F|  |TAMS 0x0000000710a00000, 0x0000000710a00000| Untracked 
| 134|0x0000000710c00000, 0x0000000710c00000, 0x0000000710e00000|  0%| F|  |TAMS 0x0000000710c00000, 0x0000000710c00000| Untracked 
| 135|0x0000000710e00000, 0x0000000710e00000, 0x0000000711000000|  0%| F|  |TAMS 0x0000000710e00000, 0x0000000710e00000| Untracked 
| 136|0x0000000711000000, 0x0000000711000000, 0x0000000711200000|  0%| F|  |TAMS 0x0000000711000000, 0x0000000711000000| Untracked 
| 137|0x0000000711200000, 0x0000000711200000, 0x0000000711400000|  0%| F|  |TAMS 0x0000000711200000, 0x0000000711200000| Untracked 
| 138|0x0000000711400000, 0x0000000711400000, 0x0000000711600000|  0%| F|  |TAMS 0x0000000711400000, 0x0000000711400000| Untracked 
| 139|0x0000000711600000, 0x0000000711600000, 0x0000000711800000|  0%| F|  |TAMS 0x0000000711600000, 0x0000000711600000| Untracked 
| 140|0x0000000711800000, 0x0000000711800000, 0x0000000711a00000|  0%| F|  |TAMS 0x0000000711800000, 0x0000000711800000| Untracked 
| 141|0x0000000711a00000, 0x0000000711a00000, 0x0000000711c00000|  0%| F|  |TAMS 0x0000000711a00000, 0x0000000711a00000| Untracked 
| 142|0x0000000711c00000, 0x0000000711c00000, 0x0000000711e00000|  0%| F|  |TAMS 0x0000000711c00000, 0x0000000711c00000| Untracked 
| 143|0x0000000711e00000, 0x0000000711e00000, 0x0000000712000000|  0%| F|  |TAMS 0x0000000711e00000, 0x0000000711e00000| Untracked 
| 144|0x0000000712000000, 0x0000000712000000, 0x0000000712200000|  0%| F|  |TAMS 0x0000000712000000, 0x0000000712000000| Untracked 
| 145|0x0000000712200000, 0x0000000712200000, 0x0000000712400000|  0%| F|  |TAMS 0x0000000712200000, 0x0000000712200000| Untracked 
| 146|0x0000000712400000, 0x0000000712400000, 0x0000000712600000|  0%| F|  |TAMS 0x0000000712400000, 0x0000000712400000| Untracked 
| 147|0x0000000712600000, 0x0000000712600000, 0x0000000712800000|  0%| F|  |TAMS 0x0000000712600000, 0x0000000712600000| Untracked 
| 148|0x0000000712800000, 0x0000000712800000, 0x0000000712a00000|  0%| F|  |TAMS 0x0000000712800000, 0x0000000712800000| Untracked 
| 149|0x0000000712a00000, 0x0000000712a00000, 0x0000000712c00000|  0%| F|  |TAMS 0x0000000712a00000, 0x0000000712a00000| Untracked 
| 150|0x0000000712c00000, 0x0000000712c00000, 0x0000000712e00000|  0%| F|  |TAMS 0x0000000712c00000, 0x0000000712c00000| Untracked 
| 151|0x0000000712e00000, 0x0000000712e00000, 0x0000000713000000|  0%| F|  |TAMS 0x0000000712e00000, 0x0000000712e00000| Untracked 
| 152|0x0000000713000000, 0x0000000713200000, 0x0000000713200000|100%| S|CS|TAMS 0x0000000713000000, 0x0000000713000000| Complete 
| 153|0x0000000713200000, 0x0000000713400000, 0x0000000713400000|100%| S|CS|TAMS 0x0000000713200000, 0x0000000713200000| Complete 
| 154|0x0000000713400000, 0x0000000713600000, 0x0000000713600000|100%| S|CS|TAMS 0x0000000713400000, 0x0000000713400000| Complete 
| 155|0x0000000713600000, 0x0000000713600000, 0x0000000713800000|  0%| F|  |TAMS 0x0000000713600000, 0x0000000713600000| Untracked 
| 156|0x0000000713800000, 0x0000000713800000, 0x0000000713a00000|  0%| F|  |TAMS 0x0000000713800000, 0x0000000713800000| Untracked 
| 157|0x0000000713a00000, 0x0000000713a00000, 0x0000000713c00000|  0%| F|  |TAMS 0x0000000713a00000, 0x0000000713a00000| Untracked 
| 158|0x0000000713c00000, 0x0000000713c00000, 0x0000000713e00000|  0%| F|  |TAMS 0x0000000713c00000, 0x0000000713c00000| Untracked 
| 159|0x0000000713e00000, 0x0000000713e00000, 0x0000000714000000|  0%| F|  |TAMS 0x0000000713e00000, 0x0000000713e00000| Untracked 
| 160|0x0000000714000000, 0x0000000714000000, 0x0000000714200000|  0%| F|  |TAMS 0x0000000714000000, 0x0000000714000000| Untracked 
| 161|0x0000000714200000, 0x0000000714200000, 0x0000000714400000|  0%| F|  |TAMS 0x0000000714200000, 0x0000000714200000| Untracked 
| 162|0x0000000714400000, 0x0000000714400000, 0x0000000714600000|  0%| F|  |TAMS 0x0000000714400000, 0x0000000714400000| Untracked 
| 163|0x0000000714600000, 0x0000000714600000, 0x0000000714800000|  0%| F|  |TAMS 0x0000000714600000, 0x0000000714600000| Untracked 
| 164|0x0000000714800000, 0x0000000714800000, 0x0000000714a00000|  0%| F|  |TAMS 0x0000000714800000, 0x0000000714800000| Untracked 
| 165|0x0000000714a00000, 0x0000000714a00000, 0x0000000714c00000|  0%| F|  |TAMS 0x0000000714a00000, 0x0000000714a00000| Untracked 
| 166|0x0000000714c00000, 0x0000000714c00000, 0x0000000714e00000|  0%| F|  |TAMS 0x0000000714c00000, 0x0000000714c00000| Untracked 
| 167|0x0000000714e00000, 0x0000000714e00000, 0x0000000715000000|  0%| F|  |TAMS 0x0000000714e00000, 0x0000000714e00000| Untracked 
| 168|0x0000000715000000, 0x0000000715000000, 0x0000000715200000|  0%| F|  |TAMS 0x0000000715000000, 0x0000000715000000| Untracked 
| 169|0x0000000715200000, 0x0000000715200000, 0x0000000715400000|  0%| F|  |TAMS 0x0000000715200000, 0x0000000715200000| Untracked 
| 170|0x0000000715400000, 0x0000000715400000, 0x0000000715600000|  0%| F|  |TAMS 0x0000000715400000, 0x0000000715400000| Untracked 
| 171|0x0000000715600000, 0x0000000715600000, 0x0000000715800000|  0%| F|  |TAMS 0x0000000715600000, 0x0000000715600000| Untracked 
| 172|0x0000000715800000, 0x0000000715800000, 0x0000000715a00000|  0%| F|  |TAMS 0x0000000715800000, 0x0000000715800000| Untracked 
| 173|0x0000000715a00000, 0x0000000715a00000, 0x0000000715c00000|  0%| F|  |TAMS 0x0000000715a00000, 0x0000000715a00000| Untracked 
| 174|0x0000000715c00000, 0x0000000715c00000, 0x0000000715e00000|  0%| F|  |TAMS 0x0000000715c00000, 0x0000000715c00000| Untracked 
| 175|0x0000000715e00000, 0x0000000715e00000, 0x0000000716000000|  0%| F|  |TAMS 0x0000000715e00000, 0x0000000715e00000| Untracked 
| 176|0x0000000716000000, 0x0000000716000000, 0x0000000716200000|  0%| F|  |TAMS 0x0000000716000000, 0x0000000716000000| Untracked 
| 177|0x0000000716200000, 0x0000000716200000, 0x0000000716400000|  0%| F|  |TAMS 0x0000000716200000, 0x0000000716200000| Untracked 
| 178|0x0000000716400000, 0x0000000716400000, 0x0000000716600000|  0%| F|  |TAMS 0x0000000716400000, 0x0000000716400000| Untracked 
| 179|0x0000000716600000, 0x0000000716600000, 0x0000000716800000|  0%| F|  |TAMS 0x0000000716600000, 0x0000000716600000| Untracked 
| 180|0x0000000716800000, 0x0000000716800000, 0x0000000716a00000|  0%| F|  |TAMS 0x0000000716800000, 0x0000000716800000| Untracked 
| 181|0x0000000716a00000, 0x0000000716a00000, 0x0000000716c00000|  0%| F|  |TAMS 0x0000000716a00000, 0x0000000716a00000| Untracked 
| 182|0x0000000716c00000, 0x0000000716c00000, 0x0000000716e00000|  0%| F|  |TAMS 0x0000000716c00000, 0x0000000716c00000| Untracked 
| 183|0x0000000716e00000, 0x0000000716e00000, 0x0000000717000000|  0%| F|  |TAMS 0x0000000716e00000, 0x0000000716e00000| Untracked 
| 184|0x0000000717000000, 0x0000000717000000, 0x0000000717200000|  0%| F|  |TAMS 0x0000000717000000, 0x0000000717000000| Untracked 
| 185|0x0000000717200000, 0x0000000717200000, 0x0000000717400000|  0%| F|  |TAMS 0x0000000717200000, 0x0000000717200000| Untracked 
| 186|0x0000000717400000, 0x0000000717400000, 0x0000000717600000|  0%| F|  |TAMS 0x0000000717400000, 0x0000000717400000| Untracked 
| 187|0x0000000717600000, 0x0000000717600000, 0x0000000717800000|  0%| F|  |TAMS 0x0000000717600000, 0x0000000717600000| Untracked 
| 188|0x0000000717800000, 0x0000000717800000, 0x0000000717a00000|  0%| F|  |TAMS 0x0000000717800000, 0x0000000717800000| Untracked 
| 189|0x0000000717a00000, 0x0000000717a00000, 0x0000000717c00000|  0%| F|  |TAMS 0x0000000717a00000, 0x0000000717a00000| Untracked 
| 190|0x0000000717c00000, 0x0000000717c00000, 0x0000000717e00000|  0%| F|  |TAMS 0x0000000717c00000, 0x0000000717c00000| Untracked 
| 191|0x0000000717e00000, 0x0000000717e00000, 0x0000000718000000|  0%| F|  |TAMS 0x0000000717e00000, 0x0000000717e00000| Untracked 
| 192|0x0000000718000000, 0x0000000718000000, 0x0000000718200000|  0%| F|  |TAMS 0x0000000718000000, 0x0000000718000000| Untracked 
| 193|0x0000000718200000, 0x0000000718200000, 0x0000000718400000|  0%| F|  |TAMS 0x0000000718200000, 0x0000000718200000| Untracked 
| 194|0x0000000718400000, 0x0000000718400000, 0x0000000718600000|  0%| F|  |TAMS 0x0000000718400000, 0x0000000718400000| Untracked 
| 195|0x0000000718600000, 0x0000000718600000, 0x0000000718800000|  0%| F|  |TAMS 0x0000000718600000, 0x0000000718600000| Untracked 
| 196|0x0000000718800000, 0x0000000718800000, 0x0000000718a00000|  0%| F|  |TAMS 0x0000000718800000, 0x0000000718800000| Untracked 
| 197|0x0000000718a00000, 0x0000000718a00000, 0x0000000718c00000|  0%| F|  |TAMS 0x0000000718a00000, 0x0000000718a00000| Untracked 
| 198|0x0000000718c00000, 0x0000000718c00000, 0x0000000718e00000|  0%| F|  |TAMS 0x0000000718c00000, 0x0000000718c00000| Untracked 
| 199|0x0000000718e00000, 0x0000000718e00000, 0x0000000719000000|  0%| F|  |TAMS 0x0000000718e00000, 0x0000000718e00000| Untracked 
| 200|0x0000000719000000, 0x0000000719000000, 0x0000000719200000|  0%| F|  |TAMS 0x0000000719000000, 0x0000000719000000| Untracked 
| 201|0x0000000719200000, 0x0000000719200000, 0x0000000719400000|  0%| F|  |TAMS 0x0000000719200000, 0x0000000719200000| Untracked 
| 202|0x0000000719400000, 0x0000000719400000, 0x0000000719600000|  0%| F|  |TAMS 0x0000000719400000, 0x0000000719400000| Untracked 
| 203|0x0000000719600000, 0x0000000719600000, 0x0000000719800000|  0%| F|  |TAMS 0x0000000719600000, 0x0000000719600000| Untracked 
| 204|0x0000000719800000, 0x0000000719800000, 0x0000000719a00000|  0%| F|  |TAMS 0x0000000719800000, 0x0000000719800000| Untracked 
| 205|0x0000000719a00000, 0x0000000719a00000, 0x0000000719c00000|  0%| F|  |TAMS 0x0000000719a00000, 0x0000000719a00000| Untracked 
| 206|0x0000000719c00000, 0x0000000719c00000, 0x0000000719e00000|  0%| F|  |TAMS 0x0000000719c00000, 0x0000000719c00000| Untracked 
| 207|0x0000000719e00000, 0x0000000719e00000, 0x000000071a000000|  0%| F|  |TAMS 0x0000000719e00000, 0x0000000719e00000| Untracked 
| 208|0x000000071a000000, 0x000000071a000000, 0x000000071a200000|  0%| F|  |TAMS 0x000000071a000000, 0x000000071a000000| Untracked 
| 209|0x000000071a200000, 0x000000071a200000, 0x000000071a400000|  0%| F|  |TAMS 0x000000071a200000, 0x000000071a200000| Untracked 
| 210|0x000000071a400000, 0x000000071a400000, 0x000000071a600000|  0%| F|  |TAMS 0x000000071a400000, 0x000000071a400000| Untracked 
| 211|0x000000071a600000, 0x000000071a600000, 0x000000071a800000|  0%| F|  |TAMS 0x000000071a600000, 0x000000071a600000| Untracked 
| 212|0x000000071a800000, 0x000000071a800000, 0x000000071aa00000|  0%| F|  |TAMS 0x000000071a800000, 0x000000071a800000| Untracked 
| 213|0x000000071aa00000, 0x000000071aa00000, 0x000000071ac00000|  0%| F|  |TAMS 0x000000071aa00000, 0x000000071aa00000| Untracked 
| 214|0x000000071ac00000, 0x000000071ac00000, 0x000000071ae00000|  0%| F|  |TAMS 0x000000071ac00000, 0x000000071ac00000| Untracked 
| 215|0x000000071ae00000, 0x000000071ae00000, 0x000000071b000000|  0%| F|  |TAMS 0x000000071ae00000, 0x000000071ae00000| Untracked 
| 216|0x000000071b000000, 0x000000071b000000, 0x000000071b200000|  0%| F|  |TAMS 0x000000071b000000, 0x000000071b000000| Untracked 
| 217|0x000000071b200000, 0x000000071b200000, 0x000000071b400000|  0%| F|  |TAMS 0x000000071b200000, 0x000000071b200000| Untracked 
| 218|0x000000071b400000, 0x000000071b400000, 0x000000071b600000|  0%| F|  |TAMS 0x000000071b400000, 0x000000071b400000| Untracked 
| 219|0x000000071b600000, 0x000000071b600000, 0x000000071b800000|  0%| F|  |TAMS 0x000000071b600000, 0x000000071b600000| Untracked 
| 220|0x000000071b800000, 0x000000071b800000, 0x000000071ba00000|  0%| F|  |TAMS 0x000000071b800000, 0x000000071b800000| Untracked 
| 221|0x000000071ba00000, 0x000000071ba00000, 0x000000071bc00000|  0%| F|  |TAMS 0x000000071ba00000, 0x000000071ba00000| Untracked 
| 222|0x000000071bc00000, 0x000000071bc00000, 0x000000071be00000|  0%| F|  |TAMS 0x000000071bc00000, 0x000000071bc00000| Untracked 
| 223|0x000000071be00000, 0x000000071be00000, 0x000000071c000000|  0%| F|  |TAMS 0x000000071be00000, 0x000000071be00000| Untracked 
| 224|0x000000071c000000, 0x000000071c000000, 0x000000071c200000|  0%| F|  |TAMS 0x000000071c000000, 0x000000071c000000| Untracked 
| 225|0x000000071c200000, 0x000000071c200000, 0x000000071c400000|  0%| F|  |TAMS 0x000000071c200000, 0x000000071c200000| Untracked 
| 226|0x000000071c400000, 0x000000071c400000, 0x000000071c600000|  0%| F|  |TAMS 0x000000071c400000, 0x000000071c400000| Untracked 
| 227|0x000000071c600000, 0x000000071c600000, 0x000000071c800000|  0%| F|  |TAMS 0x000000071c600000, 0x000000071c600000| Untracked 
| 228|0x000000071c800000, 0x000000071c800000, 0x000000071ca00000|  0%| F|  |TAMS 0x000000071c800000, 0x000000071c800000| Untracked 
| 229|0x000000071ca00000, 0x000000071ca00000, 0x000000071cc00000|  0%| F|  |TAMS 0x000000071ca00000, 0x000000071ca00000| Untracked 
| 230|0x000000071cc00000, 0x000000071cc00000, 0x000000071ce00000|  0%| F|  |TAMS 0x000000071cc00000, 0x000000071cc00000| Untracked 
| 231|0x000000071ce00000, 0x000000071ce00000, 0x000000071d000000|  0%| F|  |TAMS 0x000000071ce00000, 0x000000071ce00000| Untracked 
| 232|0x000000071d000000, 0x000000071d000000, 0x000000071d200000|  0%| F|  |TAMS 0x000000071d000000, 0x000000071d000000| Untracked 
| 233|0x000000071d200000, 0x000000071d200000, 0x000000071d400000|  0%| F|  |TAMS 0x000000071d200000, 0x000000071d200000| Untracked 
| 234|0x000000071d400000, 0x000000071d400000, 0x000000071d600000|  0%| F|  |TAMS 0x000000071d400000, 0x000000071d400000| Untracked 
| 235|0x000000071d600000, 0x000000071d600000, 0x000000071d800000|  0%| F|  |TAMS 0x000000071d600000, 0x000000071d600000| Untracked 
| 236|0x000000071d800000, 0x000000071d800000, 0x000000071da00000|  0%| F|  |TAMS 0x000000071d800000, 0x000000071d800000| Untracked 
| 237|0x000000071da00000, 0x000000071da00000, 0x000000071dc00000|  0%| F|  |TAMS 0x000000071da00000, 0x000000071da00000| Untracked 
| 238|0x000000071dc00000, 0x000000071dc00000, 0x000000071de00000|  0%| F|  |TAMS 0x000000071dc00000, 0x000000071dc00000| Untracked 
| 239|0x000000071de00000, 0x000000071de00000, 0x000000071e000000|  0%| F|  |TAMS 0x000000071de00000, 0x000000071de00000| Untracked 
| 240|0x000000071e000000, 0x000000071e000000, 0x000000071e200000|  0%| F|  |TAMS 0x000000071e000000, 0x000000071e000000| Untracked 
| 241|0x000000071e200000, 0x000000071e200000, 0x000000071e400000|  0%| F|  |TAMS 0x000000071e200000, 0x000000071e200000| Untracked 
| 242|0x000000071e400000, 0x000000071e400000, 0x000000071e600000|  0%| F|  |TAMS 0x000000071e400000, 0x000000071e400000| Untracked 
| 243|0x000000071e600000, 0x000000071e600000, 0x000000071e800000|  0%| F|  |TAMS 0x000000071e600000, 0x000000071e600000| Untracked 
| 244|0x000000071e800000, 0x000000071e800000, 0x000000071ea00000|  0%| F|  |TAMS 0x000000071e800000, 0x000000071e800000| Untracked 
| 245|0x000000071ea00000, 0x000000071ea00000, 0x000000071ec00000|  0%| F|  |TAMS 0x000000071ea00000, 0x000000071ea00000| Untracked 
| 246|0x000000071ec00000, 0x000000071ec00000, 0x000000071ee00000|  0%| F|  |TAMS 0x000000071ec00000, 0x000000071ec00000| Untracked 
| 247|0x000000071ee00000, 0x000000071ee00000, 0x000000071f000000|  0%| F|  |TAMS 0x000000071ee00000, 0x000000071ee00000| Untracked 
| 248|0x000000071f000000, 0x000000071f000000, 0x000000071f200000|  0%| F|  |TAMS 0x000000071f000000, 0x000000071f000000| Untracked 
| 249|0x000000071f200000, 0x000000071f200000, 0x000000071f400000|  0%| F|  |TAMS 0x000000071f200000, 0x000000071f200000| Untracked 
| 250|0x000000071f400000, 0x000000071f400000, 0x000000071f600000|  0%| F|  |TAMS 0x000000071f400000, 0x000000071f400000| Untracked 

Card table byte_map: [0x000001c6faa50000,0x000001c6fb250000] _byte_map_base: 0x000001c6f7250000

Marking Bits (Prev, Next): (CMBitMap*) 0x000001c6e7dff320, (CMBitMap*) 0x000001c6e7dff2e0
 Prev Bits: [0x000001c680000000, 0x000001c684000000)
 Next Bits: [0x000001c6fba50000, 0x000001c6ffa50000)

Polling page: 0x000001c6e5d80000

Metaspace:

Usage:
  Non-class:    103.50 MB used.
      Class:     16.48 MB used.
       Both:    119.98 MB used.

Virtual space:
  Non-class space:      104.00 MB reserved,     104.00 MB (100%) committed,  13 nodes.
      Class space:        1.00 GB reserved,      16.88 MB (  2%) committed,  1 nodes.
             Both:        1.10 GB reserved,     120.88 MB ( 11%) committed. 

Chunk freelists:
   Non-Class:  32.00 KB
       Class:  3.17 MB
        Both:  3.20 MB

MaxMetaspaceSize: unlimited
CompressedClassSpaceSize: 1.00 GB
Initial GC threshold: 21.00 MB
Current GC threshold: 175.12 MB
CDS: off
MetaspaceReclaimPolicy: balanced
 - commit_granule_bytes: 65536.
 - commit_granule_words: 8192.
 - virtual_space_node_default_size: 1048576.
 - enlarge_chunks_in_place: 1.
 - new_chunks_are_fully_committed: 0.
 - uncommit_free_chunks: 1.
 - use_allocation_guard: 0.
 - handle_deallocations: 1.


Internal statistics:

num_allocs_failed_limit: 6.
num_arena_births: 1174.
num_arena_deaths: 0.
num_vsnodes_births: 14.
num_vsnodes_deaths: 0.
num_space_committed: 1934.
num_space_uncommitted: 0.
num_chunks_returned_to_freelist: 6.
num_chunks_taken_from_freelist: 5891.
num_chunk_merges: 3.
num_chunk_splits: 3916.
num_chunks_enlarged: 2712.
num_purges: 0.
num_inconsistent_stats: 0.

CodeHeap 'non-profiled nmethods': size=120000Kb used=8690Kb max_used=8824Kb free=111309Kb
 bounds [0x000001c6f2d20000, 0x000001c6f35c0000, 0x000001c6fa250000]
CodeHeap 'profiled nmethods': size=120000Kb used=36515Kb max_used=37178Kb free=83484Kb
 bounds [0x000001c6eb250000, 0x000001c6ed6a0000, 0x000001c6f2780000]
CodeHeap 'non-nmethods': size=5760Kb used=2458Kb max_used=2523Kb free=3301Kb
 bounds [0x000001c6f2780000, 0x000001c6f2a10000, 0x000001c6f2d20000]
 total_blobs=17434 nmethods=16443 adapters=901
 compilation: enabled
              stopped_count=0, restarted_count=0
 full_count=0

Compilation events (20 events):
Event: 41.898 Thread 0x000001c686927850 19727       2       com.android.tools.r8.internal.H::equals (54 bytes)
Event: 41.898 Thread 0x000001c686927850 nmethod 19727 0x000001c6ed69dd10 code [0x000001c6ed69df00, 0x000001c6ed69e248]
Event: 41.899 Thread 0x000001c686927850 19728       2       com.android.tools.r8.graph.l0::Q0 (52 bytes)
Event: 41.899 Thread 0x000001c686927850 nmethod 19728 0x000001c6ed69e390 code [0x000001c6ed69e540, 0x000001c6ed69e6c8]
Event: 41.931 Thread 0x000001c686927850 19731       2       org.gradle.internal.time.DefaultTimer::<init> (14 bytes)
Event: 41.931 Thread 0x000001c686927850 nmethod 19731 0x000001c6ebca0890 code [0x000001c6ebca0a20, 0x000001c6ebca0bf8]
Event: 41.934 Thread 0x000001c686927850 19732       2       com.android.tools.r8.graph.N2::<init> (15 bytes)
Event: 41.934 Thread 0x000001c686927850 nmethod 19732 0x000001c6ebcf7390 code [0x000001c6ebcf7520, 0x000001c6ebcf7678]
Event: 41.946 Thread 0x000001c686927850 19735       2       org.gradle.internal.serialize.InputStreamBackedDecoder::readBoolean (8 bytes)
Event: 41.947 Thread 0x000001c686927850 nmethod 19735 0x000001c6eb32fc90 code [0x000001c6eb32fe40, 0x000001c6eb330058]
Event: 41.947 Thread 0x000001c686927850 19736       2       java.io.DataInputStream::readBoolean (30 bytes)
Event: 41.947 Thread 0x000001c686927850 nmethod 19736 0x000001c6ec571010 code [0x000001c6ec5711c0, 0x000001c6ec5713b8]
Event: 41.950 Thread 0x000001c686927850 19737       2       org.gradle.internal.serialize.InputStreamBackedDecoder::readLong (8 bytes)
Event: 41.950 Thread 0x000001c686927850 nmethod 19737 0x000001c6ec614590 code [0x000001c6ec614720, 0x000001c6ec614848]
Event: 41.961 Thread 0x000001c686927850 19738       2       com.android.tools.r8.internal.B4::a (223 bytes)
Event: 41.963 Thread 0x000001c686927850 nmethod 19738 0x000001c6eccfdc90 code [0x000001c6eccfdf40, 0x000001c6eccfec88]
Event: 41.967 Thread 0x000001c686927850 19739       2       com.android.tools.r8.internal.wY::a (511 bytes)
Event: 41.969 Thread 0x000001c686927850 nmethod 19739 0x000001c6ed16d790 code [0x000001c6ed16dba0, 0x000001c6ed16ed68]
Event: 41.972 Thread 0x000001c686927850 19740       2       java.util.ArrayDeque::newCapacity (62 bytes)
Event: 41.973 Thread 0x000001c686927850 nmethod 19740 0x000001c6ec459810 code [0x000001c6ec4599c0, 0x000001c6ec459c48]

GC Heap History (20 events):
Event: 25.917 GC heap after
{Heap after GC invocations=61 (full 0):
 garbage-first heap   total 266240K, used 129707K [0x0000000700000000, 0x0000000800000000)
  region size 2048K, 4 young (8192K), 4 survivors (8192K)
 Metaspace       used 106608K, committed 107456K, reserved 1146880K
  class space    used 14626K, committed 14976K, reserved 1048576K
}
Event: 29.447 GC heap before
{Heap before GC invocations=62 (full 0):
 garbage-first heap   total 389120K, used 311979K [0x0000000700000000, 0x0000000800000000)
  region size 2048K, 45 young (92160K), 4 survivors (8192K)
 Metaspace       used 108485K, committed 109376K, reserved 1146880K
  class space    used 14907K, committed 15296K, reserved 1048576K
}
Event: 29.481 GC heap after
{Heap after GC invocations=63 (full 0):
 garbage-first heap   total 389120K, used 144412K [0x0000000700000000, 0x0000000800000000)
  region size 2048K, 6 young (12288K), 6 survivors (12288K)
 Metaspace       used 108485K, committed 109376K, reserved 1146880K
  class space    used 14907K, committed 15296K, reserved 1048576K
}
Event: 29.689 GC heap before
{Heap before GC invocations=63 (full 0):
 garbage-first heap   total 389120K, used 150556K [0x0000000700000000, 0x0000000800000000)
  region size 2048K, 9 young (18432K), 6 survivors (12288K)
 Metaspace       used 109656K, committed 110464K, reserved 1146880K
  class space    used 15072K, committed 15424K, reserved 1048576K
}
Event: 29.704 GC heap after
{Heap after GC invocations=64 (full 0):
 garbage-first heap   total 389120K, used 142507K [0x0000000700000000, 0x0000000800000000)
  region size 2048K, 1 young (2048K), 1 survivors (2048K)
 Metaspace       used 109656K, committed 110464K, reserved 1146880K
  class space    used 15072K, committed 15424K, reserved 1048576K
}
Event: 32.109 GC heap before
{Heap before GC invocations=64 (full 0):
 garbage-first heap   total 389120K, used 302251K [0x0000000700000000, 0x0000000800000000)
  region size 2048K, 79 young (161792K), 1 survivors (2048K)
 Metaspace       used 114827K, committed 115648K, reserved 1155072K
  class space    used 15805K, committed 16192K, reserved 1048576K
}
Event: 32.150 GC heap after
{Heap after GC invocations=65 (full 0):
 garbage-first heap   total 514048K, used 168794K [0x0000000700000000, 0x0000000800000000)
  region size 2048K, 10 young (20480K), 10 survivors (20480K)
 Metaspace       used 114827K, committed 115648K, reserved 1155072K
  class space    used 15805K, committed 16192K, reserved 1048576K
}
Event: 35.285 GC heap before
{Heap before GC invocations=65 (full 0):
 garbage-first heap   total 514048K, used 377690K [0x0000000700000000, 0x0000000800000000)
  region size 2048K, 112 young (229376K), 10 survivors (20480K)
 Metaspace       used 119510K, committed 120384K, reserved 1155072K
  class space    used 16415K, committed 16768K, reserved 1048576K
}
Event: 36.193 GC heap after
{Heap after GC invocations=66 (full 0):
 garbage-first heap   total 514048K, used 189567K [0x0000000700000000, 0x0000000800000000)
  region size 2048K, 11 young (22528K), 11 survivors (22528K)
 Metaspace       used 119510K, committed 120384K, reserved 1155072K
  class space    used 16415K, committed 16768K, reserved 1048576K
}
Event: 36.472 GC heap before
{Heap before GC invocations=66 (full 0):
 garbage-first heap   total 514048K, used 207999K [0x0000000700000000, 0x0000000800000000)
  region size 2048K, 20 young (40960K), 11 survivors (22528K)
 Metaspace       used 119765K, committed 120640K, reserved 1155072K
  class space    used 16454K, committed 16832K, reserved 1048576K
}
Event: 36.507 GC heap after
{Heap after GC invocations=67 (full 0):
 garbage-first heap   total 514048K, used 192307K [0x0000000700000000, 0x0000000800000000)
  region size 2048K, 2 young (4096K), 2 survivors (4096K)
 Metaspace       used 119765K, committed 120640K, reserved 1155072K
  class space    used 16454K, committed 16832K, reserved 1048576K
}
Event: 37.854 GC heap before
{Heap before GC invocations=67 (full 0):
 garbage-first heap   total 514048K, used 364339K [0x0000000700000000, 0x0000000800000000)
  region size 2048K, 86 young (176128K), 2 survivors (4096K)
 Metaspace       used 121860K, committed 122752K, reserved 1155072K
  class space    used 16761K, committed 17152K, reserved 1048576K
}
Event: 37.866 GC heap after
{Heap after GC invocations=68 (full 0):
 garbage-first heap   total 514048K, used 194041K [0x0000000700000000, 0x0000000800000000)
  region size 2048K, 3 young (6144K), 3 survivors (6144K)
 Metaspace       used 121860K, committed 122752K, reserved 1155072K
  class space    used 16761K, committed 17152K, reserved 1048576K
}
Event: 39.190 GC heap before
{Heap before GC invocations=68 (full 0):
 garbage-first heap   total 514048K, used 402937K [0x0000000700000000, 0x0000000800000000)
  region size 2048K, 106 young (217088K), 3 survivors (6144K)
 Metaspace       used 122539K, committed 123392K, reserved 1155072K
  class space    used 16856K, committed 17216K, reserved 1048576K
}
Event: 39.204 GC heap after
{Heap after GC invocations=69 (full 0):
 garbage-first heap   total 514048K, used 198141K [0x0000000700000000, 0x0000000800000000)
  region size 2048K, 5 young (10240K), 5 survivors (10240K)
 Metaspace       used 122539K, committed 123392K, reserved 1155072K
  class space    used 16856K, committed 17216K, reserved 1048576K
}
Event: 40.080 GC heap before
{Heap before GC invocations=69 (full 0):
 garbage-first heap   total 514048K, used 411133K [0x0000000700000000, 0x0000000800000000)
  region size 2048K, 110 young (225280K), 5 survivors (10240K)
 Metaspace       used 122706K, committed 123520K, reserved 1155072K
  class space    used 16861K, committed 17216K, reserved 1048576K
}
Event: 40.105 GC heap after
{Heap after GC invocations=70 (full 0):
 garbage-first heap   total 514048K, used 207752K [0x0000000700000000, 0x0000000800000000)
  region size 2048K, 9 young (18432K), 9 survivors (18432K)
 Metaspace       used 122706K, committed 123520K, reserved 1155072K
  class space    used 16861K, committed 17216K, reserved 1048576K
}
Event: 40.963 GC heap before
{Heap before GC invocations=70 (full 0):
 garbage-first heap   total 514048K, used 416648K [0x0000000700000000, 0x0000000800000000)
  region size 2048K, 111 young (227328K), 9 survivors (18432K)
 Metaspace       used 122816K, committed 123712K, reserved 1155072K
  class space    used 16873K, committed 17280K, reserved 1048576K
}
Event: 41.010 GC heap after
{Heap after GC invocations=71 (full 0):
 garbage-first heap   total 514048K, used 219267K [0x0000000700000000, 0x0000000800000000)
  region size 2048K, 13 young (26624K), 13 survivors (26624K)
 Metaspace       used 122816K, committed 123712K, reserved 1155072K
  class space    used 16873K, committed 17280K, reserved 1048576K
}
Event: 41.983 GC heap before
{Heap before GC invocations=71 (full 0):
 garbage-first heap   total 514048K, used 415875K [0x0000000700000000, 0x0000000800000000)
  region size 2048K, 109 young (223232K), 13 survivors (26624K)
 Metaspace       used 122857K, committed 123776K, reserved 1155072K
  class space    used 16875K, committed 17280K, reserved 1048576K
}

Dll operation events (2 events):
Event: 0.007 Loaded shared library C:\Program Files\Android\Android Studio\jbr\bin\java.dll
Event: 0.368 Loaded shared library C:\Program Files\Android\Android Studio\jbr\bin\verify.dll

Deoptimization events (20 events):
Event: 41.770 Thread 0x000001c689a0a540 DEOPT PACKING pc=0x000001c6ecfc0bd3 sp=0x00000002c1bf6900
Event: 41.770 Thread 0x000001c689a0a540 DEOPT UNPACKING pc=0x000001c6f27dace3 sp=0x00000002c1bf6040 mode 0
Event: 41.796 Thread 0x000001c68bc48060 DEOPT PACKING pc=0x000001c6ed64b37e sp=0x00000002c43f9720
Event: 41.796 Thread 0x000001c68bc48060 DEOPT UNPACKING pc=0x000001c6f27dace3 sp=0x00000002c43f8f68 mode 0
Event: 41.816 Thread 0x000001c689a0da30 DEOPT PACKING pc=0x000001c6ed144cce sp=0x00000002c20f9f30
Event: 41.816 Thread 0x000001c689a0da30 DEOPT UNPACKING pc=0x000001c6f27dace3 sp=0x00000002c20f94b0 mode 0
Event: 41.819 Thread 0x000001c689a0da30 DEOPT PACKING pc=0x000001c6ed64b37e sp=0x00000002c20f92b0
Event: 41.819 Thread 0x000001c689a0da30 DEOPT UNPACKING pc=0x000001c6f27dace3 sp=0x00000002c20f8af8 mode 0
Event: 41.892 Thread 0x000001c689a0a540 Uncommon trap: trap_request=0xffffff45 fr.pc=0x000001c6f347b358 relative=0x00000000000007d8
Event: 41.892 Thread 0x000001c689a0a540 Uncommon trap: reason=unstable_if action=reinterpret pc=0x000001c6f347b358 method=com.android.tools.r8.internal.Ys.contains(Ljava/lang/Object;)Z @ 71 c2
Event: 41.892 Thread 0x000001c689a0a540 DEOPT PACKING pc=0x000001c6f347b358 sp=0x00000002c1bf6ca0
Event: 41.892 Thread 0x000001c689a0a540 DEOPT UNPACKING pc=0x000001c6f27da1a3 sp=0x00000002c1bf6b68 mode 2
Event: 41.937 Thread 0x000001c689a0da30 Uncommon trap: trap_request=0xfffffff4 fr.pc=0x000001c6f35b7514 relative=0x00000000000069f4
Event: 41.937 Thread 0x000001c689a0da30 Uncommon trap: reason=null_check action=make_not_entrant pc=0x000001c6f35b7514 method=com.android.tools.r8.graph.N2.a(Lcom/android/tools/r8/graph/X0;Lcom/android/tools/r8/graph/a1;)Lcom/android/tools/r8/graph/n0; @ 24 c2
Event: 41.937 Thread 0x000001c689a0da30 DEOPT PACKING pc=0x000001c6f35b7514 sp=0x00000002c20f9ac0
Event: 41.937 Thread 0x000001c689a0da30 DEOPT UNPACKING pc=0x000001c6f27da1a3 sp=0x00000002c20f99a8 mode 2
Event: 41.948 Thread 0x000001c689a0da30 DEOPT PACKING pc=0x000001c6ecfc0bd3 sp=0x00000002c20f97e0
Event: 41.948 Thread 0x000001c689a0da30 DEOPT UNPACKING pc=0x000001c6f27dace3 sp=0x00000002c20f8f20 mode 0
Event: 41.959 Thread 0x000001c689a0a540 DEOPT PACKING pc=0x000001c6ed120b03 sp=0x00000002c1bf6df0
Event: 41.959 Thread 0x000001c689a0a540 DEOPT UNPACKING pc=0x000001c6f27dace3 sp=0x00000002c1bf6688 mode 0

Classes unloaded (0 events):
No events

Classes redefined (0 events):
No events

Internal exceptions (20 events):
Event: 35.095 Thread 0x000001c689a0b3b0 Exception <a 'java/lang/NoSuchMethodError'{0x0000000714f50ed8}: 'void java.lang.invoke.DirectMethodHandle$Holder.invokeSpecialIFC(java.lang.Object, java.lang.Object, java.lang.Object, java.lang.Object)'> (0x0000000714f50ed8) 
thrown [s\src\hotspot\share\interpreter\linkResolver.cpp, line 771]
Event: 35.095 Thread 0x000001c689a0a540 Exception <a 'java/lang/NoSuchMethodError'{0x0000000713396750}: 'void java.lang.invoke.DirectMethodHandle$Holder.invokeSpecialIFC(java.lang.Object, java.lang.Object, java.lang.Object, java.lang.Object)'> (0x0000000713396750) 
thrown [s\src\hotspot\share\interpreter\linkResolver.cpp, line 771]
Event: 36.195 Thread 0x000001c689a0a540 Implicit null exception at 0x000001c6f2e4d76f to 0x000001c6f2e51f98
Event: 37.074 Thread 0x000001c68bc4a210 Exception <a 'java/net/ConnectException'{0x000000071ccec0b0}: Connection refused: connect> (0x000000071ccec0b0) 
thrown [s\src\hotspot\share\prims\jni.cpp, line 536]
Event: 37.076 Thread 0x000001c68bc4a210 Exception <a 'java/net/SocketException'{0x000000071cceca40}: Socket is not connected: shutdown> (0x000000071cceca40) 
thrown [s\src\hotspot\share\prims\jni.cpp, line 536]
Event: 37.098 Thread 0x000001c68bc4a210 Exception <a 'java/net/ConnectException'{0x000000071cced890}: Connection refused: connect> (0x000000071cced890) 
thrown [s\src\hotspot\share\prims\jni.cpp, line 536]
Event: 37.098 Thread 0x000001c68bc4a210 Exception <a 'java/net/SocketException'{0x000000071ccee118}: Socket is not connected: shutdown> (0x000000071ccee118) 
thrown [s\src\hotspot\share\prims\jni.cpp, line 536]
Event: 37.109 Thread 0x000001c68bc4a210 Exception <a 'java/net/ConnectException'{0x000000071b301288}: Connection refused: connect> (0x000000071b301288) 
thrown [s\src\hotspot\share\prims\jni.cpp, line 536]
Event: 37.109 Thread 0x000001c68bc4a210 Exception <a 'java/net/SocketException'{0x000000071b301b10}: Socket is not connected: shutdown> (0x000000071b301b10) 
thrown [s\src\hotspot\share\prims\jni.cpp, line 536]
Event: 37.262 Thread 0x000001c689a0b3b0 Exception <a 'java/lang/NoSuchMethodError'{0x000000071a066f98}: 'java.lang.Object java.lang.invoke.DirectMethodHandle$Holder.newInvokeSpecial(java.lang.Object, java.lang.Object, int, java.lang.Object, java.lang.Object, java.lang.Object)'> (0x000000071a066f98) 
thrown [s\src\hotspot\share\interpreter\linkResolver.cpp, line 771]
Event: 37.263 Thread 0x000001c689a0b3b0 Exception <a 'java/lang/NoSuchMethodError'{0x000000071a06ef60}: 'java.lang.Object java.lang.invoke.Invokers$Holder.linkToTargetMethod(java.lang.Object, int, java.lang.Object, java.lang.Object, java.lang.Object, java.lang.Object)'> (0x000000071a06ef60) 
thrown [s\src\hotspot\share\interpreter\linkResolver.cpp, line 771]
Event: 37.318 Thread 0x000001c689a0b3b0 Exception <a 'java/lang/NoSuchMethodError'{0x000000071a102090}: 'void java.lang.invoke.DirectMethodHandle$Holder.invokeStatic(java.lang.Object, java.lang.Object, java.lang.Object, java.lang.Object, java.lang.Object, java.lang.Object, java.lang.Object, java.lang.Object)'> (0x000000071a102090) 
thrown [s\src\hotspot\share\interpreter\linkResolver.cpp, line 771]
Event: 37.801 Thread 0x000001c689a0b3b0 Exception <a 'java/lang/IncompatibleClassChangeError'{0x0000000715314ce0}: Found class java.lang.Object, but interface was expected> (0x0000000715314ce0) 
thrown [s\src\hotspot\share\interpreter\linkResolver.cpp, line 838]
Event: 38.374 Thread 0x000001c689a0b3b0 Exception <a 'java/lang/NoSuchMethodError'{0x000000071c0706f8}: 'void java.lang.invoke.DirectMethodHandle$Holder.invokeSpecial(java.lang.Object, java.lang.Object, int)'> (0x000000071c0706f8) 
thrown [s\src\hotspot\share\interpreter\linkResolver.cpp, line 771]
Event: 38.433 Thread 0x000001c689a0a540 Exception <a 'java/lang/NoSuchMethodError'{0x000000071b6459f0}: 'int java.lang.invoke.DirectMethodHandle$Holder.invokeInterface(java.lang.Object, java.lang.Object, int)'> (0x000000071b6459f0) 
thrown [s\src\hotspot\share\interpreter\linkResolver.cpp, line 771]
Event: 38.478 Thread 0x000001c689a0b3b0 Exception <a 'sun/nio/fs/WindowsException'{0x000000071b445360}> (0x000000071b445360) 
thrown [s\src\hotspot\share\prims\jni.cpp, line 517]
Event: 38.844 Thread 0x000001c689a0b880 Exception <a 'sun/nio/fs/WindowsException'{0x0000000716e553b0}> (0x0000000716e553b0) 
thrown [s\src\hotspot\share\prims\jni.cpp, line 517]
Event: 39.822 Thread 0x000001c689a0b880 Exception <a 'sun/nio/fs/WindowsException'{0x0000000716a92bd8}> (0x0000000716a92bd8) 
thrown [s\src\hotspot\share\prims\jni.cpp, line 517]
Event: 39.949 Thread 0x000001c689a0da30 Exception <a 'sun/nio/fs/WindowsException'{0x0000000713eb1220}> (0x0000000713eb1220) 
thrown [s\src\hotspot\share\prims\jni.cpp, line 517]
Event: 41.937 Thread 0x000001c689a0da30 Implicit null exception at 0x000001c6f35b3527 to 0x000001c6f35b74f0

VM Operations (20 events):
Event: 38.182 Executing VM operation: HandshakeAllThreads done
Event: 38.314 Executing VM operation: ICBufferFull
Event: 38.330 Executing VM operation: ICBufferFull done
Event: 38.458 Executing VM operation: HandshakeAllThreads
Event: 38.458 Executing VM operation: HandshakeAllThreads done
Event: 38.670 Executing VM operation: ICBufferFull
Event: 38.684 Executing VM operation: ICBufferFull done
Event: 39.190 Executing VM operation: G1CollectForAllocation
Event: 39.212 Executing VM operation: G1CollectForAllocation done
Event: 39.691 Executing VM operation: ICBufferFull
Event: 39.707 Executing VM operation: ICBufferFull done
Event: 40.080 Executing VM operation: G1CollectForAllocation
Event: 40.112 Executing VM operation: G1CollectForAllocation done
Event: 40.648 Executing VM operation: HandshakeAllThreads
Event: 40.750 Executing VM operation: HandshakeAllThreads done
Event: 40.962 Executing VM operation: G1CollectForAllocation
Event: 41.011 Executing VM operation: G1CollectForAllocation done
Event: 41.892 Executing VM operation: HandshakeAllThreads
Event: 41.909 Executing VM operation: HandshakeAllThreads done
Event: 41.982 Executing VM operation: G1CollectForAllocation

Events (20 events):
Event: 41.941 Thread 0x000001c68693f510 flushing nmethod 0x000001c6ed1aac90
Event: 41.941 Thread 0x000001c68693f510 flushing nmethod 0x000001c6ed1aef90
Event: 41.941 Thread 0x000001c68693f510 flushing nmethod 0x000001c6ed1b0290
Event: 41.941 Thread 0x000001c68693f510 flushing nmethod 0x000001c6ed1b0c90
Event: 41.941 Thread 0x000001c68693f510 flushing nmethod 0x000001c6ed1b1390
Event: 41.941 Thread 0x000001c68693f510 flushing nmethod 0x000001c6ed1b1a10
Event: 41.941 Thread 0x000001c68693f510 flushing nmethod 0x000001c6ed1b3890
Event: 41.941 Thread 0x000001c68693f510 flushing nmethod 0x000001c6ed1b4810
Event: 41.941 Thread 0x000001c68693f510 flushing nmethod 0x000001c6ed1b6090
Event: 41.941 Thread 0x000001c68693f510 flushing nmethod 0x000001c6ed1beb10
Event: 41.941 Thread 0x000001c68693f510 flushing nmethod 0x000001c6ed1c2210
Event: 41.941 Thread 0x000001c68693f510 flushing nmethod 0x000001c6ed1c2590
Event: 41.941 Thread 0x000001c68693f510 flushing nmethod 0x000001c6ed1c4c10
Event: 41.941 Thread 0x000001c68693f510 flushing nmethod 0x000001c6ed1c9b10
Event: 41.942 Thread 0x000001c68693f510 flushing nmethod 0x000001c6ed27a210
Event: 41.942 Thread 0x000001c68693f510 flushing nmethod 0x000001c6ed27c690
Event: 41.942 Thread 0x000001c68693f510 flushing nmethod 0x000001c6ed27d090
Event: 41.942 Thread 0x000001c68693f510 flushing nmethod 0x000001c6ed27d910
Event: 41.942 Thread 0x000001c68693f510 flushing nmethod 0x000001c6ed29de90
Event: 41.942 Thread 0x000001c68693f510 flushing nmethod 0x000001c6ed3a6b10


Dynamic libraries:
0x00007ff7fae30000 - 0x00007ff7fae3a000 	C:\Program Files\Android\Android Studio\jbr\bin\java.exe
0x00007fff4a130000 - 0x00007fff4a347000 	C:\windows\SYSTEM32\ntdll.dll
0x00007fff48bb0000 - 0x00007fff48c74000 	C:\windows\System32\KERNEL32.DLL
0x00007fff47730000 - 0x00007fff47ad7000 	C:\windows\System32\KERNELBASE.dll
0x00007fff47ae0000 - 0x00007fff47bf1000 	C:\windows\System32\ucrtbase.dll
0x00007fff40c80000 - 0x00007fff40c97000 	C:\Program Files\Android\Android Studio\jbr\bin\jli.dll
0x00007fff487a0000 - 0x00007fff4894e000 	C:\windows\System32\USER32.dll
0x00007fff474f0000 - 0x00007fff47516000 	C:\windows\System32\win32u.dll
0x00007fff48a30000 - 0x00007fff48a59000 	C:\windows\System32\GDI32.dll
0x00007fff47520000 - 0x00007fff47639000 	C:\windows\System32\gdi32full.dll
0x00007fff47450000 - 0x00007fff474ea000 	C:\windows\System32\msvcp_win.dll
0x00007fff40500000 - 0x00007fff4051b000 	C:\Program Files\Android\Android Studio\jbr\bin\VCRUNTIME140.dll
0x00007fff28b30000 - 0x00007fff28dc3000 	C:\windows\WinSxS\amd64_microsoft.windows.common-controls_6595b64144ccf1df_6.0.22621.3527_none_270e469b73872a76\COMCTL32.dll
0x00007fff48b00000 - 0x00007fff48ba7000 	C:\windows\System32\msvcrt.dll
0x00007fff4a0b0000 - 0x00007fff4a0e1000 	C:\windows\System32\IMM32.DLL
0x00007fff403c0000 - 0x00007fff403cc000 	C:\Program Files\Android\Android Studio\jbr\bin\vcruntime140_1.dll
0x00007fff0c760000 - 0x00007fff0c7ed000 	C:\Program Files\Android\Android Studio\jbr\bin\msvcp140.dll
0x00007ffefe900000 - 0x00007ffeff56d000 	C:\Program Files\Android\Android Studio\jbr\bin\server\jvm.dll
0x00007fff48020000 - 0x00007fff480d2000 	C:\windows\System32\ADVAPI32.dll
0x00007fff48130000 - 0x00007fff481d8000 	C:\windows\System32\sechost.dll
0x00007fff47700000 - 0x00007fff47728000 	C:\windows\System32\bcrypt.dll
0x00007fff48f00000 - 0x00007fff49015000 	C:\windows\System32\RPCRT4.dll
0x00007fff3fb80000 - 0x00007fff3fb89000 	C:\windows\SYSTEM32\WSOCK32.dll
0x00007fff48a80000 - 0x00007fff48af1000 	C:\windows\System32\WS2_32.dll
0x00007fff42260000 - 0x00007fff42294000 	C:\windows\SYSTEM32\WINMM.dll
0x00007fff422a0000 - 0x00007fff422aa000 	C:\windows\SYSTEM32\VERSION.dll
0x00007fff46470000 - 0x00007fff46488000 	C:\windows\SYSTEM32\kernel.appcore.dll
0x00007fff3fb10000 - 0x00007fff3fb1a000 	C:\Program Files\Android\Android Studio\jbr\bin\jimage.dll
0x00007fff44ca0000 - 0x00007fff44ed2000 	C:\windows\SYSTEM32\DBGHELP.DLL
0x00007fff49020000 - 0x00007fff493a8000 	C:\windows\System32\combase.dll
0x00007fff48950000 - 0x00007fff48a27000 	C:\windows\System32\OLEAUT32.dll
0x00007fff3d380000 - 0x00007fff3d3b2000 	C:\windows\SYSTEM32\dbgcore.DLL
0x00007fff47de0000 - 0x00007fff47e59000 	C:\windows\System32\bcryptPrimitives.dll
0x00007fff3df90000 - 0x00007fff3dfb5000 	C:\Program Files\Android\Android Studio\jbr\bin\java.dll
0x00007fff3edb0000 - 0x00007fff3edc8000 	C:\Program Files\Android\Android Studio\jbr\bin\zip.dll
0x00007fff49510000 - 0x00007fff49d6c000 	C:\windows\System32\SHELL32.dll
0x00007fff45390000 - 0x00007fff45c86000 	C:\windows\SYSTEM32\windows.storage.dll
0x00007fff45250000 - 0x00007fff4538e000 	C:\windows\SYSTEM32\wintypes.dll
0x00007fff49fb0000 - 0x00007fff4a0a5000 	C:\windows\System32\SHCORE.dll
0x00007fff493d0000 - 0x00007fff4942e000 	C:\windows\System32\shlwapi.dll
0x00007fff47380000 - 0x00007fff473a1000 	C:\windows\SYSTEM32\profapi.dll
0x00007fff3d3f0000 - 0x00007fff3d409000 	C:\Program Files\Android\Android Studio\jbr\bin\net.dll
0x00007fff418d0000 - 0x00007fff41a06000 	C:\windows\SYSTEM32\WINHTTP.dll
0x00007fff468e0000 - 0x00007fff46949000 	C:\windows\system32\mswsock.dll
0x00007fff3d3d0000 - 0x00007fff3d3e6000 	C:\Program Files\Android\Android Studio\jbr\bin\nio.dll
0x00007fff3f070000 - 0x00007fff3f080000 	C:\Program Files\Android\Android Studio\jbr\bin\verify.dll
0x00007fff39430000 - 0x00007fff39457000 	C:\Users\HP 14\.gradle\native\c067742578af261105cb4f569cf0c3c89f3d7b1fecec35dd04571415982c5e48\windows-amd64\native-platform.dll
0x00007fff09ab0000 - 0x00007fff09bf4000 	C:\Users\HP 14\.gradle\native\38dada09dfb8b06ba9b0570ebf7e218e3eb74d4ef43ca46872605cf95ebc2f47\windows-amd64\native-platform-file-events.dll
0x00007fff3b990000 - 0x00007fff3b999000 	C:\Program Files\Android\Android Studio\jbr\bin\management.dll
0x00007fff3a5a0000 - 0x00007fff3a5ab000 	C:\Program Files\Android\Android Studio\jbr\bin\management_ext.dll
0x00007fff48a60000 - 0x00007fff48a68000 	C:\windows\System32\PSAPI.DLL
0x00007fff46b40000 - 0x00007fff46b5b000 	C:\windows\SYSTEM32\CRYPTSP.dll
0x00007fff463d0000 - 0x00007fff46405000 	C:\windows\system32\rsaenh.dll
0x00007fff469e0000 - 0x00007fff46a08000 	C:\windows\SYSTEM32\USERENV.dll
0x00007fff46b60000 - 0x00007fff46b6c000 	C:\windows\SYSTEM32\CRYPTBASE.dll
0x00007fff45ef0000 - 0x00007fff45f1d000 	C:\windows\SYSTEM32\IPHLPAPI.DLL
0x00007fff48d90000 - 0x00007fff48d99000 	C:\windows\System32\NSI.dll
0x00007fff422b0000 - 0x00007fff422c9000 	C:\windows\SYSTEM32\dhcpcsvc6.DLL
0x00007fff40fe0000 - 0x00007fff40fff000 	C:\windows\SYSTEM32\dhcpcsvc.DLL
0x00007fff45f60000 - 0x00007fff46058000 	C:\windows\SYSTEM32\DNSAPI.dll
0x00007fff394a0000 - 0x00007fff394a8000 	C:\windows\system32\wshunix.dll
0x00007fff374e0000 - 0x00007fff374fe000 	C:\Users\HP 14\AppData\Local\Temp\native-platform13499205447550213760dir\native-platform.dll

dbghelp: loaded successfully - version: 4.0.5 - missing functions: none
symbol engine: initialized successfully - sym options: 0x614 - pdb path: .;C:\Program Files\Android\Android Studio\jbr\bin;C:\windows\SYSTEM32;C:\windows\WinSxS\amd64_microsoft.windows.common-controls_6595b64144ccf1df_6.0.22621.3527_none_270e469b73872a76;C:\Program Files\Android\Android Studio\jbr\bin\server;C:\Users\HP 14\.gradle\native\c067742578af261105cb4f569cf0c3c89f3d7b1fecec35dd04571415982c5e48\windows-amd64;C:\Users\HP 14\.gradle\native\38dada09dfb8b06ba9b0570ebf7e218e3eb74d4ef43ca46872605cf95ebc2f47\windows-amd64;C:\Users\HP 14\AppData\Local\Temp\native-platform13499205447550213760dir

VM Arguments:
jvm_args: --add-opens=java.base/java.util=ALL-UNNAMED --add-opens=java.base/java.lang=ALL-UNNAMED --add-opens=java.base/java.lang.invoke=ALL-UNNAMED --add-opens=java.prefs/java.util.prefs=ALL-UNNAMED --add-opens=java.base/java.nio.charset=ALL-UNNAMED --add-opens=java.base/java.net=ALL-UNNAMED --add-opens=java.base/java.util.concurrent.atomic=ALL-UNNAMED -Xmx4G -Dfile.encoding=windows-1252 -Duser.country=ID -Duser.language=en -Duser.variant 
java_command: org.gradle.launcher.daemon.bootstrap.GradleDaemon 7.6.3
java_class_path (initial): C:\Users\HP 14\.gradle\wrapper\dists\gradle-7.6.3-all\aocdy2d2z8kodnny3rsumj8i8\gradle-7.6.3\lib\gradle-launcher-7.6.3.jar
Launcher Type: SUN_STANDARD

[Global flags]
     intx CICompilerCount                          = 3                                         {product} {ergonomic}
     uint ConcGCThreads                            = 1                                         {product} {ergonomic}
     uint G1ConcRefinementThreads                  = 4                                         {product} {ergonomic}
   size_t G1HeapRegionSize                         = 2097152                                   {product} {ergonomic}
    uintx GCDrainStackTargetSize                   = 64                                        {product} {ergonomic}
   size_t InitialHeapSize                          = 62914560                                  {product} {ergonomic}
   size_t MarkStackSize                            = 4194304                                   {product} {ergonomic}
   size_t MaxHeapSize                              = 4294967296                                {product} {command line}
   size_t MaxNewSize                               = 2575302656                                {product} {ergonomic}
   size_t MinHeapDeltaBytes                        = 2097152                                   {product} {ergonomic}
   size_t MinHeapSize                              = 8388608                                   {product} {ergonomic}
    uintx NonNMethodCodeHeapSize                   = 5832780                                {pd product} {ergonomic}
    uintx NonProfiledCodeHeapSize                  = 122912730                              {pd product} {ergonomic}
    uintx ProfiledCodeHeapSize                     = 122912730                              {pd product} {ergonomic}
    uintx ReservedCodeCacheSize                    = 251658240                              {pd product} {ergonomic}
     bool SegmentedCodeCache                       = true                                      {product} {ergonomic}
   size_t SoftMaxHeapSize                          = 4294967296                             {manageable} {ergonomic}
     bool UseCompressedClassPointers               = true                           {product lp64_product} {ergonomic}
     bool UseCompressedOops                        = true                           {product lp64_product} {ergonomic}
     bool UseG1GC                                  = true                                      {product} {ergonomic}
     bool UseLargePagesIndividualAllocation        = false                                  {pd product} {ergonomic}

Logging:
Log output configuration:
 #0: stdout all=warning uptime,level,tags
 #1: stderr all=off uptime,level,tags

Environment Variables:
JAVA_HOME=C:\Program Files\Android\Android Studio\jbr
CLASSPATH=D:\aplikasi_jasa\android\\gradle\wrapper\gradle-wrapper.jar
PATH=C:\Program Files\Android\Android Studio\jbr\bin;D:\SDK\flutter\bin\;C:\Program Files\Common Files\Oracle\Java\javapath;C:\Program Files (x86)\Common Files\Oracle\Java\javapath;C:\windows\system32;C:\windows;C:\windows\System32\Wbem;C:\windows\System32\WindowsPowerShell\v1.0\;C:\windows\System32\OpenSSH\;C:\xampp\php;C:\xampp2\mysql\bin;C:\xampp2\mysql\bin;D:\SDK\flutter\bin;D:\SDK\android\emulator;D:\SDK\android\cmdline-tools\latest\bin;D:\SDK\android\platform-tools;D:\SDK\android\build-tools;;C:\Program Files\HP\HP One Agent;C:\Program Files\nodejs\;C:\Users\HP 14\AppData\Local\Microsoft\WindowsApps;C:\Users\HP 14\AppData\Local\Programs\Microsoft VS Code\bin;C:\xamppy\mysql\bin;C:\xamppy\php;C:\Users\HP 14\AppData\Roaming\npm;D:\SDK\flutter\bin\mingit\cmd
USERNAME=HP 14
LANG=en_US.UTF-8
OS=Windows_NT
PROCESSOR_IDENTIFIER=Intel64 Family 6 Model 140 Stepping 2, GenuineIntel
TMP=C:\Users\HP14~1\AppData\Local\Temp
TEMP=C:\Users\HP14~1\AppData\Local\Temp



---------------  S Y S T E M  ---------------

OS:
 Windows 11 , 64 bit Build 22621 (10.0.22621.3527)
OS uptime: 1 days 2:18 hours

CPU: total 4 (initial active 4) (2 cores per cpu, 2 threads per core) family 6 model 140 stepping 2 microcode 0x34, cx8, cmov, fxsr, ht, mmx, 3dnowpref, sse, sse2, sse3, ssse3, sse4.1, sse4.2, popcnt, lzcnt, tsc, tscinvbit, avx, avx2, aes, erms, clmul, bmi1, bmi2, adx, avx512f, avx512dq, avx512cd, avx512bw, avx512vl, sha, fma, vzeroupper, avx512_vpopcntdq, avx512_vpclmulqdq, avx512_vaes, avx512_vnni, clflush, clflushopt, clwb, avx512_vbmi2, avx512_vbmi

Memory: 4k page, system-wide physical 3739M (187M free)
TotalPageFile size 15003M (AvailPageFile size 435M)
current process WorkingSet (physical memory assigned to process): 601M, peak: 607M
current process commit charge ("private bytes"): 1004M, peak: 1510M

vm_info: OpenJDK 64-Bit Server VM (17.0.6+0-b2043.56-9586694) for windows-amd64 JRE (17.0.6+0-b2043.56-9586694), built on Feb  9 2023 20:06:20 by "androidbuild" with MS VC++ 16.10 / 16.11 (VS2019)

END.
