#
# There is insufficient memory for the Java Runtime Environment to continue.
# Native memory allocation (mmap) failed to map 744488960 bytes for G1 virtual space
# Possible reasons:
#   The system is out of physical RAM or swap space
#   The process is running with CompressedOops enabled, and the Java Heap may be blocking the growth of the native heap
# Possible solutions:
#   Reduce memory load on the system
#   Increase physical memory or swap space
#   Check if swap backing store is full
#   Decrease Java heap size (-Xmx/-Xms)
#   Decrease number of Java threads
#   Decrease Java thread stack sizes (-Xss)
#   Set larger code cache with -XX:ReservedCodeCacheSize=
#   JVM is running with Zero Based Compressed Oops mode in which the Java heap is
#     placed in the first 32GB address space. The Java Heap base address is the
#     maximum limit for the native heap growth. Please use -XX:HeapBaseMinAddress
#     to set the Java Heap base and to place the Java Heap above 32GB virtual address.
# This output file may be truncated or incomplete.
#
#  Out of Memory Error (os_windows.cpp:3769), pid=3776, tid=16016
#
# JRE version: OpenJDK Runtime Environment (17.0.6) (build 17.0.6+0-b2043.56-9586694)
# Java VM: OpenJDK 64-Bit Server VM (17.0.6+0-b2043.56-9586694, mixed mode, tiered, compressed oops, compressed class ptrs, g1 gc, windows-amd64)
# No core dump will be written. Minidumps are not enabled by default on client versions of Windows
#

---------------  S U M M A R Y ------------

Command Line: --add-opens=java.base/java.util=ALL-UNNAMED --add-opens=java.base/java.lang=ALL-UNNAMED --add-opens=java.base/java.lang.invoke=ALL-UNNAMED --add-opens=java.prefs/java.util.prefs=ALL-UNNAMED --add-opens=java.base/java.nio.charset=ALL-UNNAMED --add-opens=java.base/java.net=ALL-UNNAMED --add-opens=java.base/java.util.concurrent.atomic=ALL-UNNAMED -Xmx4G -Dfile.encoding=windows-1252 -Duser.country=ID -Duser.language=en -Duser.variant org.gradle.launcher.daemon.bootstrap.GradleDaemon 7.6.3

Host: 11th Gen Intel(R) Core(TM) i3-1115G4 @ 3.00GHz, 4 cores, 3G,  Windows 11 , 64 bit Build 22621 (10.0.22621.3527)
Time: Thu Jun 13 14:08:07 2024 SE Asia Standard Time elapsed time: 40.669425 seconds (0d 0h 0m 40s)

---------------  T H R E A D  ---------------

Current thread (0x00000257fde828a0):  VMThread "VM Thread" [stack: 0x0000009017500000,0x0000009017600000] [id=16016]

Stack: [0x0000009017500000,0x0000009017600000]
Native frames: (J=compiled Java code, j=interpreted, Vv=VM code, C=native code)
V  [jvm.dll+0x683b4a]
V  [jvm.dll+0x842654]
V  [jvm.dll+0x843dfe]
V  [jvm.dll+0x844463]
V  [jvm.dll+0x249b75]
V  [jvm.dll+0x680a19]
V  [jvm.dll+0x674f0a]
V  [jvm.dll+0x309acb]
V  [jvm.dll+0x310f86]
V  [jvm.dll+0x3608ee]
V  [jvm.dll+0x360b1f]
V  [jvm.dll+0x2dfbf8]
V  [jvm.dll+0x2ddec4]
V  [jvm.dll+0x2dd4cc]
V  [jvm.dll+0x321f3b]
V  [jvm.dll+0x84893b]
V  [jvm.dll+0x849674]
V  [jvm.dll+0x849b8d]
V  [jvm.dll+0x849f64]
V  [jvm.dll+0x84a030]
V  [jvm.dll+0x7f25fa]
V  [jvm.dll+0x682985]
C  [ucrtbase.dll+0x29333]
C  [KERNEL32.DLL+0x1257d]
C  [ntdll.dll+0x5aa48]

VM_Operation (0x000000901b7f9380): G1CollectForAllocation, mode: safepoint, requested by thread 0x00000257917a7ed0


---------------  P R O C E S S  ---------------

Threads class SMR info:
_java_thread_list=0x0000025793c60d40, length=96, elements={
0x00000257eece01f0, 0x00000257fde86270, 0x00000257fde86d30, 0x00000257fe829770,
0x00000257fe82a230, 0x00000257fe82abf0, 0x00000257fe82b4b0, 0x00000257fe830010,
0x00000257fe83ce30, 0x00000257fe845f00, 0x00000257fe9afb40, 0x00000257fe9b50c0,
0x00000257902f9b00, 0x000002578ff34510, 0x000002578fccae00, 0x000002578fe62040,
0x000002578f4293a0, 0x000002578fb5c530, 0x000002579039e020, 0x00000257902e2150,
0x00000257902e47d0, 0x00000257902e1c80, 0x00000257902e4ca0, 0x00000257902e17b0,
0x00000257902e12e0, 0x00000257902e3960, 0x00000257902e2af0, 0x00000257902e4300,
0x00000257902e2620, 0x00000257902e2fc0, 0x00000257902e3490, 0x00000257902e3e30,
0x00000257914d48e0, 0x00000257914d35a0, 0x00000257914d5750, 0x00000257914d7900,
0x00000257914d60f0, 0x00000257914d3a70, 0x00000257914d8c40, 0x00000257914d3f40,
0x00000257914d9ab0, 0x00000257914d6f60, 0x00000257914d7430, 0x00000257914d7dd0,
0x00000257914d82a0, 0x00000257914d8770, 0x00000257914d9110, 0x00000257914d2260,
0x00000257917ac700, 0x00000257917aaa20, 0x00000257917a83a0, 0x00000257917ae3e0,
0x00000257917a8870, 0x00000257917a7060, 0x00000257917a8d40, 0x00000257917a96e0,
0x00000257917a7530, 0x00000257917acbd0, 0x00000257917ad0a0, 0x00000257917a7a00,
0x00000257917ab890, 0x00000257917ad570, 0x00000257917a7ed0, 0x00000257917a9210,
0x00000257917ada40, 0x00000257917aa080, 0x00000257917aa550, 0x00000257917abd60,
0x00000257917aaef0, 0x00000257917ab3c0, 0x00000257917adf10, 0x0000025793c30860,
0x0000025793c32a10, 0x0000025793c2c500, 0x0000025793c2bb60, 0x0000025793c316d0,
0x0000025793c32070, 0x0000025793c30d30, 0x0000025793c2fec0, 0x0000025793c31200,
0x0000025793c31ba0, 0x0000025793c32540, 0x0000025793c32ee0, 0x0000025793c2b690,
0x0000025793c2d840, 0x0000025793c2c030, 0x0000025793c2dd10, 0x0000025793c2f520,
0x00000257914d4db0, 0x0000025795cd9f50, 0x0000025795cdb290, 0x0000025795cdb760,
0x0000025795cd6590, 0x0000025795cdcf70, 0x0000025795cdd910, 0x0000025795cd7da0
}

Java Threads: ( => current thread )
  0x00000257eece01f0 JavaThread "main" [_thread_blocked, id=17804, stack(0x0000009016f00000,0x0000009017000000)]
  0x00000257fde86270 JavaThread "Reference Handler" daemon [_thread_blocked, id=12316, stack(0x0000009017600000,0x0000009017700000)]
  0x00000257fde86d30 JavaThread "Finalizer" daemon [_thread_blocked, id=18200, stack(0x0000009017700000,0x0000009017800000)]
  0x00000257fe829770 JavaThread "Signal Dispatcher" daemon [_thread_blocked, id=7668, stack(0x0000009017800000,0x0000009017900000)]
  0x00000257fe82a230 JavaThread "Attach Listener" daemon [_thread_blocked, id=7032, stack(0x0000009017900000,0x0000009017a00000)]
  0x00000257fe82abf0 JavaThread "Service Thread" daemon [_thread_blocked, id=17320, stack(0x0000009017a00000,0x0000009017b00000)]
  0x00000257fe82b4b0 JavaThread "Monitor Deflation Thread" daemon [_thread_blocked, id=11572, stack(0x0000009017b00000,0x0000009017c00000)]
  0x00000257fe830010 JavaThread "C2 CompilerThread0" daemon [_thread_in_native, id=14068, stack(0x0000009017c00000,0x0000009017d00000)]
  0x00000257fe83ce30 JavaThread "C1 CompilerThread0" daemon [_thread_blocked, id=6460, stack(0x0000009017d00000,0x0000009017e00000)]
  0x00000257fe845f00 JavaThread "Sweeper thread" daemon [_thread_blocked, id=18000, stack(0x0000009017e00000,0x0000009017f00000)]
  0x00000257fe9afb40 JavaThread "Common-Cleaner" daemon [_thread_blocked, id=13360, stack(0x0000009017f00000,0x0000009018000000)]
  0x00000257fe9b50c0 JavaThread "Notification Thread" daemon [_thread_blocked, id=9268, stack(0x0000009018000000,0x0000009018100000)]
  0x00000257902f9b00 JavaThread "Daemon health stats" [_thread_blocked, id=17352, stack(0x0000009018600000,0x0000009018700000)]
  0x000002578ff34510 JavaThread "Incoming local TCP Connector on port 54575" [_thread_in_native, id=18184, stack(0x0000009018700000,0x0000009018800000)]
  0x000002578fccae00 JavaThread "Daemon periodic checks" [_thread_blocked, id=7856, stack(0x0000009018800000,0x0000009018900000)]
  0x000002578fe62040 JavaThread "Daemon" [_thread_blocked, id=16792, stack(0x0000009018900000,0x0000009018a00000)]
  0x000002578f4293a0 JavaThread "Handler for socket connection from /127.0.0.1:54575 to /127.0.0.1:54576" [_thread_in_native, id=8968, stack(0x0000009018a00000,0x0000009018b00000)]
  0x000002578fb5c530 JavaThread "Cancel handler" [_thread_blocked, id=8620, stack(0x0000009018b00000,0x0000009018c00000)]
  0x000002579039e020 JavaThread "Daemon worker" [_thread_blocked, id=18352, stack(0x0000009018c00000,0x0000009018d00000)]
  0x00000257902e2150 JavaThread "Asynchronous log dispatcher for DefaultDaemonConnection: socket connection from /127.0.0.1:54575 to /127.0.0.1:54576" [_thread_blocked, id=9036, stack(0x0000009018d00000,0x0000009018e00000)]
  0x00000257902e47d0 JavaThread "Stdin handler" [_thread_blocked, id=9408, stack(0x0000009018e00000,0x0000009018f00000)]
  0x00000257902e1c80 JavaThread "Daemon client event forwarder" [_thread_blocked, id=2296, stack(0x0000009018f00000,0x0000009019000000)]
  0x00000257902e4ca0 JavaThread "Cache worker for journal cache (C:\Users\HP 14\.gradle\caches\journal-1)" [_thread_blocked, id=14328, stack(0x0000009019000000,0x0000009019100000)]
  0x00000257902e17b0 JavaThread "File lock request listener" [_thread_in_native, id=1780, stack(0x0000009019100000,0x0000009019200000)]
  0x00000257902e12e0 JavaThread "Cache worker for file hash cache (C:\Users\HP 14\.gradle\caches\7.6.3\fileHashes)" [_thread_blocked, id=10608, stack(0x0000009019200000,0x0000009019300000)]
  0x00000257902e3960 JavaThread "File watcher server" daemon [_thread_blocked, id=7684, stack(0x0000009019300000,0x0000009019400000)]
  0x00000257902e2af0 JavaThread "File watcher consumer" daemon [_thread_blocked, id=5412, stack(0x0000009019400000,0x0000009019500000)]
  0x00000257902e4300 JavaThread "Cache worker for checksums cache (D:\aplikasi_jasa\android\.gradle\7.6.3\checksums)" [_thread_blocked, id=17060, stack(0x0000009019500000,0x0000009019600000)]
  0x00000257902e2620 JavaThread "Cache worker for cache directory md-rule (C:\Users\HP 14\.gradle\caches\7.6.3\md-rule)" [_thread_blocked, id=17416, stack(0x0000009019600000,0x0000009019700000)]
  0x00000257902e2fc0 JavaThread "Cache worker for file content cache (C:\Users\HP 14\.gradle\caches\7.6.3\fileContent)" [_thread_blocked, id=1632, stack(0x0000009019700000,0x0000009019800000)]
  0x00000257902e3490 JavaThread "Cache worker for file hash cache (D:\aplikasi_jasa\android\.gradle\7.6.3\fileHashes)" [_thread_blocked, id=13752, stack(0x0000009019800000,0x0000009019900000)]
  0x00000257902e3e30 JavaThread "Cache worker for cache directory md-supplier (C:\Users\HP 14\.gradle\caches\7.6.3\md-supplier)" [_thread_blocked, id=3272, stack(0x0000009019900000,0x0000009019a00000)]
  0x00000257914d48e0 JavaThread "Cache worker for execution history cache (C:\Users\HP 14\.gradle\caches\7.6.3\executionHistory)" [_thread_blocked, id=12952, stack(0x0000009019a00000,0x0000009019b00000)]
  0x00000257914d35a0 JavaThread "jar transforms" [_thread_blocked, id=11364, stack(0x0000009019b00000,0x0000009019c00000)]
  0x00000257914d5750 JavaThread "Cache worker for kotlin-dsl (C:\Users\HP 14\.gradle\caches\7.6.3\kotlin-dsl)" [_thread_blocked, id=11672, stack(0x0000009019c00000,0x0000009019d00000)]
  0x00000257914d7900 JavaThread "jar transforms Thread 2" [_thread_blocked, id=7272, stack(0x0000009019d00000,0x0000009019e00000)]
  0x00000257914d60f0 JavaThread "Cache worker for dependencies-accessors (D:\aplikasi_jasa\android\.gradle\7.6.3\dependencies-accessors)" [_thread_blocked, id=13204, stack(0x0000009018200000,0x0000009018300000)]
  0x00000257914d3a70 JavaThread "Cache worker for Build Output Cleanup Cache (D:\SDK\flutter\packages\flutter_tools\gradle\.gradle\buildOutputCleanup)" [_thread_blocked, id=11428, stack(0x0000009019e00000,0x0000009019f00000)]
  0x00000257914d8c40 JavaThread "jar transforms Thread 3" [_thread_blocked, id=6568, stack(0x0000009019f00000,0x000000901a000000)]
  0x00000257914d3f40 JavaThread "Memory manager" [_thread_blocked, id=2136, stack(0x000000901a000000,0x000000901a100000)]
  0x00000257914d9ab0 JavaThread "jar transforms Thread 4" [_thread_blocked, id=16000, stack(0x000000901a100000,0x000000901a200000)]
  0x00000257914d6f60 JavaThread "included builds" [_thread_blocked, id=12892, stack(0x000000901a200000,0x000000901a300000)]
  0x00000257914d7430 JavaThread "Execution worker" [_thread_blocked, id=17576, stack(0x000000901a300000,0x000000901a400000)]
  0x00000257914d7dd0 JavaThread "Execution worker Thread 2" [_thread_blocked, id=11412, stack(0x000000901a400000,0x000000901a500000)]
  0x00000257914d82a0 JavaThread "Execution worker Thread 3" [_thread_blocked, id=1988, stack(0x000000901a500000,0x000000901a600000)]
  0x00000257914d8770 JavaThread "Cache worker for execution history cache (D:\SDK\flutter\packages\flutter_tools\gradle\.gradle\7.6.3\executionHistory)" [_thread_blocked, id=18136, stack(0x000000901a600000,0x000000901a700000)]
  0x00000257914d9110 JavaThread "Unconstrained build operations" [_thread_blocked, id=14160, stack(0x000000901a700000,0x000000901a800000)]
  0x00000257914d2260 JavaThread "Unconstrained build operations Thread 2" [_thread_blocked, id=2156, stack(0x000000901a800000,0x000000901a900000)]
  0x00000257917ac700 JavaThread "Unconstrained build operations Thread 3" [_thread_blocked, id=15060, stack(0x000000901a900000,0x000000901aa00000)]
  0x00000257917aaa20 JavaThread "Unconstrained build operations Thread 4" [_thread_blocked, id=18500, stack(0x000000901aa00000,0x000000901ab00000)]
  0x00000257917a83a0 JavaThread "Unconstrained build operations Thread 5" [_thread_blocked, id=19164, stack(0x000000901ab00000,0x000000901ac00000)]
  0x00000257917ae3e0 JavaThread "Unconstrained build operations Thread 6" [_thread_blocked, id=4968, stack(0x000000901ac00000,0x000000901ad00000)]
  0x00000257917a8870 JavaThread "Unconstrained build operations Thread 7" [_thread_blocked, id=13064, stack(0x000000901ad00000,0x000000901ae00000)]
  0x00000257917a7060 JavaThread "Unconstrained build operations Thread 8" [_thread_blocked, id=5692, stack(0x000000901ae00000,0x000000901af00000)]
  0x00000257917a8d40 JavaThread "Unconstrained build operations Thread 9" [_thread_blocked, id=112, stack(0x000000901af00000,0x000000901b000000)]
  0x00000257917a96e0 JavaThread "Unconstrained build operations Thread 10" [_thread_blocked, id=7256, stack(0x000000901b000000,0x000000901b100000)]
  0x00000257917a7530 JavaThread "Unconstrained build operations Thread 11" [_thread_blocked, id=17536, stack(0x000000901b100000,0x000000901b200000)]
  0x00000257917acbd0 JavaThread "Unconstrained build operations Thread 12" [_thread_blocked, id=16420, stack(0x000000901b200000,0x000000901b300000)]
  0x00000257917ad0a0 JavaThread "Unconstrained build operations Thread 13" [_thread_blocked, id=17936, stack(0x000000901b300000,0x000000901b400000)]
  0x00000257917a7a00 JavaThread "Unconstrained build operations Thread 14" [_thread_blocked, id=7812, stack(0x000000901b400000,0x000000901b500000)]
  0x00000257917ab890 JavaThread "Unconstrained build operations Thread 15" [_thread_blocked, id=14620, stack(0x000000901b500000,0x000000901b600000)]
  0x00000257917ad570 JavaThread "Unconstrained build operations Thread 16" [_thread_blocked, id=1492, stack(0x000000901b600000,0x000000901b700000)]
  0x00000257917a7ed0 JavaThread "Unconstrained build operations Thread 17" [_thread_blocked, id=3244, stack(0x000000901b700000,0x000000901b800000)]
  0x00000257917a9210 JavaThread "Unconstrained build operations Thread 18" [_thread_blocked, id=19328, stack(0x000000901b800000,0x000000901b900000)]
  0x00000257917ada40 JavaThread "Unconstrained build operations Thread 19" [_thread_blocked, id=2440, stack(0x000000901b900000,0x000000901ba00000)]
  0x00000257917aa080 JavaThread "Unconstrained build operations Thread 20" [_thread_blocked, id=4616, stack(0x000000901ba00000,0x000000901bb00000)]
  0x00000257917aa550 JavaThread "Unconstrained build operations Thread 21" [_thread_blocked, id=2844, stack(0x000000901bb00000,0x000000901bc00000)]
  0x00000257917abd60 JavaThread "Unconstrained build operations Thread 22" [_thread_blocked, id=10832, stack(0x000000901bc00000,0x000000901bd00000)]
  0x00000257917aaef0 JavaThread "Unconstrained build operations Thread 23" [_thread_blocked, id=1700, stack(0x000000901bd00000,0x000000901be00000)]
  0x00000257917ab3c0 JavaThread "Unconstrained build operations Thread 24" [_thread_blocked, id=8012, stack(0x000000901be00000,0x000000901bf00000)]
  0x00000257917adf10 JavaThread "Unconstrained build operations Thread 25" [_thread_blocked, id=12456, stack(0x000000901bf00000,0x000000901c000000)]
  0x0000025793c30860 JavaThread "Unconstrained build operations Thread 26" [_thread_blocked, id=948, stack(0x000000901c000000,0x000000901c100000)]
  0x0000025793c32a10 JavaThread "Unconstrained build operations Thread 27" [_thread_blocked, id=8436, stack(0x000000901c100000,0x000000901c200000)]
  0x0000025793c2c500 JavaThread "Unconstrained build operations Thread 28" [_thread_blocked, id=10848, stack(0x000000901c200000,0x000000901c300000)]
  0x0000025793c2bb60 JavaThread "Unconstrained build operations Thread 29" [_thread_blocked, id=14640, stack(0x000000901c300000,0x000000901c400000)]
  0x0000025793c316d0 JavaThread "Unconstrained build operations Thread 30" [_thread_blocked, id=6128, stack(0x000000901c400000,0x000000901c500000)]
  0x0000025793c32070 JavaThread "Unconstrained build operations Thread 31" [_thread_blocked, id=13032, stack(0x000000901c500000,0x000000901c600000)]
  0x0000025793c30d30 JavaThread "Unconstrained build operations Thread 32" [_thread_blocked, id=12636, stack(0x000000901c600000,0x000000901c700000)]
  0x0000025793c2fec0 JavaThread "Unconstrained build operations Thread 33" [_thread_blocked, id=17908, stack(0x000000901c700000,0x000000901c800000)]
  0x0000025793c31200 JavaThread "Unconstrained build operations Thread 34" [_thread_blocked, id=11900, stack(0x000000901c800000,0x000000901c900000)]
  0x0000025793c31ba0 JavaThread "Unconstrained build operations Thread 35" [_thread_blocked, id=16940, stack(0x000000901c900000,0x000000901ca00000)]
  0x0000025793c32540 JavaThread "Unconstrained build operations Thread 36" [_thread_blocked, id=9316, stack(0x000000901ca00000,0x000000901cb00000)]
  0x0000025793c32ee0 JavaThread "Unconstrained build operations Thread 37" [_thread_blocked, id=8216, stack(0x000000901cb00000,0x000000901cc00000)]
  0x0000025793c2b690 JavaThread "Unconstrained build operations Thread 38" [_thread_blocked, id=4900, stack(0x000000901cc00000,0x000000901cd00000)]
  0x0000025793c2d840 JavaThread "Unconstrained build operations Thread 39" [_thread_blocked, id=16392, stack(0x000000901cd00000,0x000000901ce00000)]
  0x0000025793c2c030 JavaThread "Unconstrained build operations Thread 40" [_thread_blocked, id=3728, stack(0x000000901ce00000,0x000000901cf00000)]
  0x0000025793c2dd10 JavaThread "Cache worker for Build Output Cleanup Cache (D:\aplikasi_jasa\android\.gradle\buildOutputCleanup)" [_thread_blocked, id=5160, stack(0x000000901cf00000,0x000000901d000000)]
  0x0000025793c2f520 JavaThread "Cache worker for execution history cache (D:\aplikasi_jasa\android\.gradle\7.6.3\executionHistory)" [_thread_blocked, id=4220, stack(0x000000901d000000,0x000000901d100000)]
  0x00000257914d4db0 JavaThread "Exec process" [_thread_blocked, id=11868, stack(0x000000901d100000,0x000000901d200000)]
  0x0000025795cd9f50 JavaThread "Exec process Thread 2" [_thread_blocked, id=7564, stack(0x000000901d200000,0x000000901d300000)]
  0x0000025795cdb290 JavaThread "Exec process Thread 3" [_thread_blocked, id=1500, stack(0x000000901d300000,0x000000901d400000)]
  0x0000025795cdb760 JavaThread "WorkerExecutor Queue" [_thread_blocked, id=14368, stack(0x000000901d700000,0x000000901d800000)]
  0x0000025795cd6590 JavaThread "WorkerExecutor Queue Thread 2" [_thread_blocked, id=3380, stack(0x000000901d800000,0x000000901d900000)]
  0x0000025795cdcf70 JavaThread "WorkerExecutor Queue Thread 3" [_thread_blocked, id=4524, stack(0x000000901d600000,0x000000901d700000)]
  0x0000025795cdd910 JavaThread "WorkerExecutor Queue Thread 4" [_thread_blocked, id=19084, stack(0x000000901d900000,0x000000901da00000)]
  0x0000025795cd7da0 JavaThread "Thread-80" [_thread_blocked, id=18412, stack(0x000000901da00000,0x000000901db00000)]

Other Threads:
=>0x00000257fde828a0 VMThread "VM Thread" [stack: 0x0000009017500000,0x0000009017600000] [id=16016]
  0x00000257eed6e2e0 WatcherThread [stack: 0x0000009018100000,0x0000009018200000] [id=1440]
  0x00000257eed4ce90 GCTaskThread "GC Thread#0" [stack: 0x0000009017000000,0x0000009017100000] [id=11668]
  0x00000257fef04a80 GCTaskThread "GC Thread#1" [stack: 0x0000009018300000,0x0000009018400000] [id=3148]
  0x00000257feed6680 GCTaskThread "GC Thread#2" [stack: 0x0000009018400000,0x0000009018500000] [id=988]
  0x00000257fed1dcf0 GCTaskThread "GC Thread#3" [stack: 0x0000009018500000,0x0000009018600000] [id=3692]
  0x00000257eed5ecf0 ConcurrentGCThread "G1 Main Marker" [stack: 0x0000009017100000,0x0000009017200000] [id=1392]
  0x00000257eed5f610 ConcurrentGCThread "G1 Conc#0" [stack: 0x0000009017200000,0x0000009017300000] [id=3432]
  0x00000257fdcf0090 ConcurrentGCThread "G1 Refine#0" [stack: 0x0000009017300000,0x0000009017400000] [id=5528]
  0x00000257fdcf09c0 ConcurrentGCThread "G1 Service" [stack: 0x0000009017400000,0x0000009017500000] [id=14436]

Threads with active compile tasks:
C2 CompilerThread0    40701 16464 %     4       com.android.tools.r8.internal.Pa::a @ 1582 (6176 bytes)
C1 CompilerThread0    40701 16977       2       com.android.tools.r8.internal.Ig::a (54 bytes)

VM state: at safepoint (normal execution)

VM Mutex/Monitor currently owned by a thread:  ([mutex/lock_event])
[0x00000257eecdc510] Threads_lock - owner thread: 0x00000257fde828a0
[0x00000257eecdbca0] Heap_lock - owner thread: 0x00000257917a7ed0

Heap address: 0x0000000700000000, size: 4096 MB, Compressed Oops mode: Zero based, Oop shift amount: 3

CDS archive(s) not mapped
Compressed class space mapped at: 0x0000000800000000-0x0000000840000000, reserved size: 1073741824
Narrow klass base: 0x0000000800000000, Narrow klass shift: 0, Narrow klass range: 0x40000000

GC Precious Log:
 CPUs: 4 total, 4 available
 Memory: 3739M
 Large Page Support: Disabled
 NUMA Support: Disabled
 Compressed Oops: Enabled (Zero based)
 Heap Region Size: 2M
 Heap Min Capacity: 8M
 Heap Initial Capacity: 60M
 Heap Max Capacity: 4G
 Pre-touch: Disabled
 Parallel Workers: 4
 Concurrent Workers: 1
 Concurrent Refinement Workers: 4
 Periodic GC: Disabled

Heap:
 garbage-first heap   total 372736K, used 147568K [0x0000000700000000, 0x0000000800000000)
  region size 2048K, 9 young (18432K), 9 survivors (18432K)
 Metaspace       used 119822K, committed 120704K, reserved 1155072K
  class space    used 16481K, committed 16896K, reserved 1048576K

Heap Regions: E=young(eden), S=young(survivor), O=old, HS=humongous(starts), HC=humongous(continues), CS=collection set, F=free, OA=open archive, CA=closed archive, TAMS=top-at-mark-start (previous, next)
|   0|0x0000000700000000, 0x0000000700200000, 0x0000000700200000|100%| O|  |TAMS 0x0000000700200000, 0x0000000700000000| Untracked 
|   1|0x0000000700200000, 0x0000000700400000, 0x0000000700400000|100%|HS|  |TAMS 0x0000000700400000, 0x0000000700200000| Complete 
|   2|0x0000000700400000, 0x0000000700600000, 0x0000000700600000|100%|HC|  |TAMS 0x0000000700600000, 0x0000000700400000| Complete 
|   3|0x0000000700600000, 0x0000000700800000, 0x0000000700800000|100%| O|  |TAMS 0x0000000700800000, 0x0000000700600000| Untracked 
|   4|0x0000000700800000, 0x0000000700a00000, 0x0000000700a00000|100%| O|  |TAMS 0x0000000700a00000, 0x0000000700800000| Untracked 
|   5|0x0000000700a00000, 0x0000000700c00000, 0x0000000700c00000|100%| O|  |TAMS 0x0000000700c00000, 0x0000000700a00000| Untracked 
|   6|0x0000000700c00000, 0x0000000700e00000, 0x0000000700e00000|100%| O|  |TAMS 0x0000000700e00000, 0x0000000700c00000| Untracked 
|   7|0x0000000700e00000, 0x0000000701000000, 0x0000000701000000|100%| O|  |TAMS 0x0000000701000000, 0x0000000700e00000| Untracked 
|   8|0x0000000701000000, 0x0000000701200000, 0x0000000701200000|100%| O|  |TAMS 0x0000000701200000, 0x0000000701000000| Untracked 
|   9|0x0000000701200000, 0x0000000701400000, 0x0000000701400000|100%| O|  |TAMS 0x0000000701400000, 0x0000000701200000| Untracked 
|  10|0x0000000701400000, 0x0000000701600000, 0x0000000701600000|100%| O|  |TAMS 0x0000000701600000, 0x0000000701400000| Untracked 
|  11|0x0000000701600000, 0x0000000701800000, 0x0000000701800000|100%| O|  |TAMS 0x0000000701800000, 0x0000000701600000| Untracked 
|  12|0x0000000701800000, 0x0000000701a00000, 0x0000000701a00000|100%| O|  |TAMS 0x0000000701a00000, 0x0000000701800000| Untracked 
|  13|0x0000000701a00000, 0x0000000701c00000, 0x0000000701c00000|100%| O|  |TAMS 0x0000000701c00000, 0x0000000701a00000| Untracked 
|  14|0x0000000701c00000, 0x0000000701e00000, 0x0000000701e00000|100%| O|  |TAMS 0x0000000701e00000, 0x0000000701c00000| Untracked 
|  15|0x0000000701e00000, 0x0000000702000000, 0x0000000702000000|100%| O|  |TAMS 0x0000000702000000, 0x0000000701e00000| Untracked 
|  16|0x0000000702000000, 0x0000000702200000, 0x0000000702200000|100%| O|  |TAMS 0x0000000702200000, 0x0000000702000000| Untracked 
|  17|0x0000000702200000, 0x0000000702400000, 0x0000000702400000|100%| O|  |TAMS 0x0000000702400000, 0x0000000702200000| Untracked 
|  18|0x0000000702400000, 0x0000000702600000, 0x0000000702600000|100%| O|  |TAMS 0x0000000702600000, 0x0000000702400000| Untracked 
|  19|0x0000000702600000, 0x0000000702800000, 0x0000000702800000|100%| O|  |TAMS 0x0000000702800000, 0x0000000702600000| Untracked 
|  20|0x0000000702800000, 0x0000000702a00000, 0x0000000702a00000|100%| O|  |TAMS 0x0000000702a00000, 0x0000000702800000| Untracked 
|  21|0x0000000702a00000, 0x0000000702c00000, 0x0000000702c00000|100%|HS|  |TAMS 0x0000000702c00000, 0x0000000702a00000| Complete 
|  22|0x0000000702c00000, 0x0000000702e00000, 0x0000000702e00000|100%|HC|  |TAMS 0x0000000702e00000, 0x0000000702c00000| Complete 
|  23|0x0000000702e00000, 0x0000000703000000, 0x0000000703000000|100%|HS|  |TAMS 0x0000000702e00000, 0x0000000702e00000| Complete 
|  24|0x0000000703000000, 0x0000000703200000, 0x0000000703200000|100%| O|  |TAMS 0x0000000703200000, 0x0000000703000000| Untracked 
|  25|0x0000000703200000, 0x0000000703400000, 0x0000000703400000|100%| O|  |TAMS 0x0000000703400000, 0x0000000703200000| Untracked 
|  26|0x0000000703400000, 0x0000000703600000, 0x0000000703600000|100%|HS|  |TAMS 0x0000000703600000, 0x0000000703400000| Complete 
|  27|0x0000000703600000, 0x0000000703800000, 0x0000000703800000|100%| O|  |TAMS 0x0000000703800000, 0x0000000703600000| Untracked 
|  28|0x0000000703800000, 0x0000000703a00000, 0x0000000703a00000|100%| O|  |TAMS 0x0000000703a00000, 0x0000000703800000| Untracked 
|  29|0x0000000703a00000, 0x0000000703c00000, 0x0000000703c00000|100%| O|  |TAMS 0x0000000703c00000, 0x0000000703a00000| Untracked 
|  30|0x0000000703c00000, 0x0000000703e00000, 0x0000000703e00000|100%| O|  |TAMS 0x0000000703e00000, 0x0000000703c00000| Untracked 
|  31|0x0000000703e00000, 0x0000000704000000, 0x0000000704000000|100%| O|  |TAMS 0x0000000704000000, 0x0000000703e00000| Untracked 
|  32|0x0000000704000000, 0x0000000704200000, 0x0000000704200000|100%| O|  |TAMS 0x0000000704200000, 0x0000000704000000| Untracked 
|  33|0x0000000704200000, 0x0000000704400000, 0x0000000704400000|100%| O|  |TAMS 0x0000000704400000, 0x0000000704200000| Untracked 
|  34|0x0000000704400000, 0x0000000704600000, 0x0000000704600000|100%| O|  |TAMS 0x0000000704600000, 0x0000000704400000| Untracked 
|  35|0x0000000704600000, 0x0000000704800000, 0x0000000704800000|100%| O|  |TAMS 0x0000000704800000, 0x0000000704600000| Untracked 
|  36|0x0000000704800000, 0x0000000704a00000, 0x0000000704a00000|100%| O|  |TAMS 0x0000000704a00000, 0x0000000704800000| Untracked 
|  37|0x0000000704a00000, 0x0000000704c00000, 0x0000000704c00000|100%| O|  |TAMS 0x0000000704c00000, 0x0000000704a00000| Untracked 
|  38|0x0000000704c00000, 0x0000000704e00000, 0x0000000704e00000|100%| O|  |TAMS 0x0000000704e00000, 0x0000000704c00000| Untracked 
|  39|0x0000000704e00000, 0x0000000705000000, 0x0000000705000000|100%| O|  |TAMS 0x0000000705000000, 0x0000000704e00000| Untracked 
|  40|0x0000000705000000, 0x0000000705200000, 0x0000000705200000|100%| O|  |TAMS 0x0000000705200000, 0x0000000705000000| Untracked 
|  41|0x0000000705200000, 0x0000000705400000, 0x0000000705400000|100%| O|  |TAMS 0x0000000705400000, 0x0000000705200000| Untracked 
|  42|0x0000000705400000, 0x0000000705600000, 0x0000000705600000|100%| O|  |TAMS 0x0000000705600000, 0x0000000705400000| Untracked 
|  43|0x0000000705600000, 0x0000000705800000, 0x0000000705800000|100%| O|  |TAMS 0x0000000705800000, 0x0000000705600000| Untracked 
|  44|0x0000000705800000, 0x0000000705a00000, 0x0000000705a00000|100%| O|  |TAMS 0x0000000705a00000, 0x0000000705800000| Untracked 
|  45|0x0000000705a00000, 0x0000000705c00000, 0x0000000705c00000|100%| O|  |TAMS 0x0000000705c00000, 0x0000000705a00000| Untracked 
|  46|0x0000000705c00000, 0x0000000705e00000, 0x0000000705e00000|100%| O|  |TAMS 0x0000000705e00000, 0x0000000705c00000| Untracked 
|  47|0x0000000705e00000, 0x0000000706000000, 0x0000000706000000|100%| O|  |TAMS 0x0000000706000000, 0x0000000705e00000| Untracked 
|  48|0x0000000706000000, 0x0000000706200000, 0x0000000706200000|100%| O|  |TAMS 0x0000000706200000, 0x0000000706000000| Untracked 
|  49|0x0000000706200000, 0x0000000706400000, 0x0000000706400000|100%| O|  |TAMS 0x0000000706400000, 0x0000000706200000| Untracked 
|  50|0x0000000706400000, 0x0000000706600000, 0x0000000706600000|100%| O|  |TAMS 0x0000000706600000, 0x0000000706400000| Untracked 
|  51|0x0000000706600000, 0x0000000706800000, 0x0000000706800000|100%| O|  |TAMS 0x0000000706800000, 0x0000000706600000| Untracked 
|  52|0x0000000706800000, 0x0000000706a00000, 0x0000000706a00000|100%| O|  |TAMS 0x0000000706a00000, 0x0000000706800000| Untracked 
|  53|0x0000000706a00000, 0x0000000706a00000, 0x0000000706c00000|  0%| F|  |TAMS 0x0000000706a00000, 0x0000000706a00000| Untracked 
|  54|0x0000000706c00000, 0x0000000706e00000, 0x0000000706e00000|100%| O|  |TAMS 0x0000000706e00000, 0x0000000706c00000| Untracked 
|  55|0x0000000706e00000, 0x0000000707000000, 0x0000000707000000|100%| O|  |TAMS 0x0000000707000000, 0x0000000706e00000| Untracked 
|  56|0x0000000707000000, 0x0000000707200000, 0x0000000707200000|100%| O|  |TAMS 0x0000000707200000, 0x0000000707000000| Untracked 
|  57|0x0000000707200000, 0x0000000707400000, 0x0000000707400000|100%| O|  |TAMS 0x0000000707400000, 0x0000000707200000| Untracked 
|  58|0x0000000707400000, 0x0000000707600000, 0x0000000707600000|100%| O|  |TAMS 0x000000070754c400, 0x0000000707400000| Untracked 
|  59|0x0000000707600000, 0x0000000707800000, 0x0000000707800000|100%| O|  |TAMS 0x0000000707600000, 0x0000000707600000| Untracked 
|  60|0x0000000707800000, 0x0000000707a00000, 0x0000000707a00000|100%| O|  |TAMS 0x0000000707800000, 0x0000000707800000| Untracked 
|  61|0x0000000707a00000, 0x0000000707c00000, 0x0000000707c00000|100%| O|  |TAMS 0x0000000707a00000, 0x0000000707a00000| Untracked 
|  62|0x0000000707c00000, 0x0000000707e00000, 0x0000000707e00000|100%| O|  |TAMS 0x0000000707c00000, 0x0000000707c00000| Untracked 
|  63|0x0000000707e00000, 0x0000000708000000, 0x0000000708000000|100%| O|  |TAMS 0x0000000707e00000, 0x0000000707e00000| Untracked 
|  64|0x0000000708000000, 0x00000007081cba00, 0x0000000708200000| 89%| O|  |TAMS 0x0000000708000000, 0x0000000708000000| Untracked 
|  65|0x0000000708200000, 0x0000000708200000, 0x0000000708400000|  0%| F|  |TAMS 0x0000000708200000, 0x0000000708200000| Untracked 
|  66|0x0000000708400000, 0x0000000708400000, 0x0000000708600000|  0%| F|  |TAMS 0x0000000708400000, 0x0000000708400000| Untracked 
|  67|0x0000000708600000, 0x0000000708600000, 0x0000000708800000|  0%| F|  |TAMS 0x0000000708600000, 0x0000000708600000| Untracked 
|  68|0x0000000708800000, 0x0000000708800000, 0x0000000708a00000|  0%| F|  |TAMS 0x0000000708800000, 0x0000000708800000| Untracked 
|  69|0x0000000708a00000, 0x0000000708a00000, 0x0000000708c00000|  0%| F|  |TAMS 0x0000000708a00000, 0x0000000708a00000| Untracked 
|  70|0x0000000708c00000, 0x0000000708c00000, 0x0000000708e00000|  0%| F|  |TAMS 0x0000000708c00000, 0x0000000708c00000| Untracked 
|  71|0x0000000708e00000, 0x0000000708e00000, 0x0000000709000000|  0%| F|  |TAMS 0x0000000708e00000, 0x0000000708e00000| Untracked 
|  72|0x0000000709000000, 0x0000000709000000, 0x0000000709200000|  0%| F|  |TAMS 0x0000000709000000, 0x0000000709000000| Untracked 
|  73|0x0000000709200000, 0x0000000709200000, 0x0000000709400000|  0%| F|  |TAMS 0x0000000709200000, 0x0000000709200000| Untracked 
|  74|0x0000000709400000, 0x0000000709400000, 0x0000000709600000|  0%| F|  |TAMS 0x0000000709400000, 0x0000000709400000| Untracked 
|  75|0x0000000709600000, 0x0000000709600000, 0x0000000709800000|  0%| F|  |TAMS 0x0000000709600000, 0x0000000709600000| Untracked 
|  76|0x0000000709800000, 0x0000000709800000, 0x0000000709a00000|  0%| F|  |TAMS 0x0000000709800000, 0x0000000709800000| Untracked 
|  77|0x0000000709a00000, 0x0000000709a00000, 0x0000000709c00000|  0%| F|  |TAMS 0x0000000709a00000, 0x0000000709a00000| Untracked 
|  78|0x0000000709c00000, 0x0000000709c00000, 0x0000000709e00000|  0%| F|  |TAMS 0x0000000709c00000, 0x0000000709c00000| Untracked 
|  79|0x0000000709e00000, 0x0000000709e00000, 0x000000070a000000|  0%| F|  |TAMS 0x0000000709e00000, 0x0000000709e00000| Untracked 
|  80|0x000000070a000000, 0x000000070a000000, 0x000000070a200000|  0%| F|  |TAMS 0x000000070a000000, 0x000000070a000000| Untracked 
|  81|0x000000070a200000, 0x000000070a200000, 0x000000070a400000|  0%| F|  |TAMS 0x000000070a200000, 0x000000070a200000| Untracked 
|  82|0x000000070a400000, 0x000000070a400000, 0x000000070a600000|  0%| F|  |TAMS 0x000000070a400000, 0x000000070a400000| Untracked 
|  83|0x000000070a600000, 0x000000070a600000, 0x000000070a800000|  0%| F|  |TAMS 0x000000070a600000, 0x000000070a600000| Untracked 
|  84|0x000000070a800000, 0x000000070a800000, 0x000000070aa00000|  0%| F|  |TAMS 0x000000070a800000, 0x000000070a800000| Untracked 
|  85|0x000000070aa00000, 0x000000070aa00000, 0x000000070ac00000|  0%| F|  |TAMS 0x000000070aa00000, 0x000000070aa00000| Untracked 
|  86|0x000000070ac00000, 0x000000070ac00000, 0x000000070ae00000|  0%| F|  |TAMS 0x000000070ac00000, 0x000000070ac00000| Untracked 
|  87|0x000000070ae00000, 0x000000070ae00000, 0x000000070b000000|  0%| F|  |TAMS 0x000000070ae00000, 0x000000070ae00000| Untracked 
|  88|0x000000070b000000, 0x000000070b000000, 0x000000070b200000|  0%| F|  |TAMS 0x000000070b000000, 0x000000070b000000| Untracked 
|  89|0x000000070b200000, 0x000000070b200000, 0x000000070b400000|  0%| F|  |TAMS 0x000000070b200000, 0x000000070b200000| Untracked 
|  90|0x000000070b400000, 0x000000070b400000, 0x000000070b600000|  0%| F|  |TAMS 0x000000070b400000, 0x000000070b400000| Untracked 
|  91|0x000000070b600000, 0x000000070b600000, 0x000000070b800000|  0%| F|  |TAMS 0x000000070b600000, 0x000000070b600000| Untracked 
|  92|0x000000070b800000, 0x000000070b800000, 0x000000070ba00000|  0%| F|  |TAMS 0x000000070b800000, 0x000000070b800000| Untracked 
|  93|0x000000070ba00000, 0x000000070ba50740, 0x000000070bc00000| 15%| S|CS|TAMS 0x000000070ba00000, 0x000000070ba00000| Complete 
|  94|0x000000070bc00000, 0x000000070be00000, 0x000000070be00000|100%| S|CS|TAMS 0x000000070bc00000, 0x000000070bc00000| Complete 
|  95|0x000000070be00000, 0x000000070c000000, 0x000000070c000000|100%| S|CS|TAMS 0x000000070be00000, 0x000000070be00000| Complete 
|  96|0x000000070c000000, 0x000000070c200000, 0x000000070c200000|100%| S|CS|TAMS 0x000000070c000000, 0x000000070c000000| Complete 
|  97|0x000000070c200000, 0x000000070c400000, 0x000000070c400000|100%| S|CS|TAMS 0x000000070c200000, 0x000000070c200000| Complete 
|  98|0x000000070c400000, 0x000000070c600000, 0x000000070c600000|100%| S|CS|TAMS 0x000000070c400000, 0x000000070c400000| Complete 
|  99|0x000000070c600000, 0x000000070c800000, 0x000000070c800000|100%| S|CS|TAMS 0x000000070c600000, 0x000000070c600000| Complete 
| 100|0x000000070c800000, 0x000000070ca00000, 0x000000070ca00000|100%| S|CS|TAMS 0x000000070c800000, 0x000000070c800000| Complete 
| 101|0x000000070ca00000, 0x000000070cc00000, 0x000000070cc00000|100%| S|CS|TAMS 0x000000070ca00000, 0x000000070ca00000| Complete 
| 102|0x000000070cc00000, 0x000000070cc00000, 0x000000070ce00000|  0%| F|  |TAMS 0x000000070cc00000, 0x000000070cc00000| Untracked 
| 103|0x000000070ce00000, 0x000000070ce00000, 0x000000070d000000|  0%| F|  |TAMS 0x000000070ce00000, 0x000000070ce00000| Untracked 
| 104|0x000000070d000000, 0x000000070d000000, 0x000000070d200000|  0%| F|  |TAMS 0x000000070d000000, 0x000000070d000000| Untracked 
| 105|0x000000070d200000, 0x000000070d200000, 0x000000070d400000|  0%| F|  |TAMS 0x000000070d200000, 0x000000070d200000| Untracked 
| 106|0x000000070d400000, 0x000000070d400000, 0x000000070d600000|  0%| F|  |TAMS 0x000000070d400000, 0x000000070d400000| Untracked 
| 107|0x000000070d600000, 0x000000070d600000, 0x000000070d800000|  0%| F|  |TAMS 0x000000070d600000, 0x000000070d600000| Untracked 
| 108|0x000000070d800000, 0x000000070d800000, 0x000000070da00000|  0%| F|  |TAMS 0x000000070d800000, 0x000000070d800000| Untracked 
| 109|0x000000070da00000, 0x000000070da00000, 0x000000070dc00000|  0%| F|  |TAMS 0x000000070da00000, 0x000000070da00000| Untracked 
| 110|0x000000070dc00000, 0x000000070dc00000, 0x000000070de00000|  0%| F|  |TAMS 0x000000070dc00000, 0x000000070dc00000| Untracked 
| 111|0x000000070de00000, 0x000000070de00000, 0x000000070e000000|  0%| F|  |TAMS 0x000000070de00000, 0x000000070de00000| Untracked 
| 112|0x000000070e000000, 0x000000070e000000, 0x000000070e200000|  0%| F|  |TAMS 0x000000070e000000, 0x000000070e000000| Untracked 
| 113|0x000000070e200000, 0x000000070e200000, 0x000000070e400000|  0%| F|  |TAMS 0x000000070e200000, 0x000000070e200000| Untracked 
| 114|0x000000070e400000, 0x000000070e400000, 0x000000070e600000|  0%| F|  |TAMS 0x000000070e400000, 0x000000070e400000| Untracked 
| 115|0x000000070e600000, 0x000000070e600000, 0x000000070e800000|  0%| F|  |TAMS 0x000000070e600000, 0x000000070e600000| Untracked 
| 116|0x000000070e800000, 0x000000070e800000, 0x000000070ea00000|  0%| F|  |TAMS 0x000000070e800000, 0x000000070e800000| Untracked 
| 117|0x000000070ea00000, 0x000000070ea00000, 0x000000070ec00000|  0%| F|  |TAMS 0x000000070ea00000, 0x000000070ea00000| Untracked 
| 118|0x000000070ec00000, 0x000000070ec00000, 0x000000070ee00000|  0%| F|  |TAMS 0x000000070ec00000, 0x000000070ec00000| Untracked 
| 119|0x000000070ee00000, 0x000000070ee00000, 0x000000070f000000|  0%| F|  |TAMS 0x000000070ee00000, 0x000000070ee00000| Untracked 
| 120|0x000000070f000000, 0x000000070f000000, 0x000000070f200000|  0%| F|  |TAMS 0x000000070f000000, 0x000000070f000000| Untracked 
| 121|0x000000070f200000, 0x000000070f200000, 0x000000070f400000|  0%| F|  |TAMS 0x000000070f200000, 0x000000070f200000| Untracked 
| 122|0x000000070f400000, 0x000000070f400000, 0x000000070f600000|  0%| F|  |TAMS 0x000000070f400000, 0x000000070f400000| Untracked 
| 123|0x000000070f600000, 0x000000070f600000, 0x000000070f800000|  0%| F|  |TAMS 0x000000070f600000, 0x000000070f600000| Untracked 
| 124|0x000000070f800000, 0x000000070f800000, 0x000000070fa00000|  0%| F|  |TAMS 0x000000070f800000, 0x000000070f800000| Untracked 
| 125|0x000000070fa00000, 0x000000070fa00000, 0x000000070fc00000|  0%| F|  |TAMS 0x000000070fa00000, 0x000000070fa00000| Untracked 
| 126|0x000000070fc00000, 0x000000070fc00000, 0x000000070fe00000|  0%| F|  |TAMS 0x000000070fc00000, 0x000000070fc00000| Untracked 
| 127|0x000000070fe00000, 0x000000070fe00000, 0x0000000710000000|  0%| F|  |TAMS 0x000000070fe00000, 0x000000070fe00000| Untracked 
| 128|0x0000000710000000, 0x0000000710000000, 0x0000000710200000|  0%| F|  |TAMS 0x0000000710000000, 0x0000000710000000| Untracked 
| 129|0x0000000710200000, 0x0000000710200000, 0x0000000710400000|  0%| F|  |TAMS 0x0000000710200000, 0x0000000710200000| Untracked 
| 130|0x0000000710400000, 0x0000000710400000, 0x0000000710600000|  0%| F|  |TAMS 0x0000000710400000, 0x0000000710400000| Untracked 
| 131|0x0000000710600000, 0x0000000710600000, 0x0000000710800000|  0%| F|  |TAMS 0x0000000710600000, 0x0000000710600000| Untracked 
| 132|0x0000000710800000, 0x0000000710800000, 0x0000000710a00000|  0%| F|  |TAMS 0x0000000710800000, 0x0000000710800000| Untracked 
| 133|0x0000000710a00000, 0x0000000710a00000, 0x0000000710c00000|  0%| F|  |TAMS 0x0000000710a00000, 0x0000000710a00000| Untracked 
| 134|0x0000000710c00000, 0x0000000710c00000, 0x0000000710e00000|  0%| F|  |TAMS 0x0000000710c00000, 0x0000000710c00000| Untracked 
| 135|0x0000000710e00000, 0x0000000710e00000, 0x0000000711000000|  0%| F|  |TAMS 0x0000000710e00000, 0x0000000710e00000| Untracked 
| 136|0x0000000711000000, 0x0000000711000000, 0x0000000711200000|  0%| F|  |TAMS 0x0000000711000000, 0x0000000711000000| Untracked 
| 137|0x0000000711200000, 0x0000000711200000, 0x0000000711400000|  0%| F|  |TAMS 0x0000000711200000, 0x0000000711200000| Untracked 
| 138|0x0000000711400000, 0x0000000711400000, 0x0000000711600000|  0%| F|  |TAMS 0x0000000711400000, 0x0000000711400000| Untracked 
| 139|0x0000000711600000, 0x0000000711600000, 0x0000000711800000|  0%| F|  |TAMS 0x0000000711600000, 0x0000000711600000| Untracked 
| 140|0x0000000711800000, 0x0000000711800000, 0x0000000711a00000|  0%| F|  |TAMS 0x0000000711800000, 0x0000000711800000| Untracked 
| 141|0x0000000711a00000, 0x0000000711a00000, 0x0000000711c00000|  0%| F|  |TAMS 0x0000000711a00000, 0x0000000711a00000| Untracked 
| 142|0x0000000711c00000, 0x0000000711c00000, 0x0000000711e00000|  0%| F|  |TAMS 0x0000000711c00000, 0x0000000711c00000| Untracked 
| 143|0x0000000711e00000, 0x0000000711e00000, 0x0000000712000000|  0%| F|  |TAMS 0x0000000711e00000, 0x0000000711e00000| Untracked 
| 144|0x0000000712000000, 0x0000000712000000, 0x0000000712200000|  0%| F|  |TAMS 0x0000000712000000, 0x0000000712000000| Untracked 
| 145|0x0000000712200000, 0x0000000712200000, 0x0000000712400000|  0%| F|  |TAMS 0x0000000712200000, 0x0000000712200000| Untracked 
| 146|0x0000000712400000, 0x0000000712400000, 0x0000000712600000|  0%| F|  |TAMS 0x0000000712400000, 0x0000000712400000| Untracked 
| 147|0x0000000712600000, 0x0000000712600000, 0x0000000712800000|  0%| F|  |TAMS 0x0000000712600000, 0x0000000712600000| Untracked 
| 148|0x0000000712800000, 0x0000000712800000, 0x0000000712a00000|  0%| F|  |TAMS 0x0000000712800000, 0x0000000712800000| Untracked 
| 149|0x0000000712a00000, 0x0000000712a00000, 0x0000000712c00000|  0%| F|  |TAMS 0x0000000712a00000, 0x0000000712a00000| Untracked 
| 150|0x0000000712c00000, 0x0000000712c00000, 0x0000000712e00000|  0%| F|  |TAMS 0x0000000712c00000, 0x0000000712c00000| Untracked 
| 151|0x0000000712e00000, 0x0000000712e00000, 0x0000000713000000|  0%| F|  |TAMS 0x0000000712e00000, 0x0000000712e00000| Untracked 
| 152|0x0000000713000000, 0x0000000713000000, 0x0000000713200000|  0%| F|  |TAMS 0x0000000713000000, 0x0000000713000000| Untracked 
| 153|0x0000000713200000, 0x0000000713200000, 0x0000000713400000|  0%| F|  |TAMS 0x0000000713200000, 0x0000000713200000| Untracked 
| 154|0x0000000713400000, 0x0000000713400000, 0x0000000713600000|  0%| F|  |TAMS 0x0000000713400000, 0x0000000713400000| Untracked 
| 155|0x0000000713600000, 0x0000000713600000, 0x0000000713800000|  0%| F|  |TAMS 0x0000000713600000, 0x0000000713600000| Untracked 
| 156|0x0000000713800000, 0x0000000713800000, 0x0000000713a00000|  0%| F|  |TAMS 0x0000000713800000, 0x0000000713800000| Untracked 
| 157|0x0000000713a00000, 0x0000000713a00000, 0x0000000713c00000|  0%| F|  |TAMS 0x0000000713a00000, 0x0000000713a00000| Untracked 
| 158|0x0000000713c00000, 0x0000000713c00000, 0x0000000713e00000|  0%| F|  |TAMS 0x0000000713c00000, 0x0000000713c00000| Untracked 
| 159|0x0000000713e00000, 0x0000000713e00000, 0x0000000714000000|  0%| F|  |TAMS 0x0000000713e00000, 0x0000000713e00000| Untracked 
| 160|0x0000000714000000, 0x0000000714000000, 0x0000000714200000|  0%| F|  |TAMS 0x0000000714000000, 0x0000000714000000| Untracked 
| 161|0x0000000714200000, 0x0000000714200000, 0x0000000714400000|  0%| F|  |TAMS 0x0000000714200000, 0x0000000714200000| Untracked 
| 162|0x0000000714400000, 0x0000000714400000, 0x0000000714600000|  0%| F|  |TAMS 0x0000000714400000, 0x0000000714400000| Untracked 
| 163|0x0000000714600000, 0x0000000714600000, 0x0000000714800000|  0%| F|  |TAMS 0x0000000714600000, 0x0000000714600000| Untracked 
| 164|0x0000000714800000, 0x0000000714800000, 0x0000000714a00000|  0%| F|  |TAMS 0x0000000714800000, 0x0000000714800000| Untracked 
| 165|0x0000000714a00000, 0x0000000714a00000, 0x0000000714c00000|  0%| F|  |TAMS 0x0000000714a00000, 0x0000000714a00000| Untracked 
| 166|0x0000000714c00000, 0x0000000714c00000, 0x0000000714e00000|  0%| F|  |TAMS 0x0000000714c00000, 0x0000000714c00000| Untracked 
| 167|0x0000000714e00000, 0x0000000714e00000, 0x0000000715000000|  0%| F|  |TAMS 0x0000000714e00000, 0x0000000714e00000| Untracked 
| 168|0x0000000715000000, 0x0000000715000000, 0x0000000715200000|  0%| F|  |TAMS 0x0000000715000000, 0x0000000715000000| Untracked 
| 169|0x0000000715200000, 0x0000000715200000, 0x0000000715400000|  0%| F|  |TAMS 0x0000000715200000, 0x0000000715200000| Untracked 
| 170|0x0000000715400000, 0x0000000715400000, 0x0000000715600000|  0%| F|  |TAMS 0x0000000715400000, 0x0000000715400000| Untracked 
| 171|0x0000000715600000, 0x0000000715600000, 0x0000000715800000|  0%| F|  |TAMS 0x0000000715600000, 0x0000000715600000| Untracked 
| 172|0x0000000715800000, 0x0000000715800000, 0x0000000715a00000|  0%| F|  |TAMS 0x0000000715800000, 0x0000000715800000| Untracked 
| 173|0x0000000715a00000, 0x0000000715a00000, 0x0000000715c00000|  0%| F|  |TAMS 0x0000000715a00000, 0x0000000715a00000| Untracked 
| 174|0x0000000715c00000, 0x0000000715c00000, 0x0000000715e00000|  0%| F|  |TAMS 0x0000000715c00000, 0x0000000715c00000| Untracked 
| 175|0x0000000715e00000, 0x0000000715e00000, 0x0000000716000000|  0%| F|  |TAMS 0x0000000715e00000, 0x0000000715e00000| Untracked 
| 176|0x0000000716000000, 0x0000000716000000, 0x0000000716200000|  0%| F|  |TAMS 0x0000000716000000, 0x0000000716000000| Untracked 
| 177|0x0000000716200000, 0x0000000716200000, 0x0000000716400000|  0%| F|  |TAMS 0x0000000716200000, 0x0000000716200000| Untracked 
| 178|0x0000000716400000, 0x0000000716400000, 0x0000000716600000|  0%| F|  |TAMS 0x0000000716400000, 0x0000000716400000| Untracked 
| 179|0x0000000716600000, 0x0000000716600000, 0x0000000716800000|  0%| F|  |TAMS 0x0000000716600000, 0x0000000716600000| Untracked 
| 180|0x0000000716800000, 0x0000000716800000, 0x0000000716a00000|  0%| F|  |TAMS 0x0000000716800000, 0x0000000716800000| Untracked 
| 181|0x0000000716a00000, 0x0000000716a00000, 0x0000000716c00000|  0%| F|  |TAMS 0x0000000716a00000, 0x0000000716a00000| Untracked 

Card table byte_map: [0x00000257f29a0000,0x00000257f31a0000] _byte_map_base: 0x00000257ef1a0000

Marking Bits (Prev, Next): (CMBitMap*) 0x00000257eed4e400, (CMBitMap*) 0x00000257eed4e3c0
 Prev Bits: [0x00000257f79a0000, 0x00000257fb9a0000)
 Next Bits: [0x00000257f39a0000, 0x00000257f79a0000)

Polling page: 0x00000257ecba0000

Metaspace:

Usage:
  Non-class:    100.92 MB used.
      Class:     16.10 MB used.
       Both:    117.01 MB used.

Virtual space:
  Non-class space:      104.00 MB reserved,     101.38 MB ( 97%) committed,  13 nodes.
      Class space:        1.00 GB reserved,      16.50 MB (  2%) committed,  1 nodes.
             Both:        1.10 GB reserved,     117.88 MB ( 10%) committed. 

Chunk freelists:
   Non-Class:  2.31 MB
       Class:  3.48 MB
        Both:  5.80 MB

MaxMetaspaceSize: unlimited
CompressedClassSpaceSize: 1.00 GB
Initial GC threshold: 21.00 MB
Current GC threshold: 176.38 MB
CDS: off
MetaspaceReclaimPolicy: balanced
 - commit_granule_bytes: 65536.
 - commit_granule_words: 8192.
 - virtual_space_node_default_size: 1048576.
 - enlarge_chunks_in_place: 1.
 - new_chunks_are_fully_committed: 0.
 - uncommit_free_chunks: 1.
 - use_allocation_guard: 0.
 - handle_deallocations: 1.


Internal statistics:

num_allocs_failed_limit: 8.
num_arena_births: 1160.
num_arena_deaths: 2.
num_vsnodes_births: 14.
num_vsnodes_deaths: 0.
num_space_committed: 1886.
num_space_uncommitted: 0.
num_chunks_returned_to_freelist: 11.
num_chunks_taken_from_freelist: 5789.
num_chunk_merges: 3.
num_chunk_splits: 3830.
num_chunks_enlarged: 2616.
num_purges: 2.
num_inconsistent_stats: 0.

CodeHeap 'non-profiled nmethods': size=120000Kb used=6866Kb max_used=7064Kb free=113133Kb
 bounds [0x0000025787ad0000, 0x00000257881c0000, 0x000002578f000000]
CodeHeap 'profiled nmethods': size=120000Kb used=29854Kb max_used=29854Kb free=90145Kb
 bounds [0x0000025780000000, 0x0000025781d30000, 0x0000025787530000]
CodeHeap 'non-nmethods': size=5760Kb used=2463Kb max_used=2491Kb free=3296Kb
 bounds [0x0000025787530000, 0x00000257877b0000, 0x0000025787ad0000]
 total_blobs=15681 nmethods=14689 adapters=902
 compilation: enabled
              stopped_count=0, restarted_count=0
 full_count=0

Compilation events (20 events):
Event: 40.642 Thread 0x00000257fe83ce30 nmethod 16959 0x0000025787f2c290 code [0x0000025787f2c420, 0x0000025787f2c4f8]
Event: 40.642 Thread 0x00000257fe83ce30 16961       1       java.lang.invoke.MethodHandle::isInvokeSpecial (2 bytes)
Event: 40.642 Thread 0x00000257fe83ce30 nmethod 16961 0x0000025787f2bf90 code [0x0000025787f2c120, 0x0000025787f2c1f8]
Event: 40.642 Thread 0x00000257fe83ce30 16962       2       com.android.tools.r8.internal.jf::i (4 bytes)
Event: 40.642 Thread 0x00000257fe83ce30 nmethod 16962 0x0000025781d1fb10 code [0x0000025781d1fca0, 0x0000025781d1fdb8]
Event: 40.642 Thread 0x00000257fe83ce30 16963       2       com.android.tools.r8.internal.Rn::G (254 bytes)
Event: 40.643 Thread 0x00000257fe83ce30 nmethod 16963 0x0000025781d1fe90 code [0x0000025781d201c0, 0x0000025781d20d48]
Event: 40.643 Thread 0x00000257fe83ce30 16966       2       com.android.tools.r8.internal.VU::a (540 bytes)
Event: 40.646 Thread 0x00000257fe83ce30 nmethod 16966 0x0000025781d21610 code [0x0000025781d21b00, 0x0000025781d23748]
Event: 40.646 Thread 0x00000257fe83ce30 16970       2       com.android.tools.r8.internal.yd::a (31 bytes)
Event: 40.646 Thread 0x00000257fe83ce30 nmethod 16970 0x0000025781d24990 code [0x0000025781d24b80, 0x0000025781d24f08]
Event: 40.646 Thread 0x00000257fe83ce30 16972       2       com.android.tools.r8.internal.t20::f (73 bytes)
Event: 40.646 Thread 0x00000257fe83ce30 nmethod 16972 0x0000025781d25210 code [0x0000025781d253a0, 0x0000025781d25578]
Event: 40.646 Thread 0x00000257fe83ce30 16971       2       com.android.tools.r8.graph.c::o (11 bytes)
Event: 40.646 Thread 0x00000257fe83ce30 nmethod 16971 0x0000025781d25690 code [0x0000025781d25820, 0x0000025781d25938]
Event: 40.646 Thread 0x00000257fe83ce30 16967       2       com.android.tools.r8.internal.Lu::p (28 bytes)
Event: 40.647 Thread 0x00000257fe83ce30 nmethod 16967 0x0000025781d25a10 code [0x0000025781d25bc0, 0x0000025781d25e28]
Event: 40.647 Thread 0x00000257fe83ce30 16964       2       com.android.tools.r8.internal.VU::a (260 bytes)
Event: 40.648 Thread 0x00000257fe83ce30 nmethod 16964 0x0000025781d25f10 code [0x0000025781d26200, 0x0000025781d26f08]
Event: 40.648 Thread 0x00000257fe83ce30 16977       2       com.android.tools.r8.internal.Ig::a (54 bytes)

GC Heap History (20 events):
Event: 19.431 GC heap after
{Heap after GC invocations=49 (full 0):
 garbage-first heap   total 219136K, used 85877K [0x0000000700000000, 0x0000000800000000)
  region size 2048K, 7 young (14336K), 7 survivors (14336K)
 Metaspace       used 89591K, committed 90304K, reserved 1130496K
  class space    used 12342K, committed 12672K, reserved 1048576K
}
Event: 20.886 GC heap before
{Heap before GC invocations=49 (full 0):
 garbage-first heap   total 219136K, used 165749K [0x0000000700000000, 0x0000000800000000)
  region size 2048K, 46 young (94208K), 7 survivors (14336K)
 Metaspace       used 95961K, committed 96704K, reserved 1138688K
  class space    used 13287K, committed 13632K, reserved 1048576K
}
Event: 20.950 GC heap after
{Heap after GC invocations=50 (full 0):
 garbage-first heap   total 219136K, used 99625K [0x0000000700000000, 0x0000000800000000)
  region size 2048K, 6 young (12288K), 6 survivors (12288K)
 Metaspace       used 95961K, committed 96704K, reserved 1138688K
  class space    used 13287K, committed 13632K, reserved 1048576K
}
Event: 21.626 GC heap before
{Heap before GC invocations=50 (full 0):
 garbage-first heap   total 219136K, used 167209K [0x0000000700000000, 0x0000000800000000)
  region size 2048K, 39 young (79872K), 6 survivors (12288K)
 Metaspace       used 99383K, committed 100160K, reserved 1138688K
  class space    used 13747K, committed 14080K, reserved 1048576K
}
Event: 21.693 GC heap after
{Heap after GC invocations=51 (full 0):
 garbage-first heap   total 219136K, used 109714K [0x0000000700000000, 0x0000000800000000)
  region size 2048K, 4 young (8192K), 4 survivors (8192K)
 Metaspace       used 99383K, committed 100160K, reserved 1138688K
  class space    used 13747K, committed 14080K, reserved 1048576K
}
Event: 34.056 GC heap before
{Heap before GC invocations=51 (full 0):
 garbage-first heap   total 219136K, used 171154K [0x0000000700000000, 0x0000000800000000)
  region size 2048K, 35 young (71680K), 4 survivors (8192K)
 Metaspace       used 100843K, committed 101696K, reserved 1138688K
  class space    used 13966K, committed 14336K, reserved 1048576K
}
Event: 34.090 GC heap after
{Heap after GC invocations=52 (full 0):
 garbage-first heap   total 219136K, used 115264K [0x0000000700000000, 0x0000000800000000)
  region size 2048K, 3 young (6144K), 3 survivors (6144K)
 Metaspace       used 100843K, committed 101696K, reserved 1138688K
  class space    used 13966K, committed 14336K, reserved 1048576K
}
Event: 35.586 GC heap before
{Heap before GC invocations=53 (full 0):
 garbage-first heap   total 219136K, used 174656K [0x0000000700000000, 0x0000000800000000)
  region size 2048K, 33 young (67584K), 3 survivors (6144K)
 Metaspace       used 103027K, committed 103872K, reserved 1138688K
  class space    used 14166K, committed 14528K, reserved 1048576K
}
Event: 35.601 GC heap after
{Heap after GC invocations=54 (full 0):
 garbage-first heap   total 311296K, used 119223K [0x0000000700000000, 0x0000000800000000)
  region size 2048K, 5 young (10240K), 5 survivors (10240K)
 Metaspace       used 103027K, committed 103872K, reserved 1138688K
  class space    used 14166K, committed 14528K, reserved 1048576K
}
Event: 35.629 GC heap before
{Heap before GC invocations=54 (full 0):
 garbage-first heap   total 311296K, used 121271K [0x0000000700000000, 0x0000000800000000)
  region size 2048K, 7 young (14336K), 5 survivors (10240K)
 Metaspace       used 103035K, committed 103872K, reserved 1138688K
  class space    used 14166K, committed 14528K, reserved 1048576K
}
Event: 35.642 GC heap after
{Heap after GC invocations=55 (full 0):
 garbage-first heap   total 311296K, used 119643K [0x0000000700000000, 0x0000000800000000)
  region size 2048K, 1 young (2048K), 1 survivors (2048K)
 Metaspace       used 103035K, committed 103872K, reserved 1138688K
  class space    used 14166K, committed 14528K, reserved 1048576K
}
Event: 36.472 GC heap before
{Heap before GC invocations=55 (full 0):
 garbage-first heap   total 311296K, used 205659K [0x0000000700000000, 0x0000000800000000)
  region size 2048K, 45 young (92160K), 1 survivors (2048K)
 Metaspace       used 106333K, committed 107200K, reserved 1146880K
  class space    used 14588K, committed 14976K, reserved 1048576K
}
Event: 36.480 GC heap after
{Heap after GC invocations=56 (full 0):
 garbage-first heap   total 311296K, used 122161K [0x0000000700000000, 0x0000000800000000)
  region size 2048K, 2 young (4096K), 2 survivors (4096K)
 Metaspace       used 106333K, committed 107200K, reserved 1146880K
  class space    used 14588K, committed 14976K, reserved 1048576K
}
Event: 36.607 GC heap before
{Heap before GC invocations=56 (full 0):
 garbage-first heap   total 311296K, used 171313K [0x0000000700000000, 0x0000000800000000)
  region size 2048K, 8 young (16384K), 2 survivors (4096K)
 Metaspace       used 106994K, committed 107840K, reserved 1146880K
  class space    used 14711K, committed 15104K, reserved 1048576K
}
Event: 36.613 GC heap after
{Heap after GC invocations=57 (full 0):
 garbage-first heap   total 311296K, used 161415K [0x0000000700000000, 0x0000000800000000)
  region size 2048K, 3 young (6144K), 3 survivors (6144K)
 Metaspace       used 106994K, committed 107840K, reserved 1146880K
  class space    used 14711K, committed 15104K, reserved 1048576K
}
Event: 38.885 GC heap before
{Heap before GC invocations=58 (full 0):
 garbage-first heap   total 372736K, used 288391K [0x0000000700000000, 0x0000000800000000)
  region size 2048K, 46 young (94208K), 3 survivors (6144K)
 Metaspace       used 117355K, committed 118208K, reserved 1155072K
  class space    used 16309K, committed 16704K, reserved 1048576K
}
Event: 39.289 GC heap after
{Heap after GC invocations=59 (full 0):
 garbage-first heap   total 372736K, used 132470K [0x0000000700000000, 0x0000000800000000)
  region size 2048K, 6 young (12288K), 6 survivors (12288K)
 Metaspace       used 117355K, committed 118208K, reserved 1155072K
  class space    used 16309K, committed 16704K, reserved 1048576K
}
Event: 39.371 GC heap before
{Heap before GC invocations=59 (full 0):
 garbage-first heap   total 372736K, used 138614K [0x0000000700000000, 0x0000000800000000)
  region size 2048K, 9 young (18432K), 6 survivors (12288K)
 Metaspace       used 117364K, committed 118272K, reserved 1155072K
  class space    used 16309K, committed 16704K, reserved 1048576K
}
Event: 39.529 GC heap after
{Heap after GC invocations=60 (full 0):
 garbage-first heap   total 372736K, used 133402K [0x0000000700000000, 0x0000000800000000)
  region size 2048K, 2 young (4096K), 2 survivors (4096K)
 Metaspace       used 117364K, committed 118272K, reserved 1155072K
  class space    used 16309K, committed 16704K, reserved 1048576K
}
Event: 40.649 GC heap before
{Heap before GC invocations=60 (full 0):
 garbage-first heap   total 372736K, used 293146K [0x0000000700000000, 0x0000000800000000)
  region size 2048K, 80 young (163840K), 2 survivors (4096K)
 Metaspace       used 119822K, committed 120704K, reserved 1155072K
  class space    used 16481K, committed 16896K, reserved 1048576K
}

Dll operation events (2 events):
Event: 0.014 Loaded shared library C:\Program Files\Android\Android Studio\jbr\bin\java.dll
Event: 0.377 Loaded shared library C:\Program Files\Android\Android Studio\jbr\bin\verify.dll

Deoptimization events (20 events):
Event: 40.369 Thread 0x00000257914d7dd0 DEOPT PACKING pc=0x0000025787da69a0 sp=0x000000901a4f96a0
Event: 40.369 Thread 0x00000257914d7dd0 DEOPT UNPACKING pc=0x000002578758a1a3 sp=0x000000901a4f95b0 mode 2
Event: 40.409 Thread 0x00000257917a7ed0 DEOPT PACKING pc=0x0000025781b4d5c6 sp=0x000000901b7f97a0
Event: 40.409 Thread 0x00000257917a7ed0 DEOPT UNPACKING pc=0x000002578758ace3 sp=0x000000901b7f8c18 mode 0
Event: 40.433 Thread 0x00000257914d7430 Uncommon trap: trap_request=0xffffff45 fr.pc=0x0000025788041e70 relative=0x0000000000000070
Event: 40.433 Thread 0x00000257914d7430 Uncommon trap: reason=unstable_if action=reinterpret pc=0x0000025788041e70 method=com.android.tools.r8.internal.Ef.a(C)Z @ 21 c2
Event: 40.434 Thread 0x00000257914d7430 DEOPT PACKING pc=0x0000025788041e70 sp=0x000000901a3f6700
Event: 40.434 Thread 0x00000257914d7430 DEOPT UNPACKING pc=0x000002578758a1a3 sp=0x000000901a3f6690 mode 2
Event: 40.438 Thread 0x00000257914d7430 Uncommon trap: trap_request=0xffffff45 fr.pc=0x0000025788042234 relative=0x0000000000000114
Event: 40.438 Thread 0x00000257914d7430 Uncommon trap: reason=unstable_if action=reinterpret pc=0x0000025788042234 method=com.android.tools.r8.internal.Ef.a(C)Z @ 21 c2
Event: 40.438 Thread 0x00000257914d7430 DEOPT PACKING pc=0x0000025788042234 sp=0x000000901a3f6c00
Event: 40.438 Thread 0x00000257914d7430 DEOPT UNPACKING pc=0x000002578758a1a3 sp=0x000000901a3f6ad0 mode 2
Event: 40.501 Thread 0x00000257917a7ed0 DEOPT PACKING pc=0x0000025781abebc8 sp=0x000000901b7f9820
Event: 40.501 Thread 0x00000257917a7ed0 DEOPT UNPACKING pc=0x000002578758ace3 sp=0x000000901b7f8f40 mode 0
Event: 40.515 Thread 0x00000257914d7dd0 DEOPT PACKING pc=0x0000025781a17625 sp=0x000000901a4f9320
Event: 40.515 Thread 0x00000257914d7dd0 DEOPT UNPACKING pc=0x000002578758ace3 sp=0x000000901a4f8b60 mode 0
Event: 40.571 Thread 0x00000257917a7ed0 DEOPT PACKING pc=0x0000025781bfabc4 sp=0x000000901b7f9a40
Event: 40.571 Thread 0x00000257914d7dd0 DEOPT PACKING pc=0x0000025781bfabc4 sp=0x000000901a4f9640
Event: 40.571 Thread 0x00000257914d7dd0 DEOPT UNPACKING pc=0x000002578758ace3 sp=0x000000901a4f8da0 mode 0
Event: 40.571 Thread 0x00000257917a7ed0 DEOPT UNPACKING pc=0x000002578758ace3 sp=0x000000901b7f91a0 mode 0

Classes unloaded (1 events):
Event: 36.790 Thread 0x00000257fde828a0 Unloading class 0x0000000800e08000 'java/lang/invoke/LambdaForm$DMH+0x0000000800e08000'

Classes redefined (0 events):
No events

Internal exceptions (20 events):
Event: 37.706 Thread 0x00000257914d7430 Exception <a 'java/lang/IncompatibleClassChangeError'{0x00000007156bb758}: Found class java.lang.Object, but interface was expected> (0x00000007156bb758) 
thrown [s\src\hotspot\share\interpreter\linkResolver.cpp, line 838]
Event: 37.717 Thread 0x00000257914d7430 Exception <a 'java/lang/NoSuchMethodError'{0x0000000715770158}: 'java.lang.Object java.lang.invoke.DirectMethodHandle$Holder.newInvokeSpecial(java.lang.Object, java.lang.Object, int, java.lang.Object, java.lang.Object)'> (0x0000000715770158) 
thrown [s\src\hotspot\share\interpreter\linkResolver.cpp, line 771]
Event: 37.717 Thread 0x00000257914d7430 Exception <a 'java/lang/NoSuchMethodError'{0x0000000715775370}: 'java.lang.Object java.lang.invoke.Invokers$Holder.linkToTargetMethod(java.lang.Object, int, java.lang.Object, java.lang.Object, java.lang.Object)'> (0x0000000715775370) 
thrown [s\src\hotspot\share\interpreter\linkResolver.cpp, line 771]
Event: 37.905 Thread 0x00000257914d7430 Exception <a 'java/lang/NoSuchMethodError'{0x0000000714d1beb0}: 'void java.lang.invoke.DirectMethodHandle$Holder.invokeStatic(java.lang.Object, java.lang.Object, java.lang.Object, int)'> (0x0000000714d1beb0) 
thrown [s\src\hotspot\share\interpreter\linkResolver.cpp, line 771]
Event: 37.905 Thread 0x00000257914d7dd0 Exception <a 'java/lang/NoSuchMethodError'{0x0000000714c3d488}: 'void java.lang.invoke.DirectMethodHandle$Holder.invokeStatic(java.lang.Object, java.lang.Object, java.lang.Object, int)'> (0x0000000714c3d488) 
thrown [s\src\hotspot\share\interpreter\linkResolver.cpp, line 771]
Event: 37.906 Thread 0x00000257914d7dd0 Exception <a 'java/lang/IncompatibleClassChangeError'{0x0000000714d299e0}: Found class java.lang.Object, but interface was expected> (0x0000000714d299e0) 
thrown [s\src\hotspot\share\interpreter\linkResolver.cpp, line 838]
Event: 37.906 Thread 0x00000257914d7430 Exception <a 'java/lang/IncompatibleClassChangeError'{0x0000000714d32460}: Found class java.lang.Object, but interface was expected> (0x0000000714d32460) 
thrown [s\src\hotspot\share\interpreter\linkResolver.cpp, line 838]
Event: 38.098 Thread 0x00000257914d7dd0 Exception <a 'java/lang/NoSuchMethodError'{0x00000007144cadd8}: 'java.lang.Object java.lang.invoke.DirectMethodHandle$Holder.invokeStatic(java.lang.Object, int, java.lang.Object, java.lang.Object)'> (0x00000007144cadd8) 
thrown [s\src\hotspot\share\interpreter\linkResolver.cpp, line 771]
Event: 38.304 Thread 0x00000257914d7dd0 Exception <a 'java/lang/IncompatibleClassChangeError'{0x0000000713dee908}: Found class java.lang.Object, but interface was expected> (0x0000000713dee908) 
thrown [s\src\hotspot\share\interpreter\linkResolver.cpp, line 838]
Event: 38.305 Thread 0x00000257914d7dd0 Exception <a 'java/lang/IncompatibleClassChangeError'{0x0000000713df7880}: Found class java.lang.Object, but interface was expected> (0x0000000713df7880) 
thrown [s\src\hotspot\share\interpreter\linkResolver.cpp, line 838]
Event: 38.372 Thread 0x00000257914d7430 Exception <a 'java/lang/NoSuchMethodError'{0x000000071393b440}: 'void java.lang.invoke.DirectMethodHandle$Holder.invokeSpecial(java.lang.Object, java.lang.Object, int, java.lang.Object)'> (0x000000071393b440) 
thrown [s\src\hotspot\share\interpreter\linkResolver.cpp, line 771]
Event: 38.464 Thread 0x00000257914d7dd0 Exception <a 'java/lang/NoSuchMethodError'{0x000000071355a578}: 'int java.lang.invoke.DirectMethodHandle$Holder.invokeSpecial(java.lang.Object, java.lang.Object, java.lang.Object, int)'> (0x000000071355a578) 
thrown [s\src\hotspot\share\interpreter\linkResolver.cpp, line 771]
Event: 38.498 Thread 0x00000257914d7430 Exception <a 'java/lang/NoSuchMethodError'{0x00000007132cb598}: 'long java.lang.invoke.DirectMethodHandle$Holder.invokeStatic(java.lang.Object, java.lang.Object)'> (0x00000007132cb598) 
thrown [s\src\hotspot\share\interpreter\linkResolver.cpp, line 771]
Event: 38.576 Thread 0x00000257914d7dd0 Exception <a 'java/lang/NoSuchMethodError'{0x00000007117789e8}: 'java.lang.Object java.lang.invoke.DirectMethodHandle$Holder.invokeInterface(java.lang.Object, java.lang.Object, int)'> (0x00000007117789e8) 
thrown [s\src\hotspot\share\interpreter\linkResolver.cpp, line 771]
Event: 39.815 Thread 0x00000257917a7ed0 Exception <a 'sun/nio/fs/WindowsException'{0x0000000715950798}> (0x0000000715950798) 
thrown [s\src\hotspot\share\prims\jni.cpp, line 517]
Event: 39.980 Thread 0x00000257914d7dd0 Exception <a 'java/lang/NoSuchMethodError'{0x000000071423d5c8}: 'java.lang.Object java.lang.invoke.DirectMethodHandle$Holder.invokeSpecial(java.lang.Object, java.lang.Object, java.lang.Object, java.lang.Object, java.lang.Object, java.lang.Object, java.lang.Object, java.lang.Object, java.lang.Object, java.lang.Object, java.lang.Object)'> (0x000000071423d5c8) 
thrown [s\src\hotspot\share\interpreter\linkResolver.cpp, line 771]
Event: 39.981 Thread 0x00000257914d7dd0 Exception <a 'java/lang/NoSuchMethodError'{0x0000000714248f50}: 'java.lang.Object java.lang.invoke.DirectMethodHandle$Holder.newInvokeSpecial(java.lang.Object, java.lang.Object, java.lang.Object, java.lang.Object, java.lang.Object, java.lang.Object, java.lang.Object, java.lang.Object, java.lang.Object, java.lang.Object)'> (0x0000000714248f50) 
thrown [s\src\hotspot\share\interpreter\linkResolver.cpp, line 771]
Event: 39.982 Thread 0x00000257914d7dd0 Exception <a 'java/lang/NoSuchMethodError'{0x000000071424e298}: 'java.lang.Object java.lang.invoke.Invokers$Holder.linkToTargetMethod(java.lang.Object, java.lang.Object, java.lang.Object, java.lang.Object, java.lang.Object, java.lang.Object, java.lang.Object, java.lang.Object, java.lang.Object, java.lang.Object)'> (0x000000071424e298) 
thrown [s\src\hotspot\share\interpreter\linkResolver.cpp, line 771]
Event: 39.984 Thread 0x00000257914d7dd0 Exception <a 'java/lang/NoSuchMethodError'{0x0000000714252ca8}: 'int java.lang.invoke.DirectMethodHandle$Holder.invokeSpecial(java.lang.Object, java.lang.Object, int)'> (0x0000000714252ca8) 
thrown [s\src\hotspot\share\interpreter\linkResolver.cpp, line 771]
Event: 40.002 Thread 0x00000257914d7dd0 Exception <a 'java/lang/IncompatibleClassChangeError'{0x0000000713e28408}: Found class java.lang.Object, but interface was expected> (0x0000000713e28408) 
thrown [s\src\hotspot\share\interpreter\linkResolver.cpp, line 838]

VM Operations (20 events):
Event: 39.962 Executing VM operation: HandshakeAllThreads done
Event: 39.964 Executing VM operation: HandshakeAllThreads
Event: 39.964 Executing VM operation: HandshakeAllThreads done
Event: 39.970 Executing VM operation: ICBufferFull
Event: 39.971 Executing VM operation: ICBufferFull done
Event: 40.008 Executing VM operation: HandshakeAllThreads
Event: 40.009 Executing VM operation: HandshakeAllThreads done
Event: 40.083 Executing VM operation: ICBufferFull
Event: 40.083 Executing VM operation: ICBufferFull done
Event: 40.173 Executing VM operation: ICBufferFull
Event: 40.174 Executing VM operation: ICBufferFull done
Event: 40.255 Executing VM operation: ICBufferFull
Event: 40.255 Executing VM operation: ICBufferFull done
Event: 40.264 Executing VM operation: HandshakeAllThreads
Event: 40.265 Executing VM operation: HandshakeAllThreads done
Event: 40.475 Executing VM operation: ICBufferFull
Event: 40.478 Executing VM operation: ICBufferFull done
Event: 40.570 Executing VM operation: HandshakeAllThreads
Event: 40.571 Executing VM operation: HandshakeAllThreads done
Event: 40.648 Executing VM operation: G1CollectForAllocation

Events (20 events):
Event: 38.288 Thread 0x00000257fe845f00 flushing nmethod 0x0000025781857a90
Event: 38.288 Thread 0x00000257fe845f00 flushing nmethod 0x000002578185c410
Event: 38.288 Thread 0x00000257fe845f00 flushing nmethod 0x0000025781862d90
Event: 38.288 Thread 0x00000257fe845f00 flushing nmethod 0x0000025781864410
Event: 38.288 Thread 0x00000257fe845f00 flushing nmethod 0x000002578186c390
Event: 38.288 Thread 0x00000257fe845f00 flushing nmethod 0x0000025781870e90
Event: 38.288 Thread 0x00000257fe845f00 flushing nmethod 0x000002578187ea10
Event: 38.288 Thread 0x00000257fe845f00 flushing nmethod 0x0000025781893a90
Event: 38.455 loading class java/util/PriorityQueue
Event: 38.456 loading class java/util/PriorityQueue done
Event: 38.462 loading class java/util/IdentityHashMap$ValueIterator
Event: 38.462 loading class java/util/IdentityHashMap$ValueIterator done
Event: 38.558 loading class java/util/SortedSet$1
Event: 38.560 loading class java/util/SortedSet$1 done
Event: 38.563 loading class java/util/stream/SliceOps
Event: 38.564 loading class java/util/stream/SliceOps done
Event: 38.564 loading class java/util/stream/SliceOps$1
Event: 38.564 loading class java/util/stream/SliceOps$1 done
Event: 38.566 loading class java/util/stream/SliceOps$1$1
Event: 38.566 loading class java/util/stream/SliceOps$1$1 done


Dynamic libraries:
0x00007ff68f720000 - 0x00007ff68f72a000 	C:\Program Files\Android\Android Studio\jbr\bin\java.exe
0x00007fff4a130000 - 0x00007fff4a347000 	C:\windows\SYSTEM32\ntdll.dll
0x00007fff48bb0000 - 0x00007fff48c74000 	C:\windows\System32\KERNEL32.DLL
0x00007fff47730000 - 0x00007fff47ad7000 	C:\windows\System32\KERNELBASE.dll
0x00007fff47ae0000 - 0x00007fff47bf1000 	C:\windows\System32\ucrtbase.dll
0x00007fff40500000 - 0x00007fff40517000 	C:\Program Files\Android\Android Studio\jbr\bin\jli.dll
0x00007fff487a0000 - 0x00007fff4894e000 	C:\windows\System32\USER32.dll
0x00007fff474f0000 - 0x00007fff47516000 	C:\windows\System32\win32u.dll
0x00007fff48a30000 - 0x00007fff48a59000 	C:\windows\System32\GDI32.dll
0x00007fff47520000 - 0x00007fff47639000 	C:\windows\System32\gdi32full.dll
0x00007fff47450000 - 0x00007fff474ea000 	C:\windows\System32\msvcp_win.dll
0x00007fff40c80000 - 0x00007fff40c9b000 	C:\Program Files\Android\Android Studio\jbr\bin\VCRUNTIME140.dll
0x00007fff28b30000 - 0x00007fff28dc3000 	C:\windows\WinSxS\amd64_microsoft.windows.common-controls_6595b64144ccf1df_6.0.22621.3527_none_270e469b73872a76\COMCTL32.dll
0x00007fff48b00000 - 0x00007fff48ba7000 	C:\windows\System32\msvcrt.dll
0x00007fff4a0b0000 - 0x00007fff4a0e1000 	C:\windows\System32\IMM32.DLL
0x00007fff403c0000 - 0x00007fff403cc000 	C:\Program Files\Android\Android Studio\jbr\bin\vcruntime140_1.dll
0x00007fff0c760000 - 0x00007fff0c7ed000 	C:\Program Files\Android\Android Studio\jbr\bin\msvcp140.dll
0x00007ffefe900000 - 0x00007ffeff56d000 	C:\Program Files\Android\Android Studio\jbr\bin\server\jvm.dll
0x00007fff48020000 - 0x00007fff480d2000 	C:\windows\System32\ADVAPI32.dll
0x00007fff48130000 - 0x00007fff481d8000 	C:\windows\System32\sechost.dll
0x00007fff47700000 - 0x00007fff47728000 	C:\windows\System32\bcrypt.dll
0x00007fff48f00000 - 0x00007fff49015000 	C:\windows\System32\RPCRT4.dll
0x00007fff3fb80000 - 0x00007fff3fb89000 	C:\windows\SYSTEM32\WSOCK32.dll
0x00007fff48a80000 - 0x00007fff48af1000 	C:\windows\System32\WS2_32.dll
0x00007fff42260000 - 0x00007fff42294000 	C:\windows\SYSTEM32\WINMM.dll
0x00007fff422a0000 - 0x00007fff422aa000 	C:\windows\SYSTEM32\VERSION.dll
0x00007fff46470000 - 0x00007fff46488000 	C:\windows\SYSTEM32\kernel.appcore.dll
0x00007fff3fb10000 - 0x00007fff3fb1a000 	C:\Program Files\Android\Android Studio\jbr\bin\jimage.dll
0x00007fff44ca0000 - 0x00007fff44ed2000 	C:\windows\SYSTEM32\DBGHELP.DLL
0x00007fff49020000 - 0x00007fff493a8000 	C:\windows\System32\combase.dll
0x00007fff48950000 - 0x00007fff48a27000 	C:\windows\System32\OLEAUT32.dll
0x00007fff3d380000 - 0x00007fff3d3b2000 	C:\windows\SYSTEM32\dbgcore.DLL
0x00007fff47de0000 - 0x00007fff47e59000 	C:\windows\System32\bcryptPrimitives.dll
0x00007fff3df90000 - 0x00007fff3dfb5000 	C:\Program Files\Android\Android Studio\jbr\bin\java.dll
0x00007fff3edb0000 - 0x00007fff3edc8000 	C:\Program Files\Android\Android Studio\jbr\bin\zip.dll
0x00007fff49510000 - 0x00007fff49d6c000 	C:\windows\System32\SHELL32.dll
0x00007fff45390000 - 0x00007fff45c86000 	C:\windows\SYSTEM32\windows.storage.dll
0x00007fff45250000 - 0x00007fff4538e000 	C:\windows\SYSTEM32\wintypes.dll
0x00007fff49fb0000 - 0x00007fff4a0a5000 	C:\windows\System32\SHCORE.dll
0x00007fff493d0000 - 0x00007fff4942e000 	C:\windows\System32\shlwapi.dll
0x00007fff47380000 - 0x00007fff473a1000 	C:\windows\SYSTEM32\profapi.dll
0x00007fff3d3f0000 - 0x00007fff3d409000 	C:\Program Files\Android\Android Studio\jbr\bin\net.dll
0x00007fff418d0000 - 0x00007fff41a06000 	C:\windows\SYSTEM32\WINHTTP.dll
0x00007fff468e0000 - 0x00007fff46949000 	C:\windows\system32\mswsock.dll
0x00007fff3d3d0000 - 0x00007fff3d3e6000 	C:\Program Files\Android\Android Studio\jbr\bin\nio.dll
0x00007fff3f070000 - 0x00007fff3f080000 	C:\Program Files\Android\Android Studio\jbr\bin\verify.dll
0x00007fff39430000 - 0x00007fff39457000 	C:\Users\HP 14\.gradle\native\c067742578af261105cb4f569cf0c3c89f3d7b1fecec35dd04571415982c5e48\windows-amd64\native-platform.dll
0x00007fff09c90000 - 0x00007fff09dd4000 	C:\Users\HP 14\.gradle\native\38dada09dfb8b06ba9b0570ebf7e218e3eb74d4ef43ca46872605cf95ebc2f47\windows-amd64\native-platform-file-events.dll
0x00007fff3b990000 - 0x00007fff3b999000 	C:\Program Files\Android\Android Studio\jbr\bin\management.dll
0x00007fff3a5a0000 - 0x00007fff3a5ab000 	C:\Program Files\Android\Android Studio\jbr\bin\management_ext.dll
0x00007fff48a60000 - 0x00007fff48a68000 	C:\windows\System32\PSAPI.DLL
0x00007fff46b40000 - 0x00007fff46b5b000 	C:\windows\SYSTEM32\CRYPTSP.dll
0x00007fff463d0000 - 0x00007fff46405000 	C:\windows\system32\rsaenh.dll
0x00007fff469e0000 - 0x00007fff46a08000 	C:\windows\SYSTEM32\USERENV.dll
0x00007fff46b60000 - 0x00007fff46b6c000 	C:\windows\SYSTEM32\CRYPTBASE.dll
0x00007fff45ef0000 - 0x00007fff45f1d000 	C:\windows\SYSTEM32\IPHLPAPI.DLL
0x00007fff48d90000 - 0x00007fff48d99000 	C:\windows\System32\NSI.dll
0x00007fff422b0000 - 0x00007fff422c9000 	C:\windows\SYSTEM32\dhcpcsvc6.DLL
0x00007fff40fe0000 - 0x00007fff40fff000 	C:\windows\SYSTEM32\dhcpcsvc.DLL
0x00007fff45f60000 - 0x00007fff46058000 	C:\windows\SYSTEM32\DNSAPI.dll
0x00007fff394a0000 - 0x00007fff394a8000 	C:\windows\system32\wshunix.dll
0x00007fff374e0000 - 0x00007fff374fe000 	C:\Users\HP 14\AppData\Local\Temp\native-platform6414049024447117751dir\native-platform.dll

dbghelp: loaded successfully - version: 4.0.5 - missing functions: none
symbol engine: initialized successfully - sym options: 0x614 - pdb path: .;C:\Program Files\Android\Android Studio\jbr\bin;C:\windows\SYSTEM32;C:\windows\WinSxS\amd64_microsoft.windows.common-controls_6595b64144ccf1df_6.0.22621.3527_none_270e469b73872a76;C:\Program Files\Android\Android Studio\jbr\bin\server;C:\Users\HP 14\.gradle\native\c067742578af261105cb4f569cf0c3c89f3d7b1fecec35dd04571415982c5e48\windows-amd64;C:\Users\HP 14\.gradle\native\38dada09dfb8b06ba9b0570ebf7e218e3eb74d4ef43ca46872605cf95ebc2f47\windows-amd64;C:\Users\HP 14\AppData\Local\Temp\native-platform6414049024447117751dir

VM Arguments:
jvm_args: --add-opens=java.base/java.util=ALL-UNNAMED --add-opens=java.base/java.lang=ALL-UNNAMED --add-opens=java.base/java.lang.invoke=ALL-UNNAMED --add-opens=java.prefs/java.util.prefs=ALL-UNNAMED --add-opens=java.base/java.nio.charset=ALL-UNNAMED --add-opens=java.base/java.net=ALL-UNNAMED --add-opens=java.base/java.util.concurrent.atomic=ALL-UNNAMED -Xmx4G -Dfile.encoding=windows-1252 -Duser.country=ID -Duser.language=en -Duser.variant 
java_command: org.gradle.launcher.daemon.bootstrap.GradleDaemon 7.6.3
java_class_path (initial): C:\Users\HP 14\.gradle\wrapper\dists\gradle-7.6.3-all\aocdy2d2z8kodnny3rsumj8i8\gradle-7.6.3\lib\gradle-launcher-7.6.3.jar
Launcher Type: SUN_STANDARD

[Global flags]
     intx CICompilerCount                          = 3                                         {product} {ergonomic}
     uint ConcGCThreads                            = 1                                         {product} {ergonomic}
     uint G1ConcRefinementThreads                  = 4                                         {product} {ergonomic}
   size_t G1HeapRegionSize                         = 2097152                                   {product} {ergonomic}
    uintx GCDrainStackTargetSize                   = 64                                        {product} {ergonomic}
   size_t InitialHeapSize                          = 62914560                                  {product} {ergonomic}
   size_t MarkStackSize                            = 4194304                                   {product} {ergonomic}
   size_t MaxHeapSize                              = 4294967296                                {product} {command line}
   size_t MaxNewSize                               = 2575302656                                {product} {ergonomic}
   size_t MinHeapDeltaBytes                        = 2097152                                   {product} {ergonomic}
   size_t MinHeapSize                              = 8388608                                   {product} {ergonomic}
    uintx NonNMethodCodeHeapSize                   = 5832780                                {pd product} {ergonomic}
    uintx NonProfiledCodeHeapSize                  = 122912730                              {pd product} {ergonomic}
    uintx ProfiledCodeHeapSize                     = 122912730                              {pd product} {ergonomic}
    uintx ReservedCodeCacheSize                    = 251658240                              {pd product} {ergonomic}
     bool SegmentedCodeCache                       = true                                      {product} {ergonomic}
   size_t SoftMaxHeapSize                          = 4294967296                             {manageable} {ergonomic}
     bool UseCompressedClassPointers               = true                           {product lp64_product} {ergonomic}
     bool UseCompressedOops                        = true                           {product lp64_product} {ergonomic}
     bool UseG1GC                                  = true                                      {product} {ergonomic}
     bool UseLargePagesIndividualAllocation        = false                                  {pd product} {ergonomic}

Logging:
Log output configuration:
 #0: stdout all=warning uptime,level,tags
 #1: stderr all=off uptime,level,tags

Environment Variables:
JAVA_HOME=C:\Program Files\Android\Android Studio\jbr
CLASSPATH=D:\aplikasi_jasa\android\\gradle\wrapper\gradle-wrapper.jar
PATH=C:\Program Files\Android\Android Studio\jbr\bin;D:\SDK\flutter\bin\;C:\Program Files\Common Files\Oracle\Java\javapath;C:\Program Files (x86)\Common Files\Oracle\Java\javapath;C:\windows\system32;C:\windows;C:\windows\System32\Wbem;C:\windows\System32\WindowsPowerShell\v1.0\;C:\windows\System32\OpenSSH\;C:\xampp\php;C:\xampp2\mysql\bin;C:\xampp2\mysql\bin;D:\SDK\flutter\bin;D:\SDK\android\emulator;D:\SDK\android\cmdline-tools\latest\bin;D:\SDK\android\platform-tools;D:\SDK\android\build-tools;;C:\Program Files\HP\HP One Agent;C:\Program Files\nodejs\;C:\Users\HP 14\AppData\Local\Microsoft\WindowsApps;C:\Users\HP 14\AppData\Local\Programs\Microsoft VS Code\bin;C:\xamppy\mysql\bin;C:\xamppy\php;C:\Users\HP 14\AppData\Roaming\npm;D:\SDK\flutter\bin\mingit\cmd
USERNAME=HP 14
LANG=en_US.UTF-8
OS=Windows_NT
PROCESSOR_IDENTIFIER=Intel64 Family 6 Model 140 Stepping 2, GenuineIntel
TMP=C:\Users\HP14~1\AppData\Local\Temp
TEMP=C:\Users\HP14~1\AppData\Local\Temp



---------------  S Y S T E M  ---------------

OS:
 Windows 11 , 64 bit Build 22621 (10.0.22621.3527)
OS uptime: 1 days 2:17 hours

CPU: total 4 (initial active 4) (2 cores per cpu, 2 threads per core) family 6 model 140 stepping 2 microcode 0x34, cx8, cmov, fxsr, ht, mmx, 3dnowpref, sse, sse2, sse3, ssse3, sse4.1, sse4.2, popcnt, lzcnt, tsc, tscinvbit, avx, avx2, aes, erms, clmul, bmi1, bmi2, adx, avx512f, avx512dq, avx512cd, avx512bw, avx512vl, sha, fma, vzeroupper, avx512_vpopcntdq, avx512_vpclmulqdq, avx512_vaes, avx512_vnni, clflush, clflushopt, clwb, avx512_vbmi2, avx512_vbmi

Memory: 4k page, system-wide physical 3739M (191M free)
TotalPageFile size 15003M (AvailPageFile size 604M)
current process WorkingSet (physical memory assigned to process): 574M, peak: 577M
current process commit charge ("private bytes"): 740M, peak: 1450M

vm_info: OpenJDK 64-Bit Server VM (17.0.6+0-b2043.56-9586694) for windows-amd64 JRE (17.0.6+0-b2043.56-9586694), built on Feb  9 2023 20:06:20 by "androidbuild" with MS VC++ 16.10 / 16.11 (VS2019)

END.
